<?xml version="1.0" encoding="UTF-8"?>
<coverage generated="1776297802267" clover="3.2.0">
  <project timestamp="1776297802267" name="All files">
    <metrics statements="134" coveredstatements="128" conditionals="158" coveredconditionals="128" methods="49" coveredmethods="46" elements="341" coveredelements="302" complexity="0" loc="134" ncloc="134" packages="1" files="1" classes="1"/>
    <file name="filter-modal.tsx" path="C:\Users\hp\Desktop\Work\Assignment\aidSprint-app\admin-aidSprint-app\src\components\dashboard\shared\filters\filter-modal.tsx">
      <metrics statements="134" coveredstatements="128" conditionals="158" coveredconditionals="128" methods="49" coveredmethods="46"/>
      <line num="44" count="1" type="stmt"/>
      <line num="45" count="1" type="stmt"/>
      <line num="48" count="59" type="stmt"/>
      <line num="49" count="59" type="cond" truecount="1" falsecount="1"/>
      <line num="50" count="59" type="stmt"/>
      <line num="57" count="17" type="cond" truecount="2" falsecount="0"/>
      <line num="58" count="17" type="cond" truecount="2" falsecount="0"/>
      <line num="59" count="17" type="cond" truecount="4" falsecount="0"/>
      <line num="60" count="11" type="stmt"/>
      <line num="67" count="17" type="cond" truecount="2" falsecount="0"/>
      <line num="68" count="14" type="cond" truecount="2" falsecount="0"/>
      <line num="69" count="12" type="stmt"/>
      <line num="73" count="203" type="cond" truecount="2" falsecount="0"/>
      <line num="74" count="43" type="stmt"/>
      <line num="77" count="160" type="cond" truecount="2" falsecount="0"/>
      <line num="78" count="52" type="stmt"/>
      <line num="81" count="108" type="stmt"/>
      <line num="85" count="93" type="cond" truecount="2" falsecount="0"/>
      <line num="86" count="23" type="stmt"/>
      <line num="87" count="23" type="stmt"/>
      <line num="88" count="23" type="cond" truecount="4" falsecount="0"/>
      <line num="90" count="14" type="cond" truecount="1" falsecount="1"/>
      <line num="91" count="23" type="cond" truecount="2" falsecount="0"/>
      <line num="92" count="23" type="stmt"/>
      <line num="95" count="70" type="cond" truecount="2" falsecount="0"/>
      <line num="96" count="23" type="stmt"/>
      <line num="97" count="23" type="cond" truecount="2" falsecount="0"/>
      <line num="99" count="11" type="stmt"/>
      <line num="100" count="22" type="cond" truecount="1" falsecount="1"/>
      <line num="105" count="47" type="cond" truecount="2" falsecount="0"/>
      <line num="106" count="23" type="cond" truecount="2" falsecount="0"/>
      <line num="109" count="23" type="cond" truecount="2" falsecount="0"/>
      <line num="110" count="10" type="cond" truecount="1" falsecount="1"/>
      <line num="111" count="10" type="stmt"/>
      <line num="112" count="10" type="cond" truecount="1" falsecount="1"/>
      <line num="116" count="0" type="stmt"/>
      <line num="119" count="24" type="cond" truecount="2" falsecount="0"/>
      <line num="120" count="23" type="stmt"/>
      <line num="121" count="23" type="stmt"/>
      <line num="122" count="23" type="cond" truecount="4" falsecount="0"/>
      <line num="123" count="14" type="stmt"/>
      <line num="124" count="9" type="cond" truecount="1" falsecount="1"/>
      <line num="125" count="23" type="cond" truecount="2" falsecount="0"/>
      <line num="126" count="23" type="stmt"/>
      <line num="129" count="1" type="stmt"/>
      <line num="133" count="30" type="stmt"/>
      <line num="134" count="8" type="cond" truecount="1" falsecount="1"/>
      <line num="135" count="8" type="stmt"/>
      <line num="138" count="30" type="stmt"/>
      <line num="139" count="8" type="cond" truecount="1" falsecount="1"/>
      <line num="141" count="8" type="stmt"/>
      <line num="142" count="9" type="stmt"/>
      <line num="145" count="8" type="stmt"/>
      <line num="146" count="8" type="stmt"/>
      <line num="148" count="8" type="stmt"/>
      <line num="151" count="30" type="stmt"/>
      <line num="163" count="30" type="stmt"/>
      <line num="164" count="30" type="stmt"/>
      <line num="165" count="30" type="stmt"/>
      <line num="166" count="30" type="stmt"/>
      <line num="167" count="30" type="stmt"/>
      <line num="170" count="8" type="stmt"/>
      <line num="171" count="8" type="cond" truecount="1" falsecount="1"/>
      <line num="174" count="30" type="stmt"/>
      <line num="175" count="8" type="cond" truecount="2" falsecount="0"/>
      <line num="179" count="30" type="stmt"/>
      <line num="180" count="18" type="cond" truecount="4" falsecount="0"/>
      <line num="181" count="1" type="stmt"/>
      <line num="182" count="17" type="stmt"/>
      <line num="188" count="30" type="stmt"/>
      <line num="189" count="18" type="cond" truecount="4" falsecount="0"/>
      <line num="190" count="17" type="stmt"/>
      <line num="191" count="17" type="stmt"/>
      <line num="192" count="17" type="cond" truecount="2" falsecount="0"/>
      <line num="195" count="30" type="stmt"/>
      <line num="197" count="18" type="stmt"/>
      <line num="198" count="69" type="stmt"/>
      <line num="204" count="69" type="stmt"/>
      <line num="209" count="30" type="stmt"/>
      <line num="210" count="12" type="cond" truecount="2" falsecount="0"/>
      <line num="211" count="8" type="stmt"/>
      <line num="212" count="8" type="cond" truecount="1" falsecount="1"/>
      <line num="216" count="30" type="stmt"/>
      <line num="218" count="30" type="stmt"/>
      <line num="220" count="30" type="stmt"/>
      <line num="221" count="117" type="cond" truecount="2" falsecount="0"/>
      <line num="223" count="29" type="cond" truecount="2" falsecount="0"/>
      <line num="227" count="29" type="cond" truecount="2" falsecount="0"/>
      <line num="230" count="29" type="cond" truecount="2" falsecount="0"/>
      <line num="234" count="29" type="stmt"/>
      <line num="257" count="1" type="stmt"/>
      <line num="275" count="1" type="stmt"/>
      <line num="292" count="0" type="cond" truecount="0" falsecount="2"/>
      <line num="295" count="0" type="cond" truecount="0" falsecount="2"/>
      <line num="298" count="0" type="stmt"/>
      <line num="343" count="88" type="cond" truecount="2" falsecount="0"/>
      <line num="345" count="29" type="cond" truecount="4" falsecount="0"/>
      <line num="349" count="29" type="stmt"/>
      <line num="357" count="1" type="stmt"/>
      <line num="374" count="58" type="stmt"/>
      <line num="384" count="59" type="cond" truecount="2" falsecount="0"/>
      <line num="385" count="29" type="cond" truecount="2" falsecount="0"/>
      <line num="389" count="29" type="stmt"/>
      <line num="396" count="58" type="stmt"/>
      <line num="398" count="58" type="stmt"/>
      <line num="406" count="1" type="stmt"/>
      <line num="407" count="1" type="cond" truecount="1" falsecount="1"/>
      <line num="410" count="1" type="cond" truecount="1" falsecount="1"/>
      <line num="412" count="0" type="stmt"/>
      <line num="416" count="1" type="stmt"/>
      <line num="433" count="30" type="cond" truecount="2" falsecount="0"/>
      <line num="434" count="29" type="stmt"/>
      <line num="435" count="29" type="stmt"/>
      <line num="437" count="29" type="stmt"/>
      <line num="453" count="3" type="stmt"/>
      <line num="454" count="3" type="stmt"/>
      <line num="473" count="3" type="stmt"/>
      <line num="474" count="3" type="stmt"/>
      <line num="488" count="1" type="stmt"/>
      <line num="491" count="30" type="stmt"/>
      <line num="495" count="1" type="cond" truecount="1" falsecount="1"/>
      <line num="496" count="0" type="stmt"/>
      <line num="498" count="1" type="stmt"/>
      <line num="520" count="47" type="stmt"/>
      <line num="536" count="2" type="cond" truecount="1" falsecount="1"/>
      <line num="541" count="24" type="stmt"/>
      <line num="586" count="93" type="stmt"/>
      <line num="588" count="70" type="stmt"/>
      <line num="606" count="1" type="stmt"/>
      <line num="607" count="1" type="stmt"/>
      <line num="608" count="1" type="stmt"/>
      <line num="618" count="1" type="stmt"/>
      <line num="626" count="1" type="stmt"/>
      <line num="627" count="1" type="stmt"/>
    </file>
  </project>
</coverage>
