<?xml version="1.0" encoding="UTF-8"?>
<coverage generated="1775074802749" clover="3.2.0">
  <project timestamp="1775074802753" name="All files">
    <metrics statements="182" coveredstatements="156" conditionals="95" coveredconditionals="63" methods="73" coveredmethods="54" elements="350" coveredelements="273" complexity="0" loc="182" ncloc="182" packages="6" files="18" classes="18"/>
    <package name="assets.overview">
      <metrics statements="0" coveredstatements="0" conditionals="0" coveredconditionals="0" methods="0" coveredmethods="0"/>
      <file name="summary-card-pattern.png" path="C:\Users\hp\Desktop\Work\Assignment\aidSprint-app\admin-aidSprint-app\src\assets\overview\summary-card-pattern.png">
        <metrics statements="0" coveredstatements="0" conditionals="0" coveredconditionals="0" methods="0" coveredmethods="0"/>
      </file>
    </package>
    <package name="components.dashboard.shared">
      <metrics statements="22" coveredstatements="14" conditionals="20" coveredconditionals="9" methods="12" coveredmethods="5"/>
      <file name="dashboard-layout.tsx" path="C:\Users\hp\Desktop\Work\Assignment\aidSprint-app\admin-aidSprint-app\src\components\dashboard\shared\dashboard-layout.tsx">
        <metrics statements="13" coveredstatements="5" conditionals="10" coveredconditionals="2" methods="8" coveredmethods="1"/>
        <line num="6" count="1" type="stmt"/>
        <line num="45" count="17" type="stmt"/>
        <line num="46" count="17" type="stmt"/>
        <line num="47" count="17" type="stmt"/>
        <line num="50" count="17" type="stmt"/>
        <line num="54" count="0" type="stmt"/>
        <line num="69" count="0" type="stmt"/>
        <line num="78" count="0" type="stmt"/>
        <line num="84" count="0" type="stmt"/>
        <line num="86" count="0" type="stmt"/>
        <line num="91" count="0" type="cond" truecount="0" falsecount="2"/>
        <line num="145" count="0" type="stmt"/>
        <line num="168" count="0" type="stmt"/>
      </file>
      <file name="dashboard-sidebar.tsx" path="C:\Users\hp\Desktop\Work\Assignment\aidSprint-app\admin-aidSprint-app\src\components\dashboard\shared\dashboard-sidebar.tsx">
        <metrics statements="9" coveredstatements="9" conditionals="10" coveredconditionals="7" methods="4" coveredmethods="4"/>
        <line num="15" count="1" type="stmt"/>
        <line num="26" count="17" type="stmt"/>
        <line num="47" count="17" type="stmt"/>
        <line num="71" count="119" type="stmt"/>
        <line num="73" count="119" type="stmt"/>
        <line num="75" count="119" type="cond" truecount="2" falsecount="0"/>
        <line num="76" count="34" type="stmt"/>
        <line num="82" count="34" type="stmt"/>
        <line num="96" count="85" type="stmt"/>
      </file>
    </package>
    <package name="components.dashboard.user-details">
      <metrics statements="56" coveredstatements="52" conditionals="45" coveredconditionals="36" methods="24" coveredmethods="23"/>
      <file name="update-account-action-item.tsx" path="C:\Users\hp\Desktop\Work\Assignment\aidSprint-app\admin-aidSprint-app\src\components\dashboard\user-details\update-account-action-item.tsx">
        <metrics statements="3" coveredstatements="3" conditionals="4" coveredconditionals="4" methods="2" coveredmethods="2"/>
        <line num="12" count="14" type="stmt"/>
        <line num="14" count="14" type="stmt"/>
        <line num="17" count="2" type="stmt"/>
      </file>
      <file name="update-account-modal.tsx" path="C:\Users\hp\Desktop\Work\Assignment\aidSprint-app\admin-aidSprint-app\src\components\dashboard\user-details\update-account-modal.tsx">
        <metrics statements="3" coveredstatements="3" conditionals="4" coveredconditionals="3" methods="2" coveredmethods="2"/>
        <line num="11" count="1" type="stmt"/>
        <line num="29" count="14" type="stmt"/>
        <line num="40" count="28" type="stmt"/>
      </file>
      <file name="user-details-page.tsx" path="C:\Users\hp\Desktop\Work\Assignment\aidSprint-app\admin-aidSprint-app\src\components\dashboard\user-details\user-details-page.tsx">
        <metrics statements="35" coveredstatements="33" conditionals="22" coveredconditionals="18" methods="12" coveredmethods="12"/>
        <line num="21" count="1" type="stmt"/>
        <line num="32" count="14" type="stmt"/>
        <line num="42" count="14" type="stmt"/>
        <line num="95" count="42" type="stmt"/>
        <line num="123" count="2" type="stmt"/>
        <line num="139" count="19" type="stmt"/>
        <line num="140" count="19" type="cond" truecount="2" falsecount="0"/>
        <line num="141" count="19" type="stmt"/>
        <line num="145" count="19" type="stmt"/>
        <line num="147" count="19" type="stmt"/>
        <line num="148" count="19" type="stmt"/>
        <line num="149" count="19" type="stmt"/>
        <line num="150" count="19" type="stmt"/>
        <line num="154" count="19" type="stmt"/>
        <line num="155" count="7" type="stmt"/>
        <line num="156" count="7" type="stmt"/>
        <line num="157" count="7" type="stmt"/>
        <line num="160" count="19" type="stmt"/>
        <line num="161" count="2" type="cond" truecount="1" falsecount="1"/>
        <line num="162" count="0" type="stmt"/>
        <line num="165" count="2" type="stmt"/>
        <line num="167" count="2" type="stmt"/>
        <line num="168" count="2" type="stmt"/>
        <line num="170" count="2" type="stmt"/>
        <line num="171" count="2" type="stmt"/>
        <line num="172" count="2" type="stmt"/>
        <line num="175" count="2" type="stmt"/>
        <line num="177" count="2" type="stmt"/>
        <line num="181" count="2" type="stmt"/>
        <line num="183" count="2" type="stmt"/>
        <line num="187" count="0" type="stmt"/>
        <line num="193" count="2" type="stmt"/>
        <line num="197" count="19" type="stmt"/>
        <line num="231" count="2" type="stmt"/>
        <line num="253" count="3" type="stmt"/>
      </file>
      <file name="user-details-tabs.tsx" path="C:\Users\hp\Desktop\Work\Assignment\aidSprint-app\admin-aidSprint-app\src\components\dashboard\user-details\user-details-tabs.tsx">
        <metrics statements="3" coveredstatements="3" conditionals="2" coveredconditionals="2" methods="2" coveredmethods="2"/>
        <line num="4" count="1" type="stmt"/>
        <line num="14" count="14" type="stmt"/>
        <line num="17" count="28" type="stmt"/>
      </file>
      <file name="user-details.data.ts" path="C:\Users\hp\Desktop\Work\Assignment\aidSprint-app\admin-aidSprint-app\src\components\dashboard\user-details\user-details.data.ts">
        <metrics statements="7" coveredstatements="7" conditionals="5" coveredconditionals="4" methods="2" coveredmethods="2"/>
        <line num="7" count="1" type="stmt"/>
        <line num="88" count="4" type="cond" truecount="1" falsecount="0"/>
        <line num="89" count="4" type="cond" truecount="1" falsecount="1"/>
        <line num="91" count="4" type="stmt"/>
        <line num="106" count="1" type="stmt"/>
        <line num="108" count="8" type="cond" truecount="2" falsecount="0"/>
        <line num="111" count="8" type="stmt"/>
      </file>
      <file name="user-details.utils.ts" path="C:\Users\hp\Desktop\Work\Assignment\aidSprint-app\admin-aidSprint-app\src\components\dashboard\user-details\user-details.utils.ts">
        <metrics statements="5" coveredstatements="3" conditionals="8" coveredconditionals="5" methods="4" coveredmethods="3"/>
        <line num="12" count="7" type="cond" truecount="1" falsecount="1"/>
        <line num="13" count="0" type="stmt"/>
        <line num="16" count="14" type="cond" truecount="2" falsecount="0"/>
        <line num="20" count="2" type="cond" truecount="2" falsecount="0"/>
        <line num="24" count="0" type="cond" truecount="0" falsecount="2"/>
      </file>
    </package>
    <package name="components.dashboard.users">
      <metrics statements="38" coveredstatements="31" conditionals="23" coveredconditionals="16" methods="18" coveredmethods="14"/>
      <file name="users-actions-menu.tsx" path="C:\Users\hp\Desktop\Work\Assignment\aidSprint-app\admin-aidSprint-app\src\components\dashboard\users\users-actions-menu.tsx">
        <metrics statements="10" coveredstatements="9" conditionals="4" coveredconditionals="3" methods="4" coveredmethods="4"/>
        <line num="14" count="1" type="stmt"/>
        <line num="20" count="1" type="stmt"/>
        <line num="33" count="16" type="stmt"/>
        <line num="34" count="1" type="cond" truecount="1" falsecount="1"/>
        <line num="35" count="1" type="stmt"/>
        <line num="36" count="1" type="stmt"/>
        <line num="39" count="0" type="stmt"/>
        <line num="44" count="16" type="stmt"/>
        <line num="62" count="48" type="stmt"/>
        <line num="64" count="1" type="stmt"/>
      </file>
      <file name="users.data.ts" path="C:\Users\hp\Desktop\Work\Assignment\aidSprint-app\admin-aidSprint-app\src\components\dashboard\users\users.data.ts">
        <metrics statements="4" coveredstatements="4" conditionals="0" coveredconditionals="0" methods="0" coveredmethods="0"/>
        <line num="4" count="1" type="stmt"/>
        <line num="10" count="1" type="stmt"/>
        <line num="12" count="1" type="stmt"/>
        <line num="33" count="1" type="stmt"/>
      </file>
      <file name="users.styles.ts" path="C:\Users\hp\Desktop\Work\Assignment\aidSprint-app\admin-aidSprint-app\src\components\dashboard\users\users.styles.ts">
        <metrics statements="1" coveredstatements="1" conditionals="0" coveredconditionals="0" methods="0" coveredmethods="0"/>
        <line num="1" count="1" type="stmt"/>
      </file>
      <file name="users.tsx" path="C:\Users\hp\Desktop\Work\Assignment\aidSprint-app\admin-aidSprint-app\src\components\dashboard\users\users.tsx">
        <metrics statements="17" coveredstatements="13" conditionals="15" coveredconditionals="10" methods="11" coveredmethods="8"/>
        <line num="22" count="16" type="stmt"/>
        <line num="34" count="0" type="stmt"/>
        <line num="38" count="0" type="stmt"/>
        <line num="60" count="1" type="stmt"/>
        <line num="61" count="1" type="stmt"/>
        <line num="63" count="1" type="stmt"/>
        <line num="68" count="1" type="stmt"/>
        <line num="69" count="1" type="cond" truecount="1" falsecount="1"/>
        <line num="70" count="1" type="stmt"/>
        <line num="71" count="1" type="stmt"/>
        <line num="74" count="0" type="stmt"/>
        <line num="79" count="1" type="stmt"/>
        <line num="95" count="3" type="stmt"/>
        <line num="137" count="0" type="stmt"/>
        <line num="175" count="8" type="stmt"/>
        <line num="215" count="8" type="stmt"/>
        <line num="272" count="6" type="stmt"/>
      </file>
      <file name="users.utils.ts" path="C:\Users\hp\Desktop\Work\Assignment\aidSprint-app\admin-aidSprint-app\src\components\dashboard\users\users.utils.ts">
        <metrics statements="6" coveredstatements="4" conditionals="4" coveredconditionals="3" methods="3" coveredmethods="2"/>
        <line num="4" count="1" type="stmt"/>
        <line num="6" count="1" type="cond" truecount="1" falsecount="1"/>
        <line num="7" count="1" type="stmt"/>
        <line num="10" count="0" type="stmt"/>
        <line num="11" count="0" type="stmt"/>
        <line num="26" count="30" type="cond" truecount="2" falsecount="0"/>
      </file>
    </package>
    <package name="components.ui">
      <metrics statements="65" coveredstatements="58" conditionals="7" coveredconditionals="2" methods="18" coveredmethods="11"/>
      <file name="dialog.tsx" path="C:\Users\hp\Desktop\Work\Assignment\aidSprint-app\admin-aidSprint-app\src\components\ui\dialog.tsx">
        <metrics statements="22" coveredstatements="21" conditionals="0" coveredconditionals="0" methods="6" coveredmethods="5"/>
        <line num="7" count="1" type="stmt"/>
        <line num="9" count="1" type="stmt"/>
        <line num="11" count="1" type="stmt"/>
        <line num="13" count="1" type="stmt"/>
        <line num="15" count="1" type="stmt"/>
        <line num="19" count="10" type="stmt"/>
        <line num="28" count="1" type="stmt"/>
        <line num="30" count="1" type="stmt"/>
        <line num="34" count="14" type="stmt"/>
        <line num="52" count="1" type="stmt"/>
        <line num="54" count="1" type="stmt"/>
        <line num="58" count="7" type="stmt"/>
        <line num="66" count="1" type="stmt"/>
        <line num="68" count="1" type="stmt"/>
        <line num="72" count="0" type="stmt"/>
        <line num="80" count="1" type="stmt"/>
        <line num="82" count="1" type="stmt"/>
        <line num="86" count="7" type="stmt"/>
        <line num="95" count="1" type="stmt"/>
        <line num="97" count="1" type="stmt"/>
        <line num="101" count="7" type="stmt"/>
        <line num="107" count="1" type="stmt"/>
      </file>
      <file name="dropdown-menu.tsx" path="C:\Users\hp\Desktop\Work\Assignment\aidSprint-app\admin-aidSprint-app\src\components\ui\dropdown-menu.tsx">
        <metrics statements="33" coveredstatements="27" conditionals="7" coveredconditionals="2" methods="9" coveredmethods="3"/>
        <line num="7" count="1" type="stmt"/>
        <line num="9" count="1" type="stmt"/>
        <line num="11" count="1" type="stmt"/>
        <line num="13" count="1" type="stmt"/>
        <line num="15" count="1" type="stmt"/>
        <line num="17" count="1" type="stmt"/>
        <line num="19" count="1" type="stmt"/>
        <line num="25" count="0" type="stmt"/>
        <line num="38" count="1" type="stmt"/>
        <line num="41" count="1" type="stmt"/>
        <line num="45" count="0" type="stmt"/>
        <line num="54" count="1" type="stmt"/>
        <line num="57" count="1" type="stmt"/>
        <line num="61" count="16" type="stmt"/>
        <line num="73" count="1" type="stmt"/>
        <line num="75" count="1" type="stmt"/>
        <line num="81" count="3" type="stmt"/>
        <line num="91" count="1" type="stmt"/>
        <line num="93" count="1" type="stmt"/>
        <line num="97" count="0" type="stmt"/>
        <line num="114" count="1" type="stmt"/>
        <line num="117" count="1" type="stmt"/>
        <line num="121" count="0" type="stmt"/>
        <line num="137" count="1" type="stmt"/>
        <line num="139" count="1" type="stmt"/>
        <line num="145" count="0" type="stmt"/>
        <line num="155" count="1" type="stmt"/>
        <line num="157" count="1" type="stmt"/>
        <line num="161" count="2" type="stmt"/>
        <line num="167" count="1" type="stmt"/>
        <line num="169" count="1" type="stmt"/>
        <line num="173" count="0" type="stmt"/>
        <line num="180" count="1" type="stmt"/>
      </file>
      <file name="tabs.tsx" path="C:\Users\hp\Desktop\Work\Assignment\aidSprint-app\admin-aidSprint-app\src\components\ui\tabs.tsx">
        <metrics statements="10" coveredstatements="10" conditionals="0" coveredconditionals="0" methods="3" coveredmethods="3"/>
        <line num="6" count="1" type="stmt"/>
        <line num="8" count="1" type="stmt"/>
        <line num="12" count="14" type="stmt"/>
        <line num="21" count="1" type="stmt"/>
        <line num="23" count="1" type="stmt"/>
        <line num="27" count="28" type="stmt"/>
        <line num="36" count="1" type="stmt"/>
        <line num="38" count="1" type="stmt"/>
        <line num="42" count="28" type="stmt"/>
        <line num="51" count="1" type="stmt"/>
      </file>
    </package>
    <package name="lib">
      <metrics statements="1" coveredstatements="1" conditionals="0" coveredconditionals="0" methods="1" coveredmethods="1"/>
      <file name="utils.ts" path="C:\Users\hp\Desktop\Work\Assignment\aidSprint-app\admin-aidSprint-app\src\lib\utils.ts">
        <metrics statements="1" coveredstatements="1" conditionals="0" coveredconditionals="0" methods="1" coveredmethods="1"/>
        <line num="5" count="184" type="stmt"/>
      </file>
    </package>
  </project>
</coverage>
