{"C:\\Users\\hp\\Desktop\\Work\\Assignment\\aidSprint-app\\admin-aidSprint-app\\src\\components\\dashboard\\shared\\filters\\filter-modal.tsx": {"path":"C:\\Users\\hp\\Desktop\\Work\\Assignment\\aidSprint-app\\admin-aidSprint-app\\src\\components\\dashboard\\shared\\filters\\filter-modal.tsx","statementMap":{"0":{"start":{"line":44,"column":26},"end":{"line":44,"column":null}},"1":{"start":{"line":45,"column":27},"end":{"line":45,"column":null}},"2":{"start":{"line":48,"column":8},"end":{"line":48,"column":42}},"3":{"start":{"line":49,"column":2},"end":{"line":49,"column":null}},"4":{"start":{"line":49,"column":15},"end":{"line":49,"column":null}},"5":{"start":{"line":50,"column":2},"end":{"line":50,"column":null}},"6":{"start":{"line":57,"column":19},"end":{"line":57,"column":null}},"7":{"start":{"line":58,"column":17},"end":{"line":58,"column":null}},"8":{"start":{"line":59,"column":2},"end":{"line":59,"column":null}},"9":{"start":{"line":59,"column":28},"end":{"line":59,"column":null}},"10":{"start":{"line":60,"column":2},"end":{"line":63,"column":null}},"11":{"start":{"line":67,"column":2},"end":{"line":67,"column":null}},"12":{"start":{"line":67,"column":33},"end":{"line":67,"column":null}},"13":{"start":{"line":68,"column":2},"end":{"line":68,"column":null}},"14":{"start":{"line":68,"column":34},"end":{"line":68,"column":null}},"15":{"start":{"line":69,"column":2},"end":{"line":69,"column":null}},"16":{"start":{"line":73,"column":2},"end":{"line":74,"column":null}},"17":{"start":{"line":74,"column":4},"end":{"line":74,"column":null}},"18":{"start":{"line":77,"column":2},"end":{"line":78,"column":null}},"19":{"start":{"line":78,"column":4},"end":{"line":78,"column":null}},"20":{"start":{"line":81,"column":2},"end":{"line":81,"column":null}},"21":{"start":{"line":85,"column":2},"end":{"line":92,"column":null}},"22":{"start":{"line":86,"column":17},"end":{"line":86,"column":null}},"23":{"start":{"line":87,"column":15},"end":{"line":87,"column":null}},"24":{"start":{"line":88,"column":4},"end":{"line":88,"column":null}},"25":{"start":{"line":88,"column":22},"end":{"line":88,"column":null}},"26":{"start":{"line":90,"column":22},"end":{"line":90,"column":null}},"27":{"start":{"line":91,"column":20},"end":{"line":91,"column":null}},"28":{"start":{"line":92,"column":4},"end":{"line":92,"column":null}},"29":{"start":{"line":95,"column":2},"end":{"line":101,"column":null}},"30":{"start":{"line":96,"column":26},"end":{"line":96,"column":null}},"31":{"start":{"line":97,"column":4},"end":{"line":97,"column":null}},"32":{"start":{"line":97,"column":24},"end":{"line":97,"column":null}},"33":{"start":{"line":99,"column":4},"end":{"line":101,"column":null}},"34":{"start":{"line":100,"column":37},"end":{"line":100,"column":68}},"35":{"start":{"line":105,"column":2},"end":{"line":116,"column":null}},"36":{"start":{"line":106,"column":21},"end":{"line":108,"column":10}},"37":{"start":{"line":109,"column":4},"end":{"line":109,"column":null}},"38":{"start":{"line":109,"column":26},"end":{"line":109,"column":null}},"39":{"start":{"line":110,"column":4},"end":{"line":113,"column":null}},"40":{"start":{"line":111,"column":6},"end":{"line":113,"column":null}},"41":{"start":{"line":112,"column":39},"end":{"line":112,"column":68}},"42":{"start":{"line":116,"column":4},"end":{"line":116,"column":null}},"43":{"start":{"line":119,"column":2},"end":{"line":126,"column":null}},"44":{"start":{"line":120,"column":21},"end":{"line":120,"column":null}},"45":{"start":{"line":121,"column":21},"end":{"line":121,"column":null}},"46":{"start":{"line":122,"column":4},"end":{"line":123,"column":null}},"47":{"start":{"line":123,"column":6},"end":{"line":123,"column":null}},"48":{"start":{"line":124,"column":21},"end":{"line":124,"column":null}},"49":{"start":{"line":125,"column":21},"end":{"line":125,"column":null}},"50":{"start":{"line":126,"column":4},"end":{"line":126,"column":null}},"51":{"start":{"line":129,"column":2},"end":{"line":129,"column":null}},"52":{"start":{"line":133,"column":15},"end":{"line":136,"column":null}},"53":{"start":{"line":134,"column":4},"end":{"line":134,"column":null}},"54":{"start":{"line":134,"column":39},"end":{"line":134,"column":null}},"55":{"start":{"line":135,"column":4},"end":{"line":135,"column":null}},"56":{"start":{"line":138,"column":2},"end":{"line":149,"column":null}},"57":{"start":{"line":139,"column":4},"end":{"line":139,"column":null}},"58":{"start":{"line":139,"column":39},"end":{"line":139,"column":null}},"59":{"start":{"line":141,"column":10},"end":{"line":142,"column":null}},"60":{"start":{"line":142,"column":6},"end":{"line":142,"column":null}},"61":{"start":{"line":145,"column":4},"end":{"line":145,"column":null}},"62":{"start":{"line":146,"column":4},"end":{"line":146,"column":null}},"63":{"start":{"line":148,"column":4},"end":{"line":148,"column":null}},"64":{"start":{"line":148,"column":17},"end":{"line":148,"column":67}},"65":{"start":{"line":151,"column":2},"end":{"line":151,"column":null}},"66":{"start":{"line":163,"column":16},"end":{"line":163,"column":57}},"67":{"start":{"line":164,"column":23},"end":{"line":164,"column":40}},"68":{"start":{"line":165,"column":19},"end":{"line":165,"column":null}},"69":{"start":{"line":166,"column":29},"end":{"line":166,"column":null}},"70":{"start":{"line":167,"column":28},"end":{"line":172,"column":null}},"71":{"start":{"line":170,"column":23},"end":{"line":170,"column":null}},"72":{"start":{"line":171,"column":4},"end":{"line":171,"column":null}},"73":{"start":{"line":174,"column":8},"end":{"line":176,"column":null}},"74":{"start":{"line":175,"column":10},"end":{"line":175,"column":null}},"75":{"start":{"line":175,"column":33},"end":{"line":175,"column":60}},"76":{"start":{"line":179,"column":8},"end":{"line":186,"column":29}},"77":{"start":{"line":180,"column":4},"end":{"line":181,"column":null}},"78":{"start":{"line":181,"column":6},"end":{"line":181,"column":null}},"79":{"start":{"line":182,"column":4},"end":{"line":185,"column":null}},"80":{"start":{"line":188,"column":8},"end":{"line":193,"column":29}},"81":{"start":{"line":189,"column":4},"end":{"line":189,"column":null}},"82":{"start":{"line":189,"column":64},"end":{"line":189,"column":null}},"83":{"start":{"line":190,"column":17},"end":{"line":190,"column":null}},"84":{"start":{"line":191,"column":15},"end":{"line":191,"column":null}},"85":{"start":{"line":192,"column":4},"end":{"line":192,"column":null}},"86":{"start":{"line":195,"column":8},"end":{"line":206,"column":null}},"87":{"start":{"line":197,"column":6},"end":{"line":204,"column":null}},"88":{"start":{"line":198,"column":25},"end":{"line":202,"column":11}},"89":{"start":{"line":204,"column":27},"end":{"line":204,"column":79}},"90":{"start":{"line":209,"column":2},"end":{"line":213,"column":null}},"91":{"start":{"line":210,"column":4},"end":{"line":210,"column":null}},"92":{"start":{"line":210,"column":15},"end":{"line":210,"column":null}},"93":{"start":{"line":211,"column":23},"end":{"line":211,"column":null}},"94":{"start":{"line":212,"column":4},"end":{"line":212,"column":null}},"95":{"start":{"line":216,"column":4},"end":{"line":216,"column":null}},"96":{"start":{"line":218,"column":4},"end":{"line":218,"column":null}},"97":{"start":{"line":220,"column":8},"end":{"line":488,"column":null}},"98":{"start":{"line":221,"column":4},"end":{"line":338,"column":null}},"99":{"start":{"line":223,"column":8},"end":{"line":225,"column":null}},"100":{"start":{"line":227,"column":8},"end":{"line":229,"column":null}},"101":{"start":{"line":230,"column":27},"end":{"line":232,"column":null}},"102":{"start":{"line":234,"column":6},"end":{"line":338,"column":null}},"103":{"start":{"line":257,"column":18},"end":{"line":260,"column":21}},"104":{"start":{"line":257,"column":38},"end":{"line":260,"column":21}},"105":{"start":{"line":275,"column":18},"end":{"line":278,"column":21}},"106":{"start":{"line":275,"column":38},"end":{"line":278,"column":21}},"107":{"start":{"line":292,"column":31},"end":{"line":294,"column":null}},"108":{"start":{"line":295,"column":29},"end":{"line":297,"column":null}},"109":{"start":{"line":298,"column":18},"end":{"line":302,"column":null}},"110":{"start":{"line":298,"column":38},"end":{"line":302,"column":21}},"111":{"start":{"line":343,"column":4},"end":{"line":377,"column":null}},"112":{"start":{"line":345,"column":8},"end":{"line":347,"column":null}},"113":{"start":{"line":349,"column":6},"end":{"line":377,"column":null}},"114":{"start":{"line":357,"column":14},"end":{"line":360,"column":17}},"115":{"start":{"line":357,"column":34},"end":{"line":360,"column":17}},"116":{"start":{"line":374,"column":16},"end":{"line":376,"column":null}},"117":{"start":{"line":384,"column":4},"end":{"line":428,"column":null}},"118":{"start":{"line":385,"column":23},"end":{"line":387,"column":12}},"119":{"start":{"line":389,"column":6},"end":{"line":428,"column":null}},"120":{"start":{"line":396,"column":30},"end":{"line":396,"column":61}},"121":{"start":{"line":398,"column":14},"end":{"line":425,"column":null}},"122":{"start":{"line":406,"column":22},"end":{"line":420,"column":null}},"123":{"start":{"line":407,"column":41},"end":{"line":409,"column":30}},"124":{"start":{"line":410,"column":37},"end":{"line":414,"column":55}},"125":{"start":{"line":412,"column":49},"end":{"line":412,"column":null}},"126":{"start":{"line":416,"column":24},"end":{"line":419,"column":null}},"127":{"start":{"line":433,"column":4},"end":{"line":481,"column":null}},"128":{"start":{"line":434,"column":23},"end":{"line":434,"column":null}},"129":{"start":{"line":435,"column":23},"end":{"line":435,"column":null}},"130":{"start":{"line":437,"column":6},"end":{"line":481,"column":null}},"131":{"start":{"line":453,"column":30},"end":{"line":453,"column":55}},"132":{"start":{"line":454,"column":18},"end":{"line":457,"column":null}},"133":{"start":{"line":454,"column":38},"end":{"line":457,"column":21}},"134":{"start":{"line":473,"column":30},"end":{"line":473,"column":55}},"135":{"start":{"line":474,"column":18},"end":{"line":477,"column":null}},"136":{"start":{"line":474,"column":38},"end":{"line":477,"column":21}},"137":{"start":{"line":488,"column":4},"end":{"line":488,"column":null}},"138":{"start":{"line":491,"column":2},"end":{"line":635,"column":null}},"139":{"start":{"line":495,"column":8},"end":{"line":496,"column":null}},"140":{"start":{"line":496,"column":10},"end":{"line":496,"column":null}},"141":{"start":{"line":498,"column":8},"end":{"line":498,"column":null}},"142":{"start":{"line":520,"column":18},"end":{"line":525,"column":null}},"143":{"start":{"line":536,"column":18},"end":{"line":536,"column":62}},"144":{"start":{"line":541,"column":18},"end":{"line":561,"column":null}},"145":{"start":{"line":586,"column":39},"end":{"line":586,"column":66}},"146":{"start":{"line":588,"column":22},"end":{"line":593,"column":null}},"147":{"start":{"line":606,"column":14},"end":{"line":606,"column":null}},"148":{"start":{"line":607,"column":14},"end":{"line":607,"column":null}},"149":{"start":{"line":608,"column":14},"end":{"line":608,"column":null}},"150":{"start":{"line":618,"column":29},"end":{"line":618,"column":48}},"151":{"start":{"line":626,"column":16},"end":{"line":626,"column":null}},"152":{"start":{"line":627,"column":16},"end":{"line":627,"column":null}}},"fnMap":{"0":{"name":"formatDateLabel","decl":{"start":{"line":47,"column":9},"end":{"line":47,"column":25}},"loc":{"start":{"line":47,"column":40},"end":{"line":50,"column":null}},"line":47},"1":{"name":"buildDateRangeValue","decl":{"start":{"line":53,"column":9},"end":{"line":53,"column":null}},"loc":{"start":{"line":56,"column":2},"end":{"line":63,"column":null}},"line":56},"2":{"name":"getViewportMode","decl":{"start":{"line":66,"column":9},"end":{"line":66,"column":25}},"loc":{"start":{"line":66,"column":54},"end":{"line":69,"column":null}},"line":66},"3":{"name":"getFieldId","decl":{"start":{"line":72,"column":9},"end":{"line":72,"column":20}},"loc":{"start":{"line":72,"column":40},"end":{"line":81,"column":null}},"line":72},"4":{"name":"getFieldSummary","decl":{"start":{"line":84,"column":9},"end":{"line":84,"column":25}},"loc":{"start":{"line":84,"column":66},"end":{"line":129,"column":null}},"line":84},"5":{"name":"(anonymous_5)","decl":{"start":{"line":100,"column":20},"end":{"line":100,"column":26}},"loc":{"start":{"line":100,"column":37},"end":{"line":100,"column":68}},"line":100},"6":{"name":"(anonymous_6)","decl":{"start":{"line":112,"column":22},"end":{"line":112,"column":28}},"loc":{"start":{"line":112,"column":39},"end":{"line":112,"column":68}},"line":112},"7":{"name":"useViewportMode","decl":{"start":{"line":132,"column":9},"end":{"line":132,"column":27}},"loc":{"start":{"line":132,"column":27},"end":{"line":151,"column":null}},"line":132},"8":{"name":"(anonymous_8)","decl":{"start":{"line":133,"column":26},"end":{"line":133,"column":55}},"loc":{"start":{"line":133,"column":55},"end":{"line":136,"column":null}},"line":133},"9":{"name":"(anonymous_9)","decl":{"start":{"line":138,"column":2},"end":{"line":138,"column":18}},"loc":{"start":{"line":138,"column":18},"end":{"line":149,"column":7}},"line":138},"10":{"name":"(anonymous_10)","decl":{"start":{"line":141,"column":10},"end":{"line":141,"column":31}},"loc":{"start":{"line":141,"column":31},"end":{"line":142,"column":null}},"line":141},"11":{"name":"(anonymous_11)","decl":{"start":{"line":148,"column":4},"end":{"line":148,"column":17}},"loc":{"start":{"line":148,"column":17},"end":{"line":148,"column":67}},"line":148},"12":{"name":"FilterModal","decl":{"start":{"line":154,"column":16},"end":{"line":154,"column":28}},"loc":{"start":{"line":162,"column":21},"end":{"line":635,"column":null}},"line":162},"13":{"name":"(anonymous_13)","decl":{"start":{"line":167,"column":52},"end":{"line":167,"column":null}},"loc":{"start":{"line":169,"column":10},"end":{"line":172,"column":null}},"line":169},"14":{"name":"(anonymous_14)","decl":{"start":{"line":174,"column":25},"end":{"line":174,"column":null}},"loc":{"start":{"line":175,"column":10},"end":{"line":175,"column":null}},"line":175},"15":{"name":"(anonymous_15)","decl":{"start":{"line":175,"column":17},"end":{"line":175,"column":23}},"loc":{"start":{"line":175,"column":33},"end":{"line":175,"column":60}},"line":175},"16":{"name":"(anonymous_16)","decl":{"start":{"line":179,"column":20},"end":{"line":179,"column":34}},"loc":{"start":{"line":179,"column":34},"end":{"line":186,"column":6}},"line":179},"17":{"name":"(anonymous_17)","decl":{"start":{"line":188,"column":23},"end":{"line":188,"column":37}},"loc":{"start":{"line":188,"column":37},"end":{"line":193,"column":6}},"line":188},"18":{"name":"(anonymous_18)","decl":{"start":{"line":195,"column":26},"end":{"line":195,"column":null}},"loc":{"start":{"line":197,"column":6},"end":{"line":204,"column":null}},"line":197},"19":{"name":"(anonymous_19)","decl":{"start":{"line":198,"column":9},"end":{"line":198,"column":14}},"loc":{"start":{"line":198,"column":25},"end":{"line":202,"column":11}},"line":198},"20":{"name":"(anonymous_20)","decl":{"start":{"line":203,"column":9},"end":{"line":203,"column":null}},"loc":{"start":{"line":204,"column":27},"end":{"line":204,"column":79}},"line":204},"21":{"name":"(anonymous_21)","decl":{"start":{"line":209,"column":2},"end":{"line":209,"column":18}},"loc":{"start":{"line":209,"column":18},"end":{"line":213,"column":6}},"line":209},"22":{"name":"(anonymous_22)","decl":{"start":{"line":220,"column":8},"end":{"line":220,"column":27}},"loc":{"start":{"line":220,"column":50},"end":{"line":488,"column":null}},"line":220},"23":{"name":"(anonymous_23)","decl":{"start":{"line":256,"column":16},"end":{"line":256,"column":27}},"loc":{"start":{"line":257,"column":18},"end":{"line":260,"column":21}},"line":257},"24":{"name":"(anonymous_24)","decl":{"start":{"line":257,"column":18},"end":{"line":257,"column":28}},"loc":{"start":{"line":257,"column":38},"end":{"line":260,"column":21}},"line":257},"25":{"name":"(anonymous_25)","decl":{"start":{"line":274,"column":16},"end":{"line":274,"column":27}},"loc":{"start":{"line":275,"column":18},"end":{"line":278,"column":21}},"line":275},"26":{"name":"(anonymous_26)","decl":{"start":{"line":275,"column":18},"end":{"line":275,"column":28}},"loc":{"start":{"line":275,"column":38},"end":{"line":278,"column":21}},"line":275},"27":{"name":"(anonymous_27)","decl":{"start":{"line":291,"column":16},"end":{"line":291,"column":27}},"loc":{"start":{"line":291,"column":41},"end":{"line":302,"column":null}},"line":291},"28":{"name":"(anonymous_28)","decl":{"start":{"line":298,"column":18},"end":{"line":298,"column":28}},"loc":{"start":{"line":298,"column":38},"end":{"line":302,"column":21}},"line":298},"29":{"name":"(anonymous_29)","decl":{"start":{"line":356,"column":12},"end":{"line":356,"column":28}},"loc":{"start":{"line":357,"column":14},"end":{"line":360,"column":17}},"line":357},"30":{"name":"(anonymous_30)","decl":{"start":{"line":357,"column":14},"end":{"line":357,"column":24}},"loc":{"start":{"line":357,"column":34},"end":{"line":360,"column":17}},"line":357},"31":{"name":"(anonymous_31)","decl":{"start":{"line":373,"column":29},"end":{"line":373,"column":34}},"loc":{"start":{"line":374,"column":16},"end":{"line":376,"column":null}},"line":374},"32":{"name":"(anonymous_32)","decl":{"start":{"line":395,"column":27},"end":{"line":395,"column":32}},"loc":{"start":{"line":395,"column":43},"end":{"line":425,"column":null}},"line":395},"33":{"name":"(anonymous_33)","decl":{"start":{"line":405,"column":20},"end":{"line":405,"column":43}},"loc":{"start":{"line":405,"column":43},"end":{"line":420,"column":null}},"line":405},"34":{"name":"(anonymous_34)","decl":{"start":{"line":406,"column":22},"end":{"line":406,"column":32}},"loc":{"start":{"line":406,"column":41},"end":{"line":420,"column":null}},"line":406},"35":{"name":"(anonymous_35)","decl":{"start":{"line":411,"column":37},"end":{"line":411,"column":null}},"loc":{"start":{"line":412,"column":49},"end":{"line":412,"column":null}},"line":412},"36":{"name":"(anonymous_36)","decl":{"start":{"line":452,"column":16},"end":{"line":452,"column":27}},"loc":{"start":{"line":452,"column":37},"end":{"line":457,"column":null}},"line":452},"37":{"name":"(anonymous_37)","decl":{"start":{"line":454,"column":18},"end":{"line":454,"column":28}},"loc":{"start":{"line":454,"column":38},"end":{"line":457,"column":21}},"line":454},"38":{"name":"(anonymous_38)","decl":{"start":{"line":472,"column":16},"end":{"line":472,"column":27}},"loc":{"start":{"line":472,"column":37},"end":{"line":477,"column":null}},"line":472},"39":{"name":"(anonymous_39)","decl":{"start":{"line":474,"column":18},"end":{"line":474,"column":28}},"loc":{"start":{"line":474,"column":38},"end":{"line":477,"column":21}},"line":474},"40":{"name":"(anonymous_40)","decl":{"start":{"line":494,"column":6},"end":{"line":494,"column":21}},"loc":{"start":{"line":494,"column":34},"end":{"line":498,"column":null}},"line":494},"41":{"name":"(anonymous_41)","decl":{"start":{"line":519,"column":33},"end":{"line":519,"column":38}},"loc":{"start":{"line":520,"column":18},"end":{"line":525,"column":null}},"line":520},"42":{"name":"(anonymous_42)","decl":{"start":{"line":535,"column":16},"end":{"line":535,"column":32}},"loc":{"start":{"line":536,"column":18},"end":{"line":536,"column":62}},"line":536},"43":{"name":"(anonymous_43)","decl":{"start":{"line":540,"column":24},"end":{"line":540,"column":29}},"loc":{"start":{"line":541,"column":18},"end":{"line":561,"column":null}},"line":541},"44":{"name":"(anonymous_44)","decl":{"start":{"line":586,"column":21},"end":{"line":586,"column":29}},"loc":{"start":{"line":586,"column":39},"end":{"line":586,"column":66}},"line":586},"45":{"name":"(anonymous_45)","decl":{"start":{"line":587,"column":21},"end":{"line":587,"column":26}},"loc":{"start":{"line":588,"column":22},"end":{"line":593,"column":null}},"line":588},"46":{"name":"(anonymous_46)","decl":{"start":{"line":605,"column":12},"end":{"line":605,"column":27}},"loc":{"start":{"line":605,"column":27},"end":{"line":608,"column":null}},"line":605},"47":{"name":"(anonymous_47)","decl":{"start":{"line":618,"column":14},"end":{"line":618,"column":29}},"loc":{"start":{"line":618,"column":29},"end":{"line":618,"column":48}},"line":618},"48":{"name":"(anonymous_48)","decl":{"start":{"line":625,"column":14},"end":{"line":625,"column":29}},"loc":{"start":{"line":625,"column":29},"end":{"line":627,"column":null}},"line":625}},"branchMap":{"0":{"loc":{"start":{"line":49,"column":2},"end":{"line":49,"column":null}},"type":"if","locations":[{"start":{"line":49,"column":2},"end":{"line":49,"column":null}},{"start":{},"end":{}}],"line":49},"1":{"loc":{"start":{"line":57,"column":19},"end":{"line":57,"column":null}},"type":"cond-expr","locations":[{"start":{"line":57,"column":19},"end":{"line":57,"column":50}},{"start":{"line":57,"column":53},"end":{"line":57,"column":null}}],"line":57},"2":{"loc":{"start":{"line":58,"column":17},"end":{"line":58,"column":null}},"type":"cond-expr","locations":[{"start":{"line":58,"column":17},"end":{"line":58,"column":44}},{"start":{"line":58,"column":47},"end":{"line":58,"column":null}}],"line":58},"3":{"loc":{"start":{"line":59,"column":2},"end":{"line":59,"column":null}},"type":"if","locations":[{"start":{"line":59,"column":2},"end":{"line":59,"column":null}},{"start":{},"end":{}}],"line":59},"4":{"loc":{"start":{"line":59,"column":6},"end":{"line":59,"column":28}},"type":"binary-expr","locations":[{"start":{"line":59,"column":6},"end":{"line":59,"column":19}},{"start":{"line":59,"column":19},"end":{"line":59,"column":28}}],"line":59},"5":{"loc":{"start":{"line":61,"column":10},"end":{"line":61,"column":null}},"type":"binary-expr","locations":[{"start":{"line":61,"column":10},"end":{"line":61,"column":22}},{"start":{"line":61,"column":22},"end":{"line":61,"column":null}}],"line":61},"6":{"loc":{"start":{"line":62,"column":8},"end":{"line":62,"column":null}},"type":"binary-expr","locations":[{"start":{"line":62,"column":8},"end":{"line":62,"column":18}},{"start":{"line":62,"column":18},"end":{"line":62,"column":null}}],"line":62},"7":{"loc":{"start":{"line":67,"column":2},"end":{"line":67,"column":null}},"type":"if","locations":[{"start":{"line":67,"column":2},"end":{"line":67,"column":null}},{"start":{},"end":{}}],"line":67},"8":{"loc":{"start":{"line":68,"column":2},"end":{"line":68,"column":null}},"type":"if","locations":[{"start":{"line":68,"column":2},"end":{"line":68,"column":null}},{"start":{},"end":{}}],"line":68},"9":{"loc":{"start":{"line":73,"column":2},"end":{"line":74,"column":null}},"type":"if","locations":[{"start":{"line":73,"column":2},"end":{"line":74,"column":null}},{"start":{},"end":{}}],"line":73},"10":{"loc":{"start":{"line":77,"column":2},"end":{"line":78,"column":null}},"type":"if","locations":[{"start":{"line":77,"column":2},"end":{"line":78,"column":null}},{"start":{},"end":{}}],"line":77},"11":{"loc":{"start":{"line":85,"column":2},"end":{"line":92,"column":null}},"type":"if","locations":[{"start":{"line":85,"column":2},"end":{"line":92,"column":null}},{"start":{},"end":{}}],"line":85},"12":{"loc":{"start":{"line":88,"column":4},"end":{"line":88,"column":null}},"type":"if","locations":[{"start":{"line":88,"column":4},"end":{"line":88,"column":null}},{"start":{},"end":{}}],"line":88},"13":{"loc":{"start":{"line":88,"column":8},"end":{"line":88,"column":22}},"type":"binary-expr","locations":[{"start":{"line":88,"column":8},"end":{"line":88,"column":17}},{"start":{"line":88,"column":17},"end":{"line":88,"column":22}}],"line":88},"14":{"loc":{"start":{"line":90,"column":22},"end":{"line":90,"column":null}},"type":"cond-expr","locations":[{"start":{"line":90,"column":29},"end":{"line":90,"column":58}},{"start":{"line":90,"column":61},"end":{"line":90,"column":null}}],"line":90},"15":{"loc":{"start":{"line":91,"column":20},"end":{"line":91,"column":null}},"type":"cond-expr","locations":[{"start":{"line":91,"column":25},"end":{"line":91,"column":52}},{"start":{"line":91,"column":55},"end":{"line":91,"column":null}}],"line":91},"16":{"loc":{"start":{"line":95,"column":2},"end":{"line":101,"column":null}},"type":"if","locations":[{"start":{"line":95,"column":2},"end":{"line":101,"column":null}},{"start":{},"end":{}}],"line":95},"17":{"loc":{"start":{"line":97,"column":4},"end":{"line":97,"column":null}},"type":"if","locations":[{"start":{"line":97,"column":4},"end":{"line":97,"column":null}},{"start":{},"end":{}}],"line":97},"18":{"loc":{"start":{"line":100,"column":6},"end":{"line":101,"column":27}},"type":"binary-expr","locations":[{"start":{"line":100,"column":6},"end":{"line":100,"column":null}},{"start":{"line":101,"column":6},"end":{"line":101,"column":27}}],"line":100},"19":{"loc":{"start":{"line":105,"column":2},"end":{"line":116,"column":null}},"type":"if","locations":[{"start":{"line":105,"column":2},"end":{"line":116,"column":null}},{"start":{},"end":{}}],"line":105},"20":{"loc":{"start":{"line":106,"column":21},"end":{"line":108,"column":10}},"type":"cond-expr","locations":[{"start":{"line":107,"column":9},"end":{"line":107,"column":null}},{"start":{"line":108,"column":8},"end":{"line":108,"column":10}}],"line":106},"21":{"loc":{"start":{"line":109,"column":4},"end":{"line":109,"column":null}},"type":"if","locations":[{"start":{"line":109,"column":4},"end":{"line":109,"column":null}},{"start":{},"end":{}}],"line":109},"22":{"loc":{"start":{"line":110,"column":4},"end":{"line":113,"column":null}},"type":"if","locations":[{"start":{"line":110,"column":4},"end":{"line":113,"column":null}},{"start":{},"end":{}}],"line":110},"23":{"loc":{"start":{"line":112,"column":8},"end":{"line":113,"column":null}},"type":"binary-expr","locations":[{"start":{"line":112,"column":8},"end":{"line":112,"column":null}},{"start":{"line":113,"column":8},"end":{"line":113,"column":null}}],"line":112},"24":{"loc":{"start":{"line":119,"column":2},"end":{"line":126,"column":null}},"type":"if","locations":[{"start":{"line":119,"column":2},"end":{"line":126,"column":null}},{"start":{},"end":{}}],"line":119},"25":{"loc":{"start":{"line":122,"column":4},"end":{"line":123,"column":null}},"type":"if","locations":[{"start":{"line":122,"column":4},"end":{"line":123,"column":null}},{"start":{},"end":{}}],"line":122},"26":{"loc":{"start":{"line":122,"column":8},"end":{"line":122,"column":null}},"type":"binary-expr","locations":[{"start":{"line":122,"column":8},"end":{"line":122,"column":40}},{"start":{"line":122,"column":40},"end":{"line":122,"column":null}}],"line":122},"27":{"loc":{"start":{"line":124,"column":21},"end":{"line":124,"column":null}},"type":"cond-expr","locations":[{"start":{"line":124,"column":52},"end":{"line":124,"column":68}},{"start":{"line":124,"column":71},"end":{"line":124,"column":null}}],"line":124},"28":{"loc":{"start":{"line":125,"column":21},"end":{"line":125,"column":null}},"type":"cond-expr","locations":[{"start":{"line":125,"column":52},"end":{"line":125,"column":68}},{"start":{"line":125,"column":71},"end":{"line":125,"column":null}}],"line":125},"29":{"loc":{"start":{"line":134,"column":4},"end":{"line":134,"column":null}},"type":"if","locations":[{"start":{"line":134,"column":4},"end":{"line":134,"column":null}},{"start":{},"end":{}}],"line":134},"30":{"loc":{"start":{"line":139,"column":4},"end":{"line":139,"column":null}},"type":"if","locations":[{"start":{"line":139,"column":4},"end":{"line":139,"column":null}},{"start":{},"end":{}}],"line":139},"31":{"loc":{"start":{"line":171,"column":11},"end":{"line":171,"column":null}},"type":"cond-expr","locations":[{"start":{"line":171,"column":24},"end":{"line":171,"column":46}},{"start":{"line":171,"column":49},"end":{"line":171,"column":null}}],"line":171},"32":{"loc":{"start":{"line":175,"column":10},"end":{"line":175,"column":null}},"type":"binary-expr","locations":[{"start":{"line":175,"column":10},"end":{"line":175,"column":60}},{"start":{"line":175,"column":64},"end":{"line":175,"column":null}}],"line":175},"33":{"loc":{"start":{"line":180,"column":4},"end":{"line":181,"column":null}},"type":"if","locations":[{"start":{"line":180,"column":4},"end":{"line":181,"column":null}},{"start":{},"end":{}}],"line":180},"34":{"loc":{"start":{"line":180,"column":8},"end":{"line":180,"column":null}},"type":"binary-expr","locations":[{"start":{"line":180,"column":8},"end":{"line":180,"column":27}},{"start":{"line":180,"column":27},"end":{"line":180,"column":null}}],"line":180},"35":{"loc":{"start":{"line":183,"column":13},"end":{"line":183,"column":49}},"type":"binary-expr","locations":[{"start":{"line":183,"column":13},"end":{"line":183,"column":46}},{"start":{"line":183,"column":46},"end":{"line":183,"column":49}}],"line":183},"36":{"loc":{"start":{"line":184,"column":13},"end":{"line":184,"column":47}},"type":"binary-expr","locations":[{"start":{"line":184,"column":13},"end":{"line":184,"column":44}},{"start":{"line":184,"column":44},"end":{"line":184,"column":47}}],"line":184},"37":{"loc":{"start":{"line":189,"column":4},"end":{"line":189,"column":null}},"type":"if","locations":[{"start":{"line":189,"column":4},"end":{"line":189,"column":null}},{"start":{},"end":{}}],"line":189},"38":{"loc":{"start":{"line":189,"column":8},"end":{"line":189,"column":64}},"type":"binary-expr","locations":[{"start":{"line":189,"column":8},"end":{"line":189,"column":27}},{"start":{"line":189,"column":27},"end":{"line":189,"column":64}}],"line":189},"39":{"loc":{"start":{"line":192,"column":11},"end":{"line":192,"column":39}},"type":"binary-expr","locations":[{"start":{"line":192,"column":11},"end":{"line":192,"column":24}},{"start":{"line":192,"column":28},"end":{"line":192,"column":39}}],"line":192},"40":{"loc":{"start":{"line":210,"column":4},"end":{"line":210,"column":null}},"type":"if","locations":[{"start":{"line":210,"column":4},"end":{"line":210,"column":null}},{"start":{},"end":{}}],"line":210},"41":{"loc":{"start":{"line":212,"column":25},"end":{"line":212,"column":73}},"type":"cond-expr","locations":[{"start":{"line":212,"column":38},"end":{"line":212,"column":60}},{"start":{"line":212,"column":63},"end":{"line":212,"column":73}}],"line":212},"42":{"loc":{"start":{"line":221,"column":4},"end":{"line":338,"column":null}},"type":"if","locations":[{"start":{"line":221,"column":4},"end":{"line":338,"column":null}},{"start":{},"end":{}}],"line":221},"43":{"loc":{"start":{"line":223,"column":8},"end":{"line":225,"column":null}},"type":"cond-expr","locations":[{"start":{"line":224,"column":12},"end":{"line":224,"column":40}},{"start":{"line":225,"column":12},"end":{"line":225,"column":null}}],"line":223},"44":{"loc":{"start":{"line":227,"column":8},"end":{"line":229,"column":null}},"type":"cond-expr","locations":[{"start":{"line":228,"column":12},"end":{"line":228,"column":38}},{"start":{"line":229,"column":12},"end":{"line":229,"column":null}}],"line":227},"45":{"loc":{"start":{"line":230,"column":27},"end":{"line":232,"column":null}},"type":"cond-expr","locations":[{"start":{"line":231,"column":10},"end":{"line":231,"column":null}},{"start":{"line":232,"column":10},"end":{"line":232,"column":null}}],"line":230},"46":{"loc":{"start":{"line":231,"column":13},"end":{"line":231,"column":67}},"type":"cond-expr","locations":[{"start":{"line":231,"column":25},"end":{"line":231,"column":51}},{"start":{"line":231,"column":54},"end":{"line":231,"column":67}}],"line":231},"47":{"loc":{"start":{"line":231,"column":73},"end":{"line":231,"column":null}},"type":"cond-expr","locations":[{"start":{"line":231,"column":83},"end":{"line":231,"column":107}},{"start":{"line":231,"column":110},"end":{"line":231,"column":null}}],"line":231},"48":{"loc":{"start":{"line":259,"column":37},"end":{"line":259,"column":null}},"type":"binary-expr","locations":[{"start":{"line":259,"column":37},"end":{"line":259,"column":59}},{"start":{"line":259,"column":59},"end":{"line":259,"column":null}}],"line":259},"49":{"loc":{"start":{"line":277,"column":35},"end":{"line":277,"column":null}},"type":"binary-expr","locations":[{"start":{"line":277,"column":35},"end":{"line":277,"column":57}},{"start":{"line":277,"column":57},"end":{"line":277,"column":null}}],"line":277},"50":{"loc":{"start":{"line":286,"column":11},"end":{"line":338,"column":null}},"type":"cond-expr","locations":[{"start":{"line":287,"column":12},"end":{"line":338,"column":null}},{"start":{"line":338,"column":14},"end":{"line":338,"column":null}}],"line":286},"51":{"loc":{"start":{"line":292,"column":31},"end":{"line":294,"column":null}},"type":"cond-expr","locations":[{"start":{"line":292,"column":42},"end":{"line":293,"column":53}},{"start":{"line":294,"column":22},"end":{"line":294,"column":null}}],"line":292},"52":{"loc":{"start":{"line":295,"column":29},"end":{"line":297,"column":null}},"type":"cond-expr","locations":[{"start":{"line":295,"column":40},"end":{"line":296,"column":51}},{"start":{"line":297,"column":22},"end":{"line":297,"column":null}}],"line":295},"53":{"loc":{"start":{"line":343,"column":4},"end":{"line":377,"column":null}},"type":"if","locations":[{"start":{"line":343,"column":4},"end":{"line":377,"column":null}},{"start":{},"end":{}}],"line":343},"54":{"loc":{"start":{"line":345,"column":8},"end":{"line":347,"column":null}},"type":"cond-expr","locations":[{"start":{"line":346,"column":12},"end":{"line":346,"column":36}},{"start":{"line":347,"column":12},"end":{"line":347,"column":null}}],"line":345},"55":{"loc":{"start":{"line":345,"column":8},"end":{"line":345,"column":null}},"type":"binary-expr","locations":[{"start":{"line":345,"column":8},"end":{"line":345,"column":48}},{"start":{"line":345,"column":48},"end":{"line":345,"column":null}}],"line":345},"56":{"loc":{"start":{"line":359,"column":29},"end":{"line":359,"column":null}},"type":"cond-expr","locations":[{"start":{"line":359,"column":51},"end":{"line":359,"column":58}},{"start":{"line":359,"column":58},"end":{"line":359,"column":null}}],"line":359},"57":{"loc":{"start":{"line":384,"column":4},"end":{"line":428,"column":null}},"type":"if","locations":[{"start":{"line":384,"column":4},"end":{"line":428,"column":null}},{"start":{},"end":{}}],"line":384},"58":{"loc":{"start":{"line":385,"column":23},"end":{"line":387,"column":12}},"type":"cond-expr","locations":[{"start":{"line":386,"column":11},"end":{"line":386,"column":null}},{"start":{"line":387,"column":10},"end":{"line":387,"column":12}}],"line":385},"59":{"loc":{"start":{"line":407,"column":41},"end":{"line":409,"column":30}},"type":"cond-expr","locations":[{"start":{"line":408,"column":29},"end":{"line":408,"column":null}},{"start":{"line":409,"column":28},"end":{"line":409,"column":30}}],"line":407},"60":{"loc":{"start":{"line":410,"column":37},"end":{"line":414,"column":55}},"type":"cond-expr","locations":[{"start":{"line":411,"column":28},"end":{"line":412,"column":null}},{"start":{"line":414,"column":28},"end":{"line":414,"column":55}}],"line":410},"61":{"loc":{"start":{"line":418,"column":39},"end":{"line":418,"column":null}},"type":"cond-expr","locations":[{"start":{"line":418,"column":53},"end":{"line":418,"column":60}},{"start":{"line":418,"column":60},"end":{"line":418,"column":null}}],"line":418},"62":{"loc":{"start":{"line":433,"column":4},"end":{"line":481,"column":null}},"type":"if","locations":[{"start":{"line":433,"column":4},"end":{"line":481,"column":null}},{"start":{},"end":{}}],"line":433},"63":{"loc":{"start":{"line":446,"column":17},"end":{"line":446,"column":null}},"type":"binary-expr","locations":[{"start":{"line":446,"column":17},"end":{"line":446,"column":35}},{"start":{"line":446,"column":35},"end":{"line":446,"column":null}}],"line":446},"64":{"loc":{"start":{"line":451,"column":23},"end":{"line":451,"column":null}},"type":"cond-expr","locations":[{"start":{"line":451,"column":54},"end":{"line":451,"column":70}},{"start":{"line":451,"column":73},"end":{"line":451,"column":null}}],"line":451},"65":{"loc":{"start":{"line":456,"column":36},"end":{"line":456,"column":null}},"type":"cond-expr","locations":[{"start":{"line":456,"column":42},"end":{"line":456,"column":53}},{"start":{"line":456,"column":56},"end":{"line":456,"column":null}}],"line":456},"66":{"loc":{"start":{"line":460,"column":46},"end":{"line":460,"column":null}},"type":"binary-expr","locations":[{"start":{"line":460,"column":46},"end":{"line":460,"column":64}},{"start":{"line":460,"column":64},"end":{"line":460,"column":null}}],"line":460},"67":{"loc":{"start":{"line":466,"column":17},"end":{"line":466,"column":null}},"type":"binary-expr","locations":[{"start":{"line":466,"column":17},"end":{"line":466,"column":35}},{"start":{"line":466,"column":35},"end":{"line":466,"column":null}}],"line":466},"68":{"loc":{"start":{"line":471,"column":23},"end":{"line":471,"column":null}},"type":"cond-expr","locations":[{"start":{"line":471,"column":54},"end":{"line":471,"column":70}},{"start":{"line":471,"column":73},"end":{"line":471,"column":null}}],"line":471},"69":{"loc":{"start":{"line":476,"column":36},"end":{"line":476,"column":null}},"type":"cond-expr","locations":[{"start":{"line":476,"column":42},"end":{"line":476,"column":53}},{"start":{"line":476,"column":56},"end":{"line":476,"column":null}}],"line":476},"70":{"loc":{"start":{"line":480,"column":46},"end":{"line":480,"column":null}},"type":"binary-expr","locations":[{"start":{"line":480,"column":46},"end":{"line":480,"column":64}},{"start":{"line":480,"column":64},"end":{"line":480,"column":null}}],"line":480},"71":{"loc":{"start":{"line":495,"column":8},"end":{"line":496,"column":null}},"type":"if","locations":[{"start":{"line":495,"column":8},"end":{"line":496,"column":null}},{"start":{},"end":{}}],"line":495},"72":{"loc":{"start":{"line":517,"column":13},"end":{"line":528,"column":null}},"type":"cond-expr","locations":[{"start":{"line":518,"column":14},"end":{"line":528,"column":null}},{"start":{"line":528,"column":16},"end":{"line":528,"column":null}}],"line":517},"73":{"loc":{"start":{"line":530,"column":13},"end":{"line":595,"column":null}},"type":"cond-expr","locations":[{"start":{"line":531,"column":14},"end":{"line":565,"column":15}},{"start":{"line":565,"column":14},"end":{"line":595,"column":null}}],"line":530},"74":{"loc":{"start":{"line":536,"column":39},"end":{"line":536,"column":62}},"type":"binary-expr","locations":[{"start":{"line":536,"column":39},"end":{"line":536,"column":52}},{"start":{"line":536,"column":52},"end":{"line":536,"column":62}}],"line":536},"75":{"loc":{"start":{"line":568,"column":18},"end":{"line":570,"column":null}},"type":"cond-expr","locations":[{"start":{"line":569,"column":22},"end":{"line":569,"column":null}},{"start":{"line":570,"column":22},"end":{"line":570,"column":null}}],"line":568},"76":{"loc":{"start":{"line":573,"column":17},"end":{"line":582,"column":null}},"type":"cond-expr","locations":[{"start":{"line":574,"column":18},"end":{"line":582,"column":null}},{"start":{"line":582,"column":20},"end":{"line":582,"column":null}}],"line":573},"77":{"loc":{"start":{"line":573,"column":17},"end":{"line":573,"column":null}},"type":"binary-expr","locations":[{"start":{"line":573,"column":17},"end":{"line":573,"column":35}},{"start":{"line":573,"column":35},"end":{"line":573,"column":null}}],"line":573},"78":{"loc":{"start":{"line":577,"column":22},"end":{"line":577,"column":null}},"type":"cond-expr","locations":[{"start":{"line":577,"column":51},"end":{"line":577,"column":65}},{"start":{"line":577,"column":65},"end":{"line":577,"column":null}}],"line":577}},"s":{"0":1,"1":1,"2":59,"3":59,"4":0,"5":59,"6":17,"7":17,"8":17,"9":6,"10":11,"11":17,"12":3,"13":14,"14":2,"15":12,"16":203,"17":43,"18":160,"19":52,"20":108,"21":93,"22":23,"23":23,"24":23,"25":9,"26":14,"27":23,"28":23,"29":70,"30":23,"31":23,"32":12,"33":11,"34":22,"35":47,"36":23,"37":23,"38":13,"39":10,"40":10,"41":10,"42":0,"43":24,"44":23,"45":23,"46":23,"47":14,"48":9,"49":23,"50":23,"51":1,"52":30,"53":8,"54":0,"55":8,"56":30,"57":8,"58":0,"59":8,"60":9,"61":8,"62":8,"63":8,"64":8,"65":30,"66":30,"67":30,"68":30,"69":30,"70":30,"71":8,"72":8,"73":30,"74":8,"75":8,"76":30,"77":18,"78":1,"79":17,"80":30,"81":18,"82":1,"83":17,"84":17,"85":17,"86":30,"87":18,"88":69,"89":69,"90":30,"91":12,"92":4,"93":8,"94":8,"95":30,"96":30,"97":30,"98":117,"99":29,"100":29,"101":29,"102":29,"103":1,"104":1,"105":1,"106":1,"107":0,"108":0,"109":0,"110":0,"111":88,"112":29,"113":29,"114":1,"115":1,"116":58,"117":59,"118":29,"119":29,"120":58,"121":58,"122":1,"123":1,"124":1,"125":0,"126":1,"127":30,"128":29,"129":29,"130":29,"131":3,"132":3,"133":3,"134":3,"135":3,"136":3,"137":1,"138":30,"139":1,"140":0,"141":1,"142":47,"143":2,"144":24,"145":93,"146":70,"147":1,"148":1,"149":1,"150":1,"151":1,"152":1},"f":{"0":59,"1":17,"2":17,"3":203,"4":93,"5":22,"6":10,"7":30,"8":8,"9":8,"10":9,"11":8,"12":30,"13":8,"14":8,"15":8,"16":18,"17":18,"18":18,"19":69,"20":69,"21":12,"22":117,"23":1,"24":1,"25":1,"26":1,"27":0,"28":0,"29":1,"30":1,"31":58,"32":58,"33":1,"34":1,"35":0,"36":3,"37":3,"38":3,"39":3,"40":1,"41":47,"42":2,"43":24,"44":93,"45":70,"46":1,"47":1,"48":1},"b":{"0":[0,59],"1":[11,6],"2":[10,7],"3":[6,11],"4":[17,6],"5":[11,0],"6":[17,1],"7":[3,14],"8":[2,12],"9":[43,160],"10":[52,108],"11":[23,70],"12":[9,14],"13":[23,9],"14":[14,0],"15":[13,1],"16":[23,47],"17":[12,11],"18":[11,0],"19":[23,24],"20":[10,13],"21":[13,10],"22":[10,0],"23":[10,0],"24":[23,1],"25":[14,9],"26":[23,14],"27":[9,0],"28":[6,3],"29":[0,8],"30":[0,8],"31":[8,0],"32":[8,1],"33":[1,17],"34":[18,17],"35":[17,6],"36":[18,7],"37":[1,17],"38":[18,17],"39":[17,6],"40":[4,8],"41":[8,0],"42":[29,88],"43":[17,12],"44":[15,14],"45":[17,12],"46":[17,0],"47":[15,2],"48":[1,0],"49":[1,0],"50":[22,7],"51":[0,0],"52":[0,0],"53":[29,59],"54":[11,18],"55":[29,11],"56":[0,1],"57":[29,30],"58":[10,19],"59":[0,1],"60":[0,1],"61":[1,0],"62":[29,1],"63":[29,0],"64":[9,20],"65":[3,0],"66":[29,0],"67":[29,0],"68":[6,23],"69":[3,0],"70":[29,0],"71":[0,1],"72":[17,13],"73":[6,24],"74":[2,0],"75":[23,1],"76":[23,1],"77":[24,23],"78":[22,1]},"meta":{"lastBranch":79,"lastFunction":49,"lastStatement":153,"seen":{"s:44:26:44:Infinity":0,"s:45:27:45:Infinity":1,"f:47:9:47:25":0,"s:48:8:48:42":2,"b:49:2:49:Infinity:undefined:undefined:undefined:undefined":0,"s:49:2:49:Infinity":3,"s:49:15:49:Infinity":4,"s:50:2:50:Infinity":5,"f:53:9:53:Infinity":1,"s:57:19:57:Infinity":6,"b:57:19:57:50:57:53:57:Infinity":1,"s:58:17:58:Infinity":7,"b:58:17:58:44:58:47:58:Infinity":2,"b:59:2:59:Infinity:undefined:undefined:undefined:undefined":3,"s:59:2:59:Infinity":8,"b:59:6:59:19:59:19:59:28":4,"s:59:28:59:Infinity":9,"s:60:2:63:Infinity":10,"b:61:10:61:22:61:22:61:Infinity":5,"b:62:8:62:18:62:18:62:Infinity":6,"f:66:9:66:25":2,"b:67:2:67:Infinity:undefined:undefined:undefined:undefined":7,"s:67:2:67:Infinity":11,"s:67:33:67:Infinity":12,"b:68:2:68:Infinity:undefined:undefined:undefined:undefined":8,"s:68:2:68:Infinity":13,"s:68:34:68:Infinity":14,"s:69:2:69:Infinity":15,"f:72:9:72:20":3,"b:73:2:74:Infinity:undefined:undefined:undefined:undefined":9,"s:73:2:74:Infinity":16,"s:74:4:74:Infinity":17,"b:77:2:78:Infinity:undefined:undefined:undefined:undefined":10,"s:77:2:78:Infinity":18,"s:78:4:78:Infinity":19,"s:81:2:81:Infinity":20,"f:84:9:84:25":4,"b:85:2:92:Infinity:undefined:undefined:undefined:undefined":11,"s:85:2:92:Infinity":21,"s:86:17:86:Infinity":22,"s:87:15:87:Infinity":23,"b:88:4:88:Infinity:undefined:undefined:undefined:undefined":12,"s:88:4:88:Infinity":24,"b:88:8:88:17:88:17:88:22":13,"s:88:22:88:Infinity":25,"s:90:22:90:Infinity":26,"b:90:29:90:58:90:61:90:Infinity":14,"s:91:20:91:Infinity":27,"b:91:25:91:52:91:55:91:Infinity":15,"s:92:4:92:Infinity":28,"b:95:2:101:Infinity:undefined:undefined:undefined:undefined":16,"s:95:2:101:Infinity":29,"s:96:26:96:Infinity":30,"b:97:4:97:Infinity:undefined:undefined:undefined:undefined":17,"s:97:4:97:Infinity":31,"s:97:24:97:Infinity":32,"s:99:4:101:Infinity":33,"b:100:6:100:Infinity:101:6:101:27":18,"f:100:20:100:26":5,"s:100:37:100:68":34,"b:105:2:116:Infinity:undefined:undefined:undefined:undefined":19,"s:105:2:116:Infinity":35,"s:106:21:108:10":36,"b:107:9:107:Infinity:108:8:108:10":20,"b:109:4:109:Infinity:undefined:undefined:undefined:undefined":21,"s:109:4:109:Infinity":37,"s:109:26:109:Infinity":38,"b:110:4:113:Infinity:undefined:undefined:undefined:undefined":22,"s:110:4:113:Infinity":39,"s:111:6:113:Infinity":40,"b:112:8:112:Infinity:113:8:113:Infinity":23,"f:112:22:112:28":6,"s:112:39:112:68":41,"s:116:4:116:Infinity":42,"b:119:2:126:Infinity:undefined:undefined:undefined:undefined":24,"s:119:2:126:Infinity":43,"s:120:21:120:Infinity":44,"s:121:21:121:Infinity":45,"b:122:4:123:Infinity:undefined:undefined:undefined:undefined":25,"s:122:4:123:Infinity":46,"b:122:8:122:40:122:40:122:Infinity":26,"s:123:6:123:Infinity":47,"s:124:21:124:Infinity":48,"b:124:52:124:68:124:71:124:Infinity":27,"s:125:21:125:Infinity":49,"b:125:52:125:68:125:71:125:Infinity":28,"s:126:4:126:Infinity":50,"s:129:2:129:Infinity":51,"f:132:9:132:27":7,"s:133:15:136:Infinity":52,"f:133:26:133:55":8,"b:134:4:134:Infinity:undefined:undefined:undefined:undefined":29,"s:134:4:134:Infinity":53,"s:134:39:134:Infinity":54,"s:135:4:135:Infinity":55,"s:138:2:149:Infinity":56,"f:138:2:138:18":9,"b:139:4:139:Infinity:undefined:undefined:undefined:undefined":30,"s:139:4:139:Infinity":57,"s:139:39:139:Infinity":58,"s:141:10:142:Infinity":59,"f:141:10:141:31":10,"s:142:6:142:Infinity":60,"s:145:4:145:Infinity":61,"s:146:4:146:Infinity":62,"s:148:4:148:Infinity":63,"f:148:4:148:17":11,"s:148:17:148:67":64,"s:151:2:151:Infinity":65,"f:154:16:154:28":12,"s:163:16:163:57":66,"s:164:23:164:40":67,"s:165:19:165:Infinity":68,"s:166:29:166:Infinity":69,"s:167:28:172:Infinity":70,"f:167:52:167:Infinity":13,"s:170:23:170:Infinity":71,"s:171:4:171:Infinity":72,"b:171:24:171:46:171:49:171:Infinity":31,"s:174:8:176:Infinity":73,"f:174:25:174:Infinity":14,"s:175:10:175:Infinity":74,"b:175:10:175:60:175:64:175:Infinity":32,"f:175:17:175:23":15,"s:175:33:175:60":75,"s:179:8:186:29":76,"f:179:20:179:34":16,"b:180:4:181:Infinity:undefined:undefined:undefined:undefined":33,"s:180:4:181:Infinity":77,"b:180:8:180:27:180:27:180:Infinity":34,"s:181:6:181:Infinity":78,"s:182:4:185:Infinity":79,"b:183:13:183:46:183:46:183:49":35,"b:184:13:184:44:184:44:184:47":36,"s:188:8:193:29":80,"f:188:23:188:37":17,"b:189:4:189:Infinity:undefined:undefined:undefined:undefined":37,"s:189:4:189:Infinity":81,"b:189:8:189:27:189:27:189:64":38,"s:189:64:189:Infinity":82,"s:190:17:190:Infinity":83,"s:191:15:191:Infinity":84,"s:192:4:192:Infinity":85,"b:192:11:192:24:192:28:192:39":39,"s:195:8:206:Infinity":86,"f:195:26:195:Infinity":18,"s:197:6:204:Infinity":87,"f:198:9:198:14":19,"s:198:25:202:11":88,"f:203:9:203:Infinity":20,"s:204:27:204:79":89,"s:209:2:213:Infinity":90,"f:209:2:209:18":21,"b:210:4:210:Infinity:undefined:undefined:undefined:undefined":40,"s:210:4:210:Infinity":91,"s:210:15:210:Infinity":92,"s:211:23:211:Infinity":93,"s:212:4:212:Infinity":94,"b:212:38:212:60:212:63:212:73":41,"s:216:4:216:Infinity":95,"s:218:4:218:Infinity":96,"s:220:8:488:Infinity":97,"f:220:8:220:27":22,"b:221:4:338:Infinity:undefined:undefined:undefined:undefined":42,"s:221:4:338:Infinity":98,"s:223:8:225:Infinity":99,"b:224:12:224:40:225:12:225:Infinity":43,"s:227:8:229:Infinity":100,"b:228:12:228:38:229:12:229:Infinity":44,"s:230:27:232:Infinity":101,"b:231:10:231:Infinity:232:10:232:Infinity":45,"b:231:25:231:51:231:54:231:67":46,"b:231:83:231:107:231:110:231:Infinity":47,"s:234:6:338:Infinity":102,"f:256:16:256:27":23,"s:257:18:260:21":103,"f:257:18:257:28":24,"s:257:38:260:21":104,"b:259:37:259:59:259:59:259:Infinity":48,"f:274:16:274:27":25,"s:275:18:278:21":105,"f:275:18:275:28":26,"s:275:38:278:21":106,"b:277:35:277:57:277:57:277:Infinity":49,"b:287:12:338:Infinity:338:14:338:Infinity":50,"f:291:16:291:27":27,"s:292:31:294:Infinity":107,"b:292:42:293:53:294:22:294:Infinity":51,"s:295:29:297:Infinity":108,"b:295:40:296:51:297:22:297:Infinity":52,"s:298:18:302:Infinity":109,"f:298:18:298:28":28,"s:298:38:302:21":110,"b:343:4:377:Infinity:undefined:undefined:undefined:undefined":53,"s:343:4:377:Infinity":111,"s:345:8:347:Infinity":112,"b:346:12:346:36:347:12:347:Infinity":54,"b:345:8:345:48:345:48:345:Infinity":55,"s:349:6:377:Infinity":113,"f:356:12:356:28":29,"s:357:14:360:17":114,"f:357:14:357:24":30,"s:357:34:360:17":115,"b:359:51:359:58:359:58:359:Infinity":56,"f:373:29:373:34":31,"s:374:16:376:Infinity":116,"b:384:4:428:Infinity:undefined:undefined:undefined:undefined":57,"s:384:4:428:Infinity":117,"s:385:23:387:12":118,"b:386:11:386:Infinity:387:10:387:12":58,"s:389:6:428:Infinity":119,"f:395:27:395:32":32,"s:396:30:396:61":120,"s:398:14:425:Infinity":121,"f:405:20:405:43":33,"s:406:22:420:Infinity":122,"f:406:22:406:32":34,"s:407:41:409:30":123,"b:408:29:408:Infinity:409:28:409:30":59,"s:410:37:414:55":124,"b:411:28:412:Infinity:414:28:414:55":60,"f:411:37:411:Infinity":35,"s:412:49:412:Infinity":125,"s:416:24:419:Infinity":126,"b:418:53:418:60:418:60:418:Infinity":61,"b:433:4:481:Infinity:undefined:undefined:undefined:undefined":62,"s:433:4:481:Infinity":127,"s:434:23:434:Infinity":128,"s:435:23:435:Infinity":129,"s:437:6:481:Infinity":130,"b:446:17:446:35:446:35:446:Infinity":63,"b:451:54:451:70:451:73:451:Infinity":64,"f:452:16:452:27":36,"s:453:30:453:55":131,"s:454:18:457:Infinity":132,"f:454:18:454:28":37,"s:454:38:457:21":133,"b:456:42:456:53:456:56:456:Infinity":65,"b:460:46:460:64:460:64:460:Infinity":66,"b:466:17:466:35:466:35:466:Infinity":67,"b:471:54:471:70:471:73:471:Infinity":68,"f:472:16:472:27":38,"s:473:30:473:55":134,"s:474:18:477:Infinity":135,"f:474:18:474:28":39,"s:474:38:477:21":136,"b:476:42:476:53:476:56:476:Infinity":69,"b:480:46:480:64:480:64:480:Infinity":70,"s:488:4:488:Infinity":137,"s:491:2:635:Infinity":138,"f:494:6:494:21":40,"b:495:8:496:Infinity:undefined:undefined:undefined:undefined":71,"s:495:8:496:Infinity":139,"s:496:10:496:Infinity":140,"s:498:8:498:Infinity":141,"b:518:14:528:Infinity:528:16:528:Infinity":72,"f:519:33:519:38":41,"s:520:18:525:Infinity":142,"b:531:14:565:15:565:14:595:Infinity":73,"f:535:16:535:32":42,"s:536:18:536:62":143,"b:536:39:536:52:536:52:536:62":74,"f:540:24:540:29":43,"s:541:18:561:Infinity":144,"b:569:22:569:Infinity:570:22:570:Infinity":75,"b:574:18:582:Infinity:582:20:582:Infinity":76,"b:573:17:573:35:573:35:573:Infinity":77,"b:577:51:577:65:577:65:577:Infinity":78,"f:586:21:586:29":44,"s:586:39:586:66":145,"f:587:21:587:26":45,"s:588:22:593:Infinity":146,"f:605:12:605:27":46,"s:606:14:606:Infinity":147,"s:607:14:607:Infinity":148,"s:608:14:608:Infinity":149,"f:618:14:618:29":47,"s:618:29:618:48":150,"f:625:14:625:29":48,"s:626:16:626:Infinity":151,"s:627:16:627:Infinity":152}}}
}
