{"C:\\Users\\hp\\Desktop\\Work\\Assignment\\aidSprint-app\\admin-aidSprint-app\\src\\assets\\overview\\summary-card-pattern.png": {"path":"C:\\Users\\hp\\Desktop\\Work\\Assignment\\aidSprint-app\\admin-aidSprint-app\\src\\assets\\overview\\summary-card-pattern.png","statementMap":{},"fnMap":{},"branchMap":{},"s":{},"f":{},"b":{},"meta":{"lastBranch":0,"lastFunction":0,"lastStatement":0,"seen":{}}}
,"C:\\Users\\hp\\Desktop\\Work\\Assignment\\aidSprint-app\\admin-aidSprint-app\\src\\components\\dashboard\\live-tracker\\live-tracker-shared.tsx": {"path":"C:\\Users\\hp\\Desktop\\Work\\Assignment\\aidSprint-app\\admin-aidSprint-app\\src\\components\\dashboard\\live-tracker\\live-tracker-shared.tsx","statementMap":{"0":{"start":{"line":18,"column":4},"end":{"line":36,"column":null}},"1":{"start":{"line":39,"column":26},"end":{"line":42,"column":13}},"2":{"start":{"line":44,"column":2},"end":{"line":52,"column":null}},"3":{"start":{"line":45,"column":4},"end":{"line":52,"column":null}},"4":{"start":{"line":56,"column":2},"end":{"line":65,"column":null}},"5":{"start":{"line":74,"column":2},"end":{"line":121,"column":null}},"6":{"start":{"line":136,"column":22},"end":{"line":136,"column":null}},"7":{"start":{"line":136,"column":41},"end":{"line":136,"column":66}},"8":{"start":{"line":137,"column":22},"end":{"line":139,"column":null}},"9":{"start":{"line":141,"column":2},"end":{"line":203,"column":null}},"10":{"start":{"line":156,"column":10},"end":{"line":165,"column":null}},"11":{"start":{"line":170,"column":30},"end":{"line":170,"column":54}},"12":{"start":{"line":181,"column":8},"end":{"line":192,"column":null}},"13":{"start":{"line":195,"column":8},"end":{"line":201,"column":null}},"14":{"start":{"line":200,"column":39},"end":{"line":200,"column":58}},"15":{"start":{"line":215,"column":2},"end":{"line":279,"column":null}}},"fnMap":{"0":{"name":"LiveTrackerPin","decl":{"start":{"line":6,"column":9},"end":{"line":6,"column":24}},"loc":{"start":{"line":16,"column":3},"end":{"line":65,"column":null}},"line":16},"1":{"name":"LiveTrackerCarMarker","decl":{"start":{"line":69,"column":9},"end":{"line":69,"column":30}},"loc":{"start":{"line":73,"column":3},"end":{"line":121,"column":null}},"line":73},"2":{"name":"LiveTrackerMap","decl":{"start":{"line":125,"column":16},"end":{"line":125,"column":31}},"loc":{"start":{"line":135,"column":3},"end":{"line":203,"column":null}},"line":135},"3":{"name":"(anonymous_3)","decl":{"start":{"line":136,"column":27},"end":{"line":136,"column":33}},"loc":{"start":{"line":136,"column":41},"end":{"line":136,"column":66}},"line":136},"4":{"name":"(anonymous_4)","decl":{"start":{"line":155,"column":33},"end":{"line":155,"column":38}},"loc":{"start":{"line":156,"column":10},"end":{"line":165,"column":null}},"line":156},"5":{"name":"(anonymous_5)","decl":{"start":{"line":170,"column":15},"end":{"line":170,"column":20}},"loc":{"start":{"line":170,"column":30},"end":{"line":170,"column":54}},"line":170},"6":{"name":"(anonymous_6)","decl":{"start":{"line":180,"column":29},"end":{"line":180,"column":34}},"loc":{"start":{"line":181,"column":8},"end":{"line":192,"column":null}},"line":181},"7":{"name":"(anonymous_7)","decl":{"start":{"line":194,"column":24},"end":{"line":194,"column":29}},"loc":{"start":{"line":195,"column":8},"end":{"line":201,"column":null}},"line":195},"8":{"name":"(anonymous_8)","decl":{"start":{"line":200,"column":19},"end":{"line":200,"column":39}},"loc":{"start":{"line":200,"column":39},"end":{"line":200,"column":58}},"line":200},"9":{"name":"LiveTrackerSummaryCard","decl":{"start":{"line":208,"column":16},"end":{"line":208,"column":39}},"loc":{"start":{"line":214,"column":3},"end":{"line":279,"column":null}},"line":214}},"branchMap":{"0":{"loc":{"start":{"line":23,"column":12},"end":{"line":23,"column":null}},"type":"cond-expr","locations":[{"start":{"line":23,"column":23},"end":{"line":23,"column":40}},{"start":{"line":23,"column":40},"end":{"line":23,"column":null}}],"line":23},"1":{"loc":{"start":{"line":29,"column":12},"end":{"line":29,"column":null}},"type":"cond-expr","locations":[{"start":{"line":29,"column":23},"end":{"line":29,"column":40}},{"start":{"line":29,"column":40},"end":{"line":29,"column":null}}],"line":29},"2":{"loc":{"start":{"line":41,"column":4},"end":{"line":41,"column":null}},"type":"cond-expr","locations":[{"start":{"line":41,"column":15},"end":{"line":41,"column":24}},{"start":{"line":41,"column":24},"end":{"line":41,"column":null}}],"line":41},"3":{"loc":{"start":{"line":44,"column":2},"end":{"line":52,"column":null}},"type":"if","locations":[{"start":{"line":44,"column":2},"end":{"line":52,"column":null}},{"start":{},"end":{}}],"line":44},"4":{"loc":{"start":{"line":129,"column":2},"end":{"line":129,"column":null}},"type":"default-arg","locations":[{"start":{"line":129,"column":14},"end":{"line":129,"column":null}}],"line":129},"5":{"loc":{"start":{"line":136,"column":22},"end":{"line":136,"column":null}},"type":"binary-expr","locations":[{"start":{"line":136,"column":22},"end":{"line":136,"column":66}},{"start":{"line":136,"column":70},"end":{"line":136,"column":null}}],"line":136},"6":{"loc":{"start":{"line":137,"column":22},"end":{"line":139,"column":null}},"type":"cond-expr","locations":[{"start":{"line":137,"column":22},"end":{"line":138,"column":65}},{"start":{"line":139,"column":6},"end":{"line":139,"column":null}}],"line":137},"7":{"loc":{"start":{"line":167,"column":9},"end":{"line":178,"column":null}},"type":"cond-expr","locations":[{"start":{"line":168,"column":10},"end":{"line":178,"column":null}},{"start":{"line":178,"column":12},"end":{"line":178,"column":null}}],"line":167},"8":{"loc":{"start":{"line":200,"column":19},"end":{"line":200,"column":null}},"type":"cond-expr","locations":[{"start":{"line":200,"column":19},"end":{"line":200,"column":58}},{"start":{"line":200,"column":61},"end":{"line":200,"column":null}}],"line":200},"9":{"loc":{"start":{"line":203,"column":7},"end":{"line":203,"column":null}},"type":"cond-expr","locations":[{"start":{"line":203,"column":36},"end":{"line":203,"column":null}},{"start":{"line":203,"column":86},"end":{"line":203,"column":null}}],"line":203},"10":{"loc":{"start":{"line":203,"column":7},"end":{"line":203,"column":36}},"type":"binary-expr","locations":[{"start":{"line":203,"column":7},"end":{"line":203,"column":22}},{"start":{"line":203,"column":22},"end":{"line":203,"column":36}}],"line":203},"11":{"loc":{"start":{"line":210,"column":2},"end":{"line":210,"column":null}},"type":"default-arg","locations":[{"start":{"line":210,"column":14},"end":{"line":210,"column":null}}],"line":210}},"s":{"0":2,"1":2,"2":2,"3":2,"4":0,"5":2,"6":2,"7":2,"8":2,"9":2,"10":38,"11":8,"12":40,"13":2,"14":0,"15":2},"f":{"0":2,"1":2,"2":2,"3":2,"4":38,"5":8,"6":40,"7":2,"8":0,"9":2},"b":{"0":[2,0],"1":[2,0],"2":[2,0],"3":[2,0],"4":[2],"5":[2,0],"6":[2,0],"7":[2,0],"8":[0,2],"9":[2,0],"10":[2,2],"11":[2]},"meta":{"lastBranch":12,"lastFunction":10,"lastStatement":16,"seen":{"f:6:9:6:24":0,"s:18:4:36:Infinity":0,"b:23:23:23:40:23:40:23:Infinity":0,"b:29:23:29:40:29:40:29:Infinity":1,"s:39:26:42:13":1,"b:41:15:41:24:41:24:41:Infinity":2,"b:44:2:52:Infinity:undefined:undefined:undefined:undefined":3,"s:44:2:52:Infinity":2,"s:45:4:52:Infinity":3,"s:56:2:65:Infinity":4,"f:69:9:69:30":1,"s:74:2:121:Infinity":5,"f:125:16:125:31":2,"b:129:14:129:Infinity":4,"s:136:22:136:Infinity":6,"b:136:22:136:66:136:70:136:Infinity":5,"f:136:27:136:33":3,"s:136:41:136:66":7,"s:137:22:139:Infinity":8,"b:137:22:138:65:139:6:139:Infinity":6,"s:141:2:203:Infinity":9,"f:155:33:155:38":4,"s:156:10:165:Infinity":10,"b:168:10:178:Infinity:178:12:178:Infinity":7,"f:170:15:170:20":5,"s:170:30:170:54":11,"f:180:29:180:34":6,"s:181:8:192:Infinity":12,"f:194:24:194:29":7,"s:195:8:201:Infinity":13,"b:200:19:200:58:200:61:200:Infinity":8,"f:200:19:200:39":8,"s:200:39:200:58":14,"b:203:36:203:Infinity:203:86:203:Infinity":9,"b:203:7:203:22:203:22:203:36":10,"f:208:16:208:39":9,"b:210:14:210:Infinity":11,"s:215:2:279:Infinity":15}}}
,"C:\\Users\\hp\\Desktop\\Work\\Assignment\\aidSprint-app\\admin-aidSprint-app\\src\\components\\dashboard\\live-tracker\\live-tracker.data.ts": {"path":"C:\\Users\\hp\\Desktop\\Work\\Assignment\\aidSprint-app\\admin-aidSprint-app\\src\\components\\dashboard\\live-tracker\\live-tracker.data.ts","statementMap":{"0":{"start":{"line":19,"column":4},"end":{"line":111,"column":null}},"1":{"start":{"line":113,"column":65},"end":{"line":133,"column":null}},"2":{"start":{"line":135,"column":61},"end":{"line":156,"column":null}},"3":{"start":{"line":158,"column":49},"end":{"line":195,"column":5}},"4":{"start":{"line":160,"column":4},"end":{"line":164,"column":7}},"5":{"start":{"line":160,"column":42},"end":{"line":164,"column":7}},"6":{"start":{"line":173,"column":9},"end":{"line":173,"column":33}},"7":{"start":{"line":175,"column":44},"end":{"line":195,"column":5}},"8":{"start":{"line":197,"column":57},"end":{"line":273,"column":null}}},"fnMap":{"0":{"name":"(anonymous_0)","decl":{"start":{"line":159,"column":3},"end":{"line":159,"column":12}},"loc":{"start":{"line":160,"column":4},"end":{"line":164,"column":7}},"line":160},"1":{"name":"(anonymous_1)","decl":{"start":{"line":160,"column":24},"end":{"line":160,"column":29}},"loc":{"start":{"line":160,"column":42},"end":{"line":164,"column":7}},"line":160},"2":{"name":"(anonymous_2)","decl":{"start":{"line":166,"column":3},"end":{"line":166,"column":null}},"loc":{"start":{"line":173,"column":9},"end":{"line":173,"column":33}},"line":173},"3":{"name":"(anonymous_3)","decl":{"start":{"line":175,"column":3},"end":{"line":175,"column":8}},"loc":{"start":{"line":175,"column":44},"end":{"line":195,"column":5}},"line":175}},"branchMap":{"0":{"loc":{"start":{"line":189,"column":6},"end":{"line":193,"column":null}},"type":"cond-expr","locations":[{"start":{"line":190,"column":10},"end":{"line":190,"column":null}},{"start":{"line":191,"column":10},"end":{"line":193,"column":null}}],"line":189},"1":{"loc":{"start":{"line":191,"column":10},"end":{"line":193,"column":null}},"type":"cond-expr","locations":[{"start":{"line":192,"column":12},"end":{"line":192,"column":null}},{"start":{"line":193,"column":12},"end":{"line":193,"column":null}}],"line":191}},"s":{"0":2,"1":2,"2":2,"3":2,"4":16,"5":26,"6":26,"7":14,"8":2},"f":{"0":16,"1":26,"2":26,"3":14},"b":{"0":[8,6],"1":[4,2]},"meta":{"lastBranch":2,"lastFunction":4,"lastStatement":9,"seen":{"s:19:4:111:Infinity":0,"s:113:65:133:Infinity":1,"s:135:61:156:Infinity":2,"s:158:49:195:5":3,"f:159:3:159:12":0,"s:160:4:164:7":4,"f:160:24:160:29":1,"s:160:42:164:7":5,"f:166:3:166:Infinity":2,"s:173:9:173:33":6,"f:175:3:175:8":3,"s:175:44:195:5":7,"b:190:10:190:Infinity:191:10:193:Infinity":0,"b:192:12:192:Infinity:193:12:193:Infinity":1,"s:197:57:273:Infinity":8}}}
,"C:\\Users\\hp\\Desktop\\Work\\Assignment\\aidSprint-app\\admin-aidSprint-app\\src\\components\\dashboard\\live-tracker\\live-tracker.utils.ts": {"path":"C:\\Users\\hp\\Desktop\\Work\\Assignment\\aidSprint-app\\admin-aidSprint-app\\src\\components\\dashboard\\live-tracker\\live-tracker.utils.ts","statementMap":{"0":{"start":{"line":7,"column":2},"end":{"line":7,"column":null}},"1":{"start":{"line":11,"column":2},"end":{"line":11,"column":null}},"2":{"start":{"line":15,"column":2},"end":{"line":16,"column":null}},"3":{"start":{"line":16,"column":4},"end":{"line":16,"column":null}},"4":{"start":{"line":19,"column":2},"end":{"line":20,"column":null}},"5":{"start":{"line":20,"column":4},"end":{"line":20,"column":null}},"6":{"start":{"line":23,"column":29},"end":{"line":23,"column":52}},"7":{"start":{"line":24,"column":25},"end":{"line":25,"column":null}},"8":{"start":{"line":25,"column":4},"end":{"line":25,"column":49}},"9":{"start":{"line":27,"column":22},"end":{"line":27,"column":77}},"10":{"start":{"line":27,"column":61},"end":{"line":27,"column":75}},"11":{"start":{"line":28,"column":23},"end":{"line":28,"column":null}},"12":{"start":{"line":30,"column":24},"end":{"line":30,"column":null}},"13":{"start":{"line":32,"column":2},"end":{"line":46,"column":null}},"14":{"start":{"line":32,"column":19},"end":{"line":32,"column":22}},"15":{"start":{"line":33,"column":26},"end":{"line":33,"column":null}},"16":{"start":{"line":35,"column":4},"end":{"line":43,"column":null}},"17":{"start":{"line":36,"column":12},"end":{"line":36,"column":null}},"18":{"start":{"line":37,"column":25},"end":{"line":37,"column":null}},"19":{"start":{"line":38,"column":23},"end":{"line":38,"column":null}},"20":{"start":{"line":40,"column":6},"end":{"line":43,"column":null}},"21":{"start":{"line":46,"column":4},"end":{"line":46,"column":null}},"22":{"start":{"line":49,"column":2},"end":{"line":49,"column":null}},"23":{"start":{"line":56,"column":2},"end":{"line":57,"column":null}},"24":{"start":{"line":57,"column":4},"end":{"line":57,"column":null}},"25":{"start":{"line":60,"column":2},"end":{"line":60,"column":null}},"26":{"start":{"line":60,"column":28},"end":{"line":60,"column":56}},"27":{"start":{"line":67,"column":2},"end":{"line":109,"column":null}},"28":{"start":{"line":68,"column":4},"end":{"line":69,"column":null}},"29":{"start":{"line":69,"column":6},"end":{"line":69,"column":null}},"30":{"start":{"line":72,"column":26},"end":{"line":72,"column":null}},"31":{"start":{"line":73,"column":25},"end":{"line":73,"column":68}},"32":{"start":{"line":75,"column":6},"end":{"line":75,"column":61}},"33":{"start":{"line":77,"column":6},"end":{"line":83,"column":null}},"34":{"start":{"line":85,"column":6},"end":{"line":89,"column":null}},"35":{"start":{"line":91,"column":6},"end":{"line":95,"column":null}},"36":{"start":{"line":97,"column":4},"end":{"line":108,"column":null}},"37":{"start":{"line":116,"column":2},"end":{"line":117,"column":null}},"38":{"start":{"line":117,"column":4},"end":{"line":117,"column":null}},"39":{"start":{"line":120,"column":2},"end":{"line":120,"column":null}}},"fnMap":{"0":{"name":"clampProgress","decl":{"start":{"line":6,"column":16},"end":{"line":6,"column":30}},"loc":{"start":{"line":6,"column":48},"end":{"line":7,"column":null}},"line":6},"1":{"name":"getDistanceBetweenPoints","decl":{"start":{"line":10,"column":9},"end":{"line":10,"column":34}},"loc":{"start":{"line":10,"column":86},"end":{"line":11,"column":null}},"line":10},"2":{"name":"getPointAlongRoute","decl":{"start":{"line":14,"column":16},"end":{"line":14,"column":35}},"loc":{"start":{"line":14,"column":80},"end":{"line":49,"column":null}},"line":14},"3":{"name":"(anonymous_3)","decl":{"start":{"line":24,"column":40},"end":{"line":24,"column":45}},"loc":{"start":{"line":25,"column":4},"end":{"line":25,"column":49}},"line":25},"4":{"name":"(anonymous_4)","decl":{"start":{"line":27,"column":37},"end":{"line":27,"column":45}},"loc":{"start":{"line":27,"column":61},"end":{"line":27,"column":75}},"line":27},"5":{"name":"getLiveTrackerJobByRequestId","decl":{"start":{"line":52,"column":16},"end":{"line":52,"column":null}},"loc":{"start":{"line":55,"column":2},"end":{"line":60,"column":null}},"line":55},"6":{"name":"(anonymous_6)","decl":{"start":{"line":60,"column":14},"end":{"line":60,"column":20}},"loc":{"start":{"line":60,"column":28},"end":{"line":60,"column":56}},"line":60},"7":{"name":"simulateLiveTrackerTick","decl":{"start":{"line":63,"column":16},"end":{"line":63,"column":null}},"loc":{"start":{"line":66,"column":20},"end":{"line":109,"column":null}},"line":66},"8":{"name":"(anonymous_8)","decl":{"start":{"line":67,"column":14},"end":{"line":67,"column":19}},"loc":{"start":{"line":67,"column":34},"end":{"line":109,"column":null}},"line":67},"9":{"name":"prependIncomingJob","decl":{"start":{"line":112,"column":16},"end":{"line":112,"column":null}},"loc":{"start":{"line":115,"column":2},"end":{"line":120,"column":null}},"line":115}},"branchMap":{"0":{"loc":{"start":{"line":15,"column":2},"end":{"line":16,"column":null}},"type":"if","locations":[{"start":{"line":15,"column":2},"end":{"line":16,"column":null}},{"start":{},"end":{}}],"line":15},"1":{"loc":{"start":{"line":19,"column":2},"end":{"line":20,"column":null}},"type":"if","locations":[{"start":{"line":19,"column":2},"end":{"line":20,"column":null}},{"start":{},"end":{}}],"line":19},"2":{"loc":{"start":{"line":35,"column":4},"end":{"line":43,"column":null}},"type":"if","locations":[{"start":{"line":35,"column":4},"end":{"line":43,"column":null}},{"start":{},"end":{}}],"line":35},"3":{"loc":{"start":{"line":56,"column":2},"end":{"line":57,"column":null}},"type":"if","locations":[{"start":{"line":56,"column":2},"end":{"line":57,"column":null}},{"start":{},"end":{}}],"line":56},"4":{"loc":{"start":{"line":60,"column":9},"end":{"line":60,"column":null}},"type":"binary-expr","locations":[{"start":{"line":60,"column":9},"end":{"line":60,"column":56}},{"start":{"line":60,"column":60},"end":{"line":60,"column":null}}],"line":60},"5":{"loc":{"start":{"line":68,"column":4},"end":{"line":69,"column":null}},"type":"if","locations":[{"start":{"line":68,"column":4},"end":{"line":69,"column":null}},{"start":{},"end":{}}],"line":68},"6":{"loc":{"start":{"line":75,"column":6},"end":{"line":75,"column":61}},"type":"cond-expr","locations":[{"start":{"line":75,"column":26},"end":{"line":75,"column":30}},{"start":{"line":75,"column":30},"end":{"line":75,"column":61}}],"line":75},"7":{"loc":{"start":{"line":77,"column":6},"end":{"line":83,"column":null}},"type":"cond-expr","locations":[{"start":{"line":78,"column":10},"end":{"line":78,"column":null}},{"start":{"line":79,"column":10},"end":{"line":83,"column":null}}],"line":77},"8":{"loc":{"start":{"line":79,"column":10},"end":{"line":83,"column":null}},"type":"cond-expr","locations":[{"start":{"line":80,"column":12},"end":{"line":80,"column":null}},{"start":{"line":81,"column":12},"end":{"line":83,"column":null}}],"line":79},"9":{"loc":{"start":{"line":81,"column":12},"end":{"line":83,"column":null}},"type":"cond-expr","locations":[{"start":{"line":82,"column":14},"end":{"line":82,"column":null}},{"start":{"line":83,"column":14},"end":{"line":83,"column":null}}],"line":81},"10":{"loc":{"start":{"line":85,"column":6},"end":{"line":89,"column":null}},"type":"cond-expr","locations":[{"start":{"line":86,"column":10},"end":{"line":86,"column":null}},{"start":{"line":87,"column":10},"end":{"line":89,"column":null}}],"line":85},"11":{"loc":{"start":{"line":87,"column":10},"end":{"line":89,"column":null}},"type":"cond-expr","locations":[{"start":{"line":88,"column":12},"end":{"line":88,"column":null}},{"start":{"line":89,"column":12},"end":{"line":89,"column":null}}],"line":87},"12":{"loc":{"start":{"line":91,"column":6},"end":{"line":95,"column":null}},"type":"cond-expr","locations":[{"start":{"line":92,"column":10},"end":{"line":92,"column":null}},{"start":{"line":93,"column":10},"end":{"line":95,"column":null}}],"line":91},"13":{"loc":{"start":{"line":93,"column":10},"end":{"line":95,"column":null}},"type":"cond-expr","locations":[{"start":{"line":94,"column":12},"end":{"line":94,"column":null}},{"start":{"line":95,"column":12},"end":{"line":95,"column":null}}],"line":93},"14":{"loc":{"start":{"line":106,"column":18},"end":{"line":106,"column":null}},"type":"cond-expr","locations":[{"start":{"line":106,"column":41},"end":{"line":106,"column":55}},{"start":{"line":106,"column":55},"end":{"line":106,"column":null}}],"line":106},"15":{"loc":{"start":{"line":116,"column":2},"end":{"line":117,"column":null}},"type":"if","locations":[{"start":{"line":116,"column":2},"end":{"line":117,"column":null}},{"start":{},"end":{}}],"line":116}},"s":{"0":9,"1":8,"2":3,"3":0,"4":3,"5":0,"6":3,"7":3,"8":8,"9":3,"10":8,"11":3,"12":3,"13":3,"14":3,"15":8,"16":8,"17":3,"18":3,"19":3,"20":3,"21":5,"22":0,"23":2,"24":0,"25":2,"26":8,"27":1,"28":7,"29":1,"30":6,"31":6,"32":6,"33":7,"34":7,"35":7,"36":7,"37":1,"38":0,"39":1},"f":{"0":9,"1":8,"2":3,"3":8,"4":8,"5":2,"6":8,"7":1,"8":7,"9":1},"b":{"0":[0,3],"1":[0,3],"2":[3,5],"3":[0,2],"4":[2,1],"5":[1,6],"6":[0,6],"7":[0,6],"8":[1,5],"9":[5,0],"10":[0,6],"11":[0,6],"12":[0,6],"13":[0,6],"14":[0,6],"15":[0,1]},"meta":{"lastBranch":16,"lastFunction":10,"lastStatement":40,"seen":{"f:6:16:6:30":0,"s:7:2:7:Infinity":0,"f:10:9:10:34":1,"s:11:2:11:Infinity":1,"f:14:16:14:35":2,"b:15:2:16:Infinity:undefined:undefined:undefined:undefined":0,"s:15:2:16:Infinity":2,"s:16:4:16:Infinity":3,"b:19:2:20:Infinity:undefined:undefined:undefined:undefined":1,"s:19:2:20:Infinity":4,"s:20:4:20:Infinity":5,"s:23:29:23:52":6,"s:24:25:25:Infinity":7,"f:24:40:24:45":3,"s:25:4:25:49":8,"s:27:22:27:77":9,"f:27:37:27:45":4,"s:27:61:27:75":10,"s:28:23:28:Infinity":11,"s:30:24:30:Infinity":12,"s:32:2:46:Infinity":13,"s:32:19:32:22":14,"s:33:26:33:Infinity":15,"b:35:4:43:Infinity:undefined:undefined:undefined:undefined":2,"s:35:4:43:Infinity":16,"s:36:12:36:Infinity":17,"s:37:25:37:Infinity":18,"s:38:23:38:Infinity":19,"s:40:6:43:Infinity":20,"s:46:4:46:Infinity":21,"s:49:2:49:Infinity":22,"f:52:16:52:Infinity":5,"b:56:2:57:Infinity:undefined:undefined:undefined:undefined":3,"s:56:2:57:Infinity":23,"s:57:4:57:Infinity":24,"s:60:2:60:Infinity":25,"b:60:9:60:56:60:60:60:Infinity":4,"f:60:14:60:20":6,"s:60:28:60:56":26,"f:63:16:63:Infinity":7,"s:67:2:109:Infinity":27,"f:67:14:67:19":8,"b:68:4:69:Infinity:undefined:undefined:undefined:undefined":5,"s:68:4:69:Infinity":28,"s:69:6:69:Infinity":29,"s:72:26:72:Infinity":30,"s:73:25:73:68":31,"s:75:6:75:61":32,"b:75:26:75:30:75:30:75:61":6,"s:77:6:83:Infinity":33,"b:78:10:78:Infinity:79:10:83:Infinity":7,"b:80:12:80:Infinity:81:12:83:Infinity":8,"b:82:14:82:Infinity:83:14:83:Infinity":9,"s:85:6:89:Infinity":34,"b:86:10:86:Infinity:87:10:89:Infinity":10,"b:88:12:88:Infinity:89:12:89:Infinity":11,"s:91:6:95:Infinity":35,"b:92:10:92:Infinity:93:10:95:Infinity":12,"b:94:12:94:Infinity:95:12:95:Infinity":13,"s:97:4:108:Infinity":36,"b:106:41:106:55:106:55:106:Infinity":14,"f:112:16:112:Infinity":9,"b:116:2:117:Infinity:undefined:undefined:undefined:undefined":15,"s:116:2:117:Infinity":37,"s:117:4:117:Infinity":38,"s:120:2:120:Infinity":39}}}
,"C:\\Users\\hp\\Desktop\\Work\\Assignment\\aidSprint-app\\admin-aidSprint-app\\src\\components\\dashboard\\request-details\\request-details-icons.tsx": {"path":"C:\\Users\\hp\\Desktop\\Work\\Assignment\\aidSprint-app\\admin-aidSprint-app\\src\\components\\dashboard\\request-details\\request-details-icons.tsx","statementMap":{"0":{"start":{"line":6,"column":2},"end":{"line":22,"column":null}},"1":{"start":{"line":31,"column":2},"end":{"line":47,"column":null}},"2":{"start":{"line":56,"column":2},"end":{"line":70,"column":null}},"3":{"start":{"line":79,"column":2},"end":{"line":93,"column":null}},"4":{"start":{"line":102,"column":2},"end":{"line":118,"column":null}},"5":{"start":{"line":127,"column":2},"end":{"line":143,"column":null}}},"fnMap":{"0":{"name":"RequestDetailsCloseIcon","decl":{"start":{"line":1,"column":16},"end":{"line":1,"column":40}},"loc":{"start":{"line":5,"column":3},"end":{"line":22,"column":null}},"line":5},"1":{"name":"RequestDetailsStepperIcon","decl":{"start":{"line":26,"column":16},"end":{"line":26,"column":42}},"loc":{"start":{"line":30,"column":3},"end":{"line":47,"column":null}},"line":30},"2":{"name":"RequestDetailsStarIcon","decl":{"start":{"line":51,"column":16},"end":{"line":51,"column":39}},"loc":{"start":{"line":55,"column":3},"end":{"line":70,"column":null}},"line":55},"3":{"name":"RequestDetailsServiceIcon","decl":{"start":{"line":74,"column":16},"end":{"line":74,"column":42}},"loc":{"start":{"line":78,"column":3},"end":{"line":93,"column":null}},"line":78},"4":{"name":"RequestDetailsLocationIcon","decl":{"start":{"line":97,"column":16},"end":{"line":97,"column":43}},"loc":{"start":{"line":101,"column":3},"end":{"line":118,"column":null}},"line":101},"5":{"name":"RequestDetailsChevronDownIcon","decl":{"start":{"line":122,"column":16},"end":{"line":122,"column":46}},"loc":{"start":{"line":126,"column":3},"end":{"line":143,"column":null}},"line":126}},"branchMap":{},"s":{"0":4,"1":16,"2":4,"3":4,"4":4,"5":4},"f":{"0":4,"1":16,"2":4,"3":4,"4":4,"5":4},"b":{},"meta":{"lastBranch":0,"lastFunction":6,"lastStatement":6,"seen":{"f:1:16:1:40":0,"s:6:2:22:Infinity":0,"f:26:16:26:42":1,"s:31:2:47:Infinity":1,"f:51:16:51:39":2,"s:56:2:70:Infinity":2,"f:74:16:74:42":3,"s:79:2:93:Infinity":3,"f:97:16:97:43":4,"s:102:2:118:Infinity":4,"f:122:16:122:46":5,"s:127:2:143:Infinity":5}}}
,"C:\\Users\\hp\\Desktop\\Work\\Assignment\\aidSprint-app\\admin-aidSprint-app\\src\\components\\dashboard\\request-details\\request-details-overlay.tsx": {"path":"C:\\Users\\hp\\Desktop\\Work\\Assignment\\aidSprint-app\\admin-aidSprint-app\\src\\components\\dashboard\\request-details\\request-details-overlay.tsx","statementMap":{"0":{"start":{"line":21,"column":8},"end":{"line":21,"column":70}},"1":{"start":{"line":21,"column":54},"end":{"line":21,"column":70}},"2":{"start":{"line":22,"column":8},"end":{"line":22,"column":68}},"3":{"start":{"line":22,"column":53},"end":{"line":22,"column":68}},"4":{"start":{"line":24,"column":14},"end":{"line":26,"column":null}},"5":{"start":{"line":25,"column":38},"end":{"line":25,"column":67}},"6":{"start":{"line":27,"column":16},"end":{"line":27,"column":null}},"7":{"start":{"line":29,"column":2},"end":{"line":42,"column":null}},"8":{"start":{"line":30,"column":4},"end":{"line":31,"column":null}},"9":{"start":{"line":31,"column":6},"end":{"line":31,"column":null}},"10":{"start":{"line":34,"column":10},"end":{"line":36,"column":null}},"11":{"start":{"line":35,"column":6},"end":{"line":36,"column":null}},"12":{"start":{"line":36,"column":8},"end":{"line":36,"column":null}},"13":{"start":{"line":40,"column":4},"end":{"line":40,"column":null}},"14":{"start":{"line":41,"column":4},"end":{"line":41,"column":null}},"15":{"start":{"line":41,"column":17},"end":{"line":41,"column":69}},"16":{"start":{"line":44,"column":2},"end":{"line":81,"column":null}},"17":{"start":{"line":47,"column":31},"end":{"line":47,"column":55}}},"fnMap":{"0":{"name":"RequestDetailsLiveTrackerOverlay","decl":{"start":{"line":16,"column":16},"end":{"line":16,"column":49}},"loc":{"start":{"line":20,"column":3},"end":{"line":81,"column":null}},"line":20},"1":{"name":"(anonymous_1)","decl":{"start":{"line":21,"column":20},"end":{"line":21,"column":44}},"loc":{"start":{"line":21,"column":54},"end":{"line":21,"column":70}},"line":21},"2":{"name":"(anonymous_2)","decl":{"start":{"line":22,"column":19},"end":{"line":22,"column":43}},"loc":{"start":{"line":22,"column":53},"end":{"line":22,"column":68}},"line":22},"3":{"name":"(anonymous_3)","decl":{"start":{"line":25,"column":23},"end":{"line":25,"column":29}},"loc":{"start":{"line":25,"column":38},"end":{"line":25,"column":67}},"line":25},"4":{"name":"(anonymous_4)","decl":{"start":{"line":29,"column":2},"end":{"line":29,"column":18}},"loc":{"start":{"line":29,"column":18},"end":{"line":42,"column":6}},"line":29},"5":{"name":"(anonymous_5)","decl":{"start":{"line":34,"column":10},"end":{"line":34,"column":27}},"loc":{"start":{"line":34,"column":52},"end":{"line":36,"column":null}},"line":34},"6":{"name":"(anonymous_6)","decl":{"start":{"line":41,"column":4},"end":{"line":41,"column":17}},"loc":{"start":{"line":41,"column":17},"end":{"line":41,"column":69}},"line":41},"7":{"name":"(anonymous_7)","decl":{"start":{"line":47,"column":6},"end":{"line":47,"column":21}},"loc":{"start":{"line":47,"column":31},"end":{"line":47,"column":55}},"line":47}},"branchMap":{"0":{"loc":{"start":{"line":24,"column":14},"end":{"line":26,"column":null}},"type":"cond-expr","locations":[{"start":{"line":25,"column":7},"end":{"line":25,"column":null}},{"start":{"line":26,"column":6},"end":{"line":26,"column":null}}],"line":24},"1":{"loc":{"start":{"line":25,"column":7},"end":{"line":25,"column":null}},"type":"binary-expr","locations":[{"start":{"line":25,"column":7},"end":{"line":25,"column":67}},{"start":{"line":25,"column":71},"end":{"line":25,"column":null}}],"line":25},"2":{"loc":{"start":{"line":27,"column":16},"end":{"line":27,"column":null}},"type":"binary-expr","locations":[{"start":{"line":27,"column":16},"end":{"line":27,"column":27}},{"start":{"line":27,"column":27},"end":{"line":27,"column":null}}],"line":27},"3":{"loc":{"start":{"line":30,"column":4},"end":{"line":31,"column":null}},"type":"if","locations":[{"start":{"line":30,"column":4},"end":{"line":31,"column":null}},{"start":{},"end":{}}],"line":30},"4":{"loc":{"start":{"line":35,"column":6},"end":{"line":36,"column":null}},"type":"if","locations":[{"start":{"line":35,"column":6},"end":{"line":36,"column":null}},{"start":{},"end":{}}],"line":35},"5":{"loc":{"start":{"line":47,"column":31},"end":{"line":47,"column":55}},"type":"cond-expr","locations":[{"start":{"line":47,"column":38},"end":{"line":47,"column":45}},{"start":{"line":47,"column":45},"end":{"line":47,"column":55}}],"line":47},"6":{"loc":{"start":{"line":65,"column":20},"end":{"line":65,"column":36}},"type":"cond-expr","locations":[{"start":{"line":65,"column":26},"end":{"line":65,"column":31}},{"start":{"line":65,"column":34},"end":{"line":65,"column":36}}],"line":65},"7":{"loc":{"start":{"line":70,"column":11},"end":{"line":77,"column":null}},"type":"cond-expr","locations":[{"start":{"line":71,"column":12},"end":{"line":75,"column":13}},{"start":{"line":75,"column":12},"end":{"line":77,"column":null}}],"line":70}},"s":{"0":28,"1":100,"2":28,"3":100,"4":28,"5":6,"6":28,"7":28,"8":11,"9":10,"10":1,"11":1,"12":1,"13":1,"14":1,"15":1,"16":28,"17":1},"f":{"0":28,"1":100,"2":100,"3":6,"4":11,"5":1,"6":1,"7":1},"b":{"0":[6,22],"1":[6,0],"2":[28,22],"3":[10,1],"4":[1,0],"5":[0,1],"6":[6,22],"7":[6,22]},"meta":{"lastBranch":8,"lastFunction":8,"lastStatement":18,"seen":{"f:16:16:16:49":0,"s:21:8:21:70":0,"f:21:20:21:44":1,"s:21:54:21:70":1,"s:22:8:22:68":2,"f:22:19:22:43":2,"s:22:53:22:68":3,"s:24:14:26:Infinity":4,"b:25:7:25:Infinity:26:6:26:Infinity":0,"b:25:7:25:67:25:71:25:Infinity":1,"f:25:23:25:29":3,"s:25:38:25:67":5,"s:27:16:27:Infinity":6,"b:27:16:27:27:27:27:27:Infinity":2,"s:29:2:42:Infinity":7,"f:29:2:29:18":4,"b:30:4:31:Infinity:undefined:undefined:undefined:undefined":3,"s:30:4:31:Infinity":8,"s:31:6:31:Infinity":9,"s:34:10:36:Infinity":10,"f:34:10:34:27":5,"b:35:6:36:Infinity:undefined:undefined:undefined:undefined":4,"s:35:6:36:Infinity":11,"s:36:8:36:Infinity":12,"s:40:4:40:Infinity":13,"s:41:4:41:Infinity":14,"f:41:4:41:17":6,"s:41:17:41:69":15,"s:44:2:81:Infinity":16,"f:47:6:47:21":7,"s:47:31:47:55":17,"b:47:38:47:45:47:45:47:55":5,"b:65:26:65:31:65:34:65:36":6,"b:71:12:75:13:75:12:77:Infinity":7}}}
,"C:\\Users\\hp\\Desktop\\Work\\Assignment\\aidSprint-app\\admin-aidSprint-app\\src\\components\\dashboard\\request-details\\request-details-sidebar.tsx": {"path":"C:\\Users\\hp\\Desktop\\Work\\Assignment\\aidSprint-app\\admin-aidSprint-app\\src\\components\\dashboard\\request-details\\request-details-sidebar.tsx","statementMap":{"0":{"start":{"line":33,"column":5},"end":{"line":49,"column":null}},"1":{"start":{"line":63,"column":4},"end":{"line":104,"column":null}},"2":{"start":{"line":107,"column":2},"end":{"line":108,"column":null}},"3":{"start":{"line":108,"column":4},"end":{"line":108,"column":null}},"4":{"start":{"line":111,"column":2},"end":{"line":112,"column":null}},"5":{"start":{"line":112,"column":4},"end":{"line":112,"column":null}},"6":{"start":{"line":115,"column":2},"end":{"line":116,"column":null}},"7":{"start":{"line":116,"column":4},"end":{"line":116,"column":null}},"8":{"start":{"line":119,"column":2},"end":{"line":119,"column":null}},"9":{"start":{"line":123,"column":2},"end":{"line":124,"column":null}},"10":{"start":{"line":124,"column":4},"end":{"line":124,"column":null}},"11":{"start":{"line":127,"column":2},"end":{"line":128,"column":null}},"12":{"start":{"line":128,"column":4},"end":{"line":128,"column":null}},"13":{"start":{"line":131,"column":2},"end":{"line":132,"column":null}},"14":{"start":{"line":132,"column":4},"end":{"line":132,"column":null}},"15":{"start":{"line":135,"column":2},"end":{"line":135,"column":null}},"16":{"start":{"line":142,"column":2},"end":{"line":152,"column":null}},"17":{"start":{"line":157,"column":20},"end":{"line":157,"column":null}},"18":{"start":{"line":159,"column":4},"end":{"line":159,"column":null}},"19":{"start":{"line":161,"column":2},"end":{"line":187,"column":null}},"20":{"start":{"line":164,"column":8},"end":{"line":185,"column":null}},"21":{"start":{"line":196,"column":2},"end":{"line":240,"column":null}},"22":{"start":{"line":215,"column":10},"end":{"line":237,"column":null}},"23":{"start":{"line":217,"column":27},"end":{"line":217,"column":56}},"24":{"start":{"line":257,"column":8},"end":{"line":257,"column":50}},"25":{"start":{"line":258,"column":20},"end":{"line":258,"column":null}},"26":{"start":{"line":259,"column":28},"end":{"line":259,"column":null}},"27":{"start":{"line":261,"column":2},"end":{"line":473,"column":null}},"28":{"start":{"line":295,"column":34},"end":{"line":295,"column":49}},"29":{"start":{"line":417,"column":14},"end":{"line":433,"column":null}},"30":{"start":{"line":443,"column":14},"end":{"line":443,"column":null}},"31":{"start":{"line":460,"column":12},"end":{"line":470,"column":null}},"32":{"start":{"line":494,"column":2},"end":{"line":515,"column":null}}},"fnMap":{"0":{"name":"getStatusRowClassName","decl":{"start":{"line":106,"column":9},"end":{"line":106,"column":31}},"loc":{"start":{"line":106,"column":57},"end":{"line":119,"column":null}},"line":106},"1":{"name":"getStatusLabel","decl":{"start":{"line":122,"column":9},"end":{"line":122,"column":24}},"loc":{"start":{"line":122,"column":50},"end":{"line":135,"column":null}},"line":122},"2":{"name":"UploadedImageCard","decl":{"start":{"line":138,"column":9},"end":{"line":138,"column":27}},"loc":{"start":{"line":141,"column":53},"end":{"line":152,"column":null}},"line":141},"3":{"name":"RequestStatusSteps","decl":{"start":{"line":156,"column":9},"end":{"line":156,"column":28}},"loc":{"start":{"line":156,"column":69},"end":{"line":187,"column":null}},"line":156},"4":{"name":"(anonymous_4)","decl":{"start":{"line":163,"column":17},"end":{"line":163,"column":22}},"loc":{"start":{"line":164,"column":8},"end":{"line":185,"column":null}},"line":164},"5":{"name":"RequestStatusMenu","decl":{"start":{"line":191,"column":9},"end":{"line":191,"column":27}},"loc":{"start":{"line":195,"column":3},"end":{"line":240,"column":null}},"line":195},"6":{"name":"(anonymous_6)","decl":{"start":{"line":214,"column":30},"end":{"line":214,"column":35}},"loc":{"start":{"line":215,"column":10},"end":{"line":237,"column":null}},"line":215},"7":{"name":"(anonymous_7)","decl":{"start":{"line":217,"column":12},"end":{"line":217,"column":27}},"loc":{"start":{"line":217,"column":27},"end":{"line":217,"column":56}},"line":217},"8":{"name":"RequestDetailsCore","decl":{"start":{"line":244,"column":16},"end":{"line":244,"column":35}},"loc":{"start":{"line":256,"column":3},"end":{"line":473,"column":null}},"line":256},"9":{"name":"(anonymous_9)","decl":{"start":{"line":295,"column":19},"end":{"line":295,"column":24}},"loc":{"start":{"line":295,"column":34},"end":{"line":295,"column":49}},"line":295},"10":{"name":"(anonymous_10)","decl":{"start":{"line":416,"column":14},"end":{"line":416,"column":19}},"loc":{"start":{"line":417,"column":14},"end":{"line":433,"column":null}},"line":417},"11":{"name":"(anonymous_11)","decl":{"start":{"line":442,"column":36},"end":{"line":442,"column":41}},"loc":{"start":{"line":443,"column":14},"end":{"line":443,"column":null}},"line":443},"12":{"name":"(anonymous_12)","decl":{"start":{"line":459,"column":12},"end":{"line":459,"column":17}},"loc":{"start":{"line":460,"column":12},"end":{"line":470,"column":null}},"line":460},"13":{"name":"RequestDetailsSidebar","decl":{"start":{"line":479,"column":16},"end":{"line":479,"column":38}},"loc":{"start":{"line":493,"column":3},"end":{"line":515,"column":null}},"line":493}},"branchMap":{"0":{"loc":{"start":{"line":107,"column":2},"end":{"line":108,"column":null}},"type":"if","locations":[{"start":{"line":107,"column":2},"end":{"line":108,"column":null}},{"start":{},"end":{}}],"line":107},"1":{"loc":{"start":{"line":111,"column":2},"end":{"line":112,"column":null}},"type":"if","locations":[{"start":{"line":111,"column":2},"end":{"line":112,"column":null}},{"start":{},"end":{}}],"line":111},"2":{"loc":{"start":{"line":115,"column":2},"end":{"line":116,"column":null}},"type":"if","locations":[{"start":{"line":115,"column":2},"end":{"line":116,"column":null}},{"start":{},"end":{}}],"line":115},"3":{"loc":{"start":{"line":123,"column":2},"end":{"line":124,"column":null}},"type":"if","locations":[{"start":{"line":123,"column":2},"end":{"line":124,"column":null}},{"start":{},"end":{}}],"line":123},"4":{"loc":{"start":{"line":127,"column":2},"end":{"line":128,"column":null}},"type":"if","locations":[{"start":{"line":127,"column":2},"end":{"line":128,"column":null}},{"start":{},"end":{}}],"line":127},"5":{"loc":{"start":{"line":131,"column":2},"end":{"line":132,"column":null}},"type":"if","locations":[{"start":{"line":131,"column":2},"end":{"line":132,"column":null}},{"start":{},"end":{}}],"line":131},"6":{"loc":{"start":{"line":146,"column":8},"end":{"line":148,"column":null}},"type":"cond-expr","locations":[{"start":{"line":147,"column":12},"end":{"line":147,"column":null}},{"start":{"line":148,"column":12},"end":{"line":148,"column":null}}],"line":146},"7":{"loc":{"start":{"line":159,"column":4},"end":{"line":159,"column":null}},"type":"cond-expr","locations":[{"start":{"line":159,"column":28},"end":{"line":159,"column":32}},{"start":{"line":159,"column":32},"end":{"line":159,"column":null}}],"line":159},"8":{"loc":{"start":{"line":159,"column":32},"end":{"line":159,"column":null}},"type":"cond-expr","locations":[{"start":{"line":159,"column":54},"end":{"line":159,"column":58}},{"start":{"line":159,"column":58},"end":{"line":159,"column":null}}],"line":159},"9":{"loc":{"start":{"line":168,"column":14},"end":{"line":170,"column":null}},"type":"cond-expr","locations":[{"start":{"line":169,"column":18},"end":{"line":169,"column":null}},{"start":{"line":170,"column":18},"end":{"line":170,"column":null}}],"line":168},"10":{"loc":{"start":{"line":175,"column":11},"end":{"line":184,"column":null}},"type":"cond-expr","locations":[{"start":{"line":176,"column":12},"end":{"line":184,"column":null}},{"start":{"line":184,"column":14},"end":{"line":184,"column":null}}],"line":175},"11":{"loc":{"start":{"line":179,"column":16},"end":{"line":181,"column":null}},"type":"cond-expr","locations":[{"start":{"line":180,"column":20},"end":{"line":180,"column":null}},{"start":{"line":181,"column":20},"end":{"line":181,"column":null}}],"line":179},"12":{"loc":{"start":{"line":221,"column":15},"end":{"line":226,"column":null}},"type":"cond-expr","locations":[{"start":{"line":222,"column":16},"end":{"line":223,"column":23}},{"start":{"line":223,"column":18},"end":{"line":226,"column":null}}],"line":221},"13":{"loc":{"start":{"line":223,"column":18},"end":{"line":226,"column":null}},"type":"cond-expr","locations":[{"start":{"line":224,"column":16},"end":{"line":226,"column":17}},{"start":{"line":226,"column":16},"end":{"line":226,"column":null}}],"line":223},"14":{"loc":{"start":{"line":259,"column":28},"end":{"line":259,"column":null}},"type":"binary-expr","locations":[{"start":{"line":259,"column":28},"end":{"line":259,"column":58}},{"start":{"line":259,"column":58},"end":{"line":259,"column":null}}],"line":259},"15":{"loc":{"start":{"line":266,"column":11},"end":{"line":284,"column":null}},"type":"cond-expr","locations":[{"start":{"line":267,"column":12},"end":{"line":276,"column":13}},{"start":{"line":276,"column":12},"end":{"line":284,"column":null}}],"line":266},"16":{"loc":{"start":{"line":331,"column":15},"end":{"line":338,"column":null}},"type":"cond-expr","locations":[{"start":{"line":332,"column":16},"end":{"line":333,"column":33}},{"start":{"line":333,"column":18},"end":{"line":338,"column":null}}],"line":331},"17":{"loc":{"start":{"line":333,"column":18},"end":{"line":338,"column":null}},"type":"cond-expr","locations":[{"start":{"line":334,"column":16},"end":{"line":335,"column":33}},{"start":{"line":335,"column":18},"end":{"line":338,"column":null}}],"line":333},"18":{"loc":{"start":{"line":335,"column":18},"end":{"line":338,"column":null}},"type":"cond-expr","locations":[{"start":{"line":336,"column":16},"end":{"line":338,"column":17}},{"start":{"line":338,"column":16},"end":{"line":338,"column":null}}],"line":335},"19":{"loc":{"start":{"line":373,"column":14},"end":{"line":375,"column":null}},"type":"cond-expr","locations":[{"start":{"line":374,"column":18},"end":{"line":374,"column":null}},{"start":{"line":375,"column":18},"end":{"line":375,"column":null}}],"line":373},"20":{"loc":{"start":{"line":421,"column":18},"end":{"line":421,"column":null}},"type":"cond-expr","locations":[{"start":{"line":421,"column":46},"end":{"line":421,"column":67}},{"start":{"line":421,"column":67},"end":{"line":421,"column":null}}],"line":421},"21":{"loc":{"start":{"line":428,"column":20},"end":{"line":428,"column":null}},"type":"cond-expr","locations":[{"start":{"line":428,"column":41},"end":{"line":428,"column":74}},{"start":{"line":428,"column":77},"end":{"line":428,"column":null}}],"line":428},"22":{"loc":{"start":{"line":469,"column":15},"end":{"line":469,"column":null}},"type":"cond-expr","locations":[{"start":{"line":469,"column":29},"end":{"line":469,"column":null}},{"start":{"line":469,"column":69},"end":{"line":469,"column":null}}],"line":469},"23":{"loc":{"start":{"line":499,"column":11},"end":{"line":511,"column":null}},"type":"cond-expr","locations":[{"start":{"line":500,"column":12},"end":{"line":507,"column":13}},{"start":{"line":507,"column":12},"end":{"line":511,"column":null}}],"line":499}},"s":{"0":1,"1":1,"2":4,"3":1,"4":3,"5":0,"6":3,"7":0,"8":3,"9":4,"10":1,"11":3,"12":0,"13":3,"14":0,"15":3,"16":8,"17":4,"18":4,"19":4,"20":12,"21":4,"22":12,"23":1,"24":4,"25":4,"26":4,"27":4,"28":8,"29":32,"30":8,"31":8,"32":26},"f":{"0":4,"1":4,"2":8,"3":4,"4":12,"5":4,"6":12,"7":1,"8":4,"9":8,"10":32,"11":8,"12":8,"13":26},"b":{"0":[1,3],"1":[0,3],"2":[0,3],"3":[1,3],"4":[0,3],"5":[0,3],"6":[4,4],"7":[0,4],"8":[0,4],"9":[12,0],"10":[8,4],"11":[8,0],"12":[4,8],"13":[4,4],"14":[4,4],"15":[0,4],"16":[1,3],"17":[0,3],"18":[0,3],"19":[0,4],"20":[4,28],"21":[4,28],"22":[4,4],"23":[4,22]},"meta":{"lastBranch":24,"lastFunction":14,"lastStatement":33,"seen":{"s:33:5:49:Infinity":0,"s:63:4:104:Infinity":1,"f:106:9:106:31":0,"b:107:2:108:Infinity:undefined:undefined:undefined:undefined":0,"s:107:2:108:Infinity":2,"s:108:4:108:Infinity":3,"b:111:2:112:Infinity:undefined:undefined:undefined:undefined":1,"s:111:2:112:Infinity":4,"s:112:4:112:Infinity":5,"b:115:2:116:Infinity:undefined:undefined:undefined:undefined":2,"s:115:2:116:Infinity":6,"s:116:4:116:Infinity":7,"s:119:2:119:Infinity":8,"f:122:9:122:24":1,"b:123:2:124:Infinity:undefined:undefined:undefined:undefined":3,"s:123:2:124:Infinity":9,"s:124:4:124:Infinity":10,"b:127:2:128:Infinity:undefined:undefined:undefined:undefined":4,"s:127:2:128:Infinity":11,"s:128:4:128:Infinity":12,"b:131:2:132:Infinity:undefined:undefined:undefined:undefined":5,"s:131:2:132:Infinity":13,"s:132:4:132:Infinity":14,"s:135:2:135:Infinity":15,"f:138:9:138:27":2,"s:142:2:152:Infinity":16,"b:147:12:147:Infinity:148:12:148:Infinity":6,"f:156:9:156:28":3,"s:157:20:157:Infinity":17,"s:159:4:159:Infinity":18,"b:159:28:159:32:159:32:159:Infinity":7,"b:159:54:159:58:159:58:159:Infinity":8,"s:161:2:187:Infinity":19,"f:163:17:163:22":4,"s:164:8:185:Infinity":20,"b:169:18:169:Infinity:170:18:170:Infinity":9,"b:176:12:184:Infinity:184:14:184:Infinity":10,"b:180:20:180:Infinity:181:20:181:Infinity":11,"f:191:9:191:27":5,"s:196:2:240:Infinity":21,"f:214:30:214:35":6,"s:215:10:237:Infinity":22,"f:217:12:217:27":7,"s:217:27:217:56":23,"b:222:16:223:23:223:18:226:Infinity":12,"b:224:16:226:17:226:16:226:Infinity":13,"f:244:16:244:35":8,"s:257:8:257:50":24,"s:258:20:258:Infinity":25,"s:259:28:259:Infinity":26,"b:259:28:259:58:259:58:259:Infinity":14,"s:261:2:473:Infinity":27,"b:267:12:276:13:276:12:284:Infinity":15,"f:295:19:295:24":9,"s:295:34:295:49":28,"b:332:16:333:33:333:18:338:Infinity":16,"b:334:16:335:33:335:18:338:Infinity":17,"b:336:16:338:17:338:16:338:Infinity":18,"b:374:18:374:Infinity:375:18:375:Infinity":19,"f:416:14:416:19":10,"s:417:14:433:Infinity":29,"b:421:46:421:67:421:67:421:Infinity":20,"b:428:41:428:74:428:77:428:Infinity":21,"f:442:36:442:41":11,"s:443:14:443:Infinity":30,"f:459:12:459:17":12,"s:460:12:470:Infinity":31,"b:469:29:469:Infinity:469:69:469:Infinity":22,"f:479:16:479:38":13,"s:494:2:515:Infinity":32,"b:500:12:507:13:507:12:511:Infinity":23}}}
,"C:\\Users\\hp\\Desktop\\Work\\Assignment\\aidSprint-app\\admin-aidSprint-app\\src\\components\\dashboard\\request-details\\request-details.store.ts": {"path":"C:\\Users\\hp\\Desktop\\Work\\Assignment\\aidSprint-app\\admin-aidSprint-app\\src\\components\\dashboard\\request-details\\request-details.store.ts","statementMap":{"0":{"start":{"line":34,"column":79},"end":{"line":50,"column":null}},"1":{"start":{"line":56,"column":2},"end":{"line":57,"column":null}},"2":{"start":{"line":57,"column":4},"end":{"line":57,"column":null}},"3":{"start":{"line":60,"column":2},"end":{"line":63,"column":null}},"4":{"start":{"line":67,"column":2},"end":{"line":68,"column":null}},"5":{"start":{"line":68,"column":4},"end":{"line":68,"column":null}},"6":{"start":{"line":71,"column":2},"end":{"line":72,"column":null}},"7":{"start":{"line":72,"column":4},"end":{"line":72,"column":null}},"8":{"start":{"line":75,"column":2},"end":{"line":76,"column":null}},"9":{"start":{"line":76,"column":4},"end":{"line":76,"column":null}},"10":{"start":{"line":79,"column":2},"end":{"line":79,"column":null}},"11":{"start":{"line":83,"column":2},"end":{"line":84,"column":null}},"12":{"start":{"line":84,"column":4},"end":{"line":84,"column":null}},"13":{"start":{"line":87,"column":2},"end":{"line":87,"column":null}},"14":{"start":{"line":90,"column":13},"end":{"line":135,"column":null}},"15":{"start":{"line":92,"column":14},"end":{"line":126,"column":null}},"16":{"start":{"line":98,"column":8},"end":{"line":101,"column":10}},"17":{"start":{"line":103,"column":8},"end":{"line":105,"column":10}},"18":{"start":{"line":107,"column":8},"end":{"line":109,"column":10}},"19":{"start":{"line":111,"column":8},"end":{"line":113,"column":10}},"20":{"start":{"line":115,"column":8},"end":{"line":118,"column":10}},"21":{"start":{"line":120,"column":8},"end":{"line":125,"column":null}},"22":{"start":{"line":120,"column":24},"end":{"line":124,"column":null}},"23":{"start":{"line":129,"column":39},"end":{"line":129,"column":54}},"24":{"start":{"line":130,"column":30},"end":{"line":133,"column":null}}},"fnMap":{"0":{"name":"applyRequestStatusOverride","decl":{"start":{"line":52,"column":16},"end":{"line":52,"column":null}},"loc":{"start":{"line":55,"column":26},"end":{"line":63,"column":null}},"line":55},"1":{"name":"getRequestPanelState","decl":{"start":{"line":66,"column":16},"end":{"line":66,"column":37}},"loc":{"start":{"line":66,"column":89},"end":{"line":79,"column":null}},"line":66},"2":{"name":"getRequestHistoryStatus","decl":{"start":{"line":82,"column":16},"end":{"line":82,"column":40}},"loc":{"start":{"line":82,"column":92},"end":{"line":87,"column":null}},"line":82},"3":{"name":"(anonymous_3)","decl":{"start":{"line":91,"column":2},"end":{"line":91,"column":null}},"loc":{"start":{"line":92,"column":14},"end":{"line":126,"column":null}},"line":92},"4":{"name":"(anonymous_4)","decl":{"start":{"line":97,"column":6},"end":{"line":97,"column":20}},"loc":{"start":{"line":98,"column":8},"end":{"line":101,"column":10}},"line":98},"5":{"name":"(anonymous_5)","decl":{"start":{"line":102,"column":6},"end":{"line":102,"column":null}},"loc":{"start":{"line":103,"column":8},"end":{"line":105,"column":10}},"line":103},"6":{"name":"(anonymous_6)","decl":{"start":{"line":106,"column":6},"end":{"line":106,"column":null}},"loc":{"start":{"line":107,"column":8},"end":{"line":109,"column":10}},"line":107},"7":{"name":"(anonymous_7)","decl":{"start":{"line":110,"column":6},"end":{"line":110,"column":null}},"loc":{"start":{"line":111,"column":8},"end":{"line":113,"column":10}},"line":111},"8":{"name":"(anonymous_8)","decl":{"start":{"line":114,"column":6},"end":{"line":114,"column":null}},"loc":{"start":{"line":115,"column":8},"end":{"line":118,"column":10}},"line":115},"9":{"name":"(anonymous_9)","decl":{"start":{"line":119,"column":6},"end":{"line":119,"column":28}},"loc":{"start":{"line":120,"column":8},"end":{"line":125,"column":null}},"line":120},"10":{"name":"(anonymous_10)","decl":{"start":{"line":120,"column":8},"end":{"line":120,"column":13}},"loc":{"start":{"line":120,"column":24},"end":{"line":124,"column":null}},"line":120},"11":{"name":"(anonymous_11)","decl":{"start":{"line":129,"column":15},"end":{"line":129,"column":39}},"loc":{"start":{"line":129,"column":39},"end":{"line":129,"column":54}},"line":129},"12":{"name":"(anonymous_12)","decl":{"start":{"line":130,"column":6},"end":{"line":130,"column":19}},"loc":{"start":{"line":130,"column":30},"end":{"line":133,"column":null}},"line":130}},"branchMap":{"0":{"loc":{"start":{"line":56,"column":2},"end":{"line":57,"column":null}},"type":"if","locations":[{"start":{"line":56,"column":2},"end":{"line":57,"column":null}},{"start":{},"end":{}}],"line":56},"1":{"loc":{"start":{"line":67,"column":2},"end":{"line":68,"column":null}},"type":"if","locations":[{"start":{"line":67,"column":2},"end":{"line":68,"column":null}},{"start":{},"end":{}}],"line":67},"2":{"loc":{"start":{"line":67,"column":6},"end":{"line":67,"column":81}},"type":"binary-expr","locations":[{"start":{"line":67,"column":6},"end":{"line":67,"column":40}},{"start":{"line":67,"column":40},"end":{"line":67,"column":81}}],"line":67},"3":{"loc":{"start":{"line":71,"column":2},"end":{"line":72,"column":null}},"type":"if","locations":[{"start":{"line":71,"column":2},"end":{"line":72,"column":null}},{"start":{},"end":{}}],"line":71},"4":{"loc":{"start":{"line":71,"column":6},"end":{"line":71,"column":81}},"type":"binary-expr","locations":[{"start":{"line":71,"column":6},"end":{"line":71,"column":40}},{"start":{"line":71,"column":40},"end":{"line":71,"column":81}}],"line":71},"5":{"loc":{"start":{"line":75,"column":2},"end":{"line":76,"column":null}},"type":"if","locations":[{"start":{"line":75,"column":2},"end":{"line":76,"column":null}},{"start":{},"end":{}}],"line":75},"6":{"loc":{"start":{"line":75,"column":6},"end":{"line":75,"column":78}},"type":"binary-expr","locations":[{"start":{"line":75,"column":6},"end":{"line":75,"column":38}},{"start":{"line":75,"column":38},"end":{"line":75,"column":78}}],"line":75},"7":{"loc":{"start":{"line":83,"column":2},"end":{"line":84,"column":null}},"type":"if","locations":[{"start":{"line":83,"column":2},"end":{"line":84,"column":null}},{"start":{},"end":{}}],"line":83}},"s":{"0":1,"1":60,"2":59,"3":1,"4":4,"5":0,"6":4,"7":1,"8":3,"9":0,"10":3,"11":100,"12":20,"13":80,"14":1,"15":1,"16":3,"17":0,"18":1,"19":2,"20":11,"21":1,"22":1,"23":1,"24":28},"f":{"0":60,"1":4,"2":100,"3":1,"4":3,"5":0,"6":1,"7":2,"8":11,"9":1,"10":1,"11":1,"12":28},"b":{"0":[59,1],"1":[0,4],"2":[4,4],"3":[1,3],"4":[4,3],"5":[0,3],"6":[3,3],"7":[20,80]},"meta":{"lastBranch":8,"lastFunction":13,"lastStatement":25,"seen":{"s:34:79:50:Infinity":0,"f:52:16:52:Infinity":0,"b:56:2:57:Infinity:undefined:undefined:undefined:undefined":0,"s:56:2:57:Infinity":1,"s:57:4:57:Infinity":2,"s:60:2:63:Infinity":3,"f:66:16:66:37":1,"b:67:2:68:Infinity:undefined:undefined:undefined:undefined":1,"s:67:2:68:Infinity":4,"b:67:6:67:40:67:40:67:81":2,"s:68:4:68:Infinity":5,"b:71:2:72:Infinity:undefined:undefined:undefined:undefined":3,"s:71:2:72:Infinity":6,"b:71:6:71:40:71:40:71:81":4,"s:72:4:72:Infinity":7,"b:75:2:76:Infinity:undefined:undefined:undefined:undefined":5,"s:75:2:76:Infinity":8,"b:75:6:75:38:75:38:75:78":6,"s:76:4:76:Infinity":9,"s:79:2:79:Infinity":10,"f:82:16:82:40":2,"b:83:2:84:Infinity:undefined:undefined:undefined:undefined":7,"s:83:2:84:Infinity":11,"s:84:4:84:Infinity":12,"s:87:2:87:Infinity":13,"s:90:13:135:Infinity":14,"f:91:2:91:Infinity":3,"s:92:14:126:Infinity":15,"f:97:6:97:20":4,"s:98:8:101:10":16,"f:102:6:102:Infinity":5,"s:103:8:105:10":17,"f:106:6:106:Infinity":6,"s:107:8:109:10":18,"f:110:6:110:Infinity":7,"s:111:8:113:10":19,"f:114:6:114:Infinity":8,"s:115:8:118:10":20,"f:119:6:119:28":9,"s:120:8:125:Infinity":21,"f:120:8:120:13":10,"s:120:24:124:Infinity":22,"f:129:15:129:39":11,"s:129:39:129:54":23,"f:130:6:130:19":12,"s:130:30:133:Infinity":24}}}
,"C:\\Users\\hp\\Desktop\\Work\\Assignment\\aidSprint-app\\admin-aidSprint-app\\src\\components\\dashboard\\shared\\dashboard-layout.tsx": {"path":"C:\\Users\\hp\\Desktop\\Work\\Assignment\\aidSprint-app\\admin-aidSprint-app\\src\\components\\dashboard\\shared\\dashboard-layout.tsx","statementMap":{"0":{"start":{"line":6,"column":57},"end":{"line":35,"column":null}},"1":{"start":{"line":45,"column":30},"end":{"line":45,"column":71}},"2":{"start":{"line":46,"column":24},"end":{"line":46,"column":59}},"3":{"start":{"line":47,"column":33},"end":{"line":48,"column":27}},"4":{"start":{"line":50,"column":2},"end":{"line":188,"column":null}},"5":{"start":{"line":54,"column":50},"end":{"line":54,"column":77}},"6":{"start":{"line":69,"column":33},"end":{"line":69,"column":62}},"7":{"start":{"line":78,"column":18},"end":{"line":128,"column":null}},"8":{"start":{"line":84,"column":41},"end":{"line":84,"column":null}},"9":{"start":{"line":86,"column":24},"end":{"line":124,"column":null}},"10":{"start":{"line":91,"column":30},"end":{"line":91,"column":80}},"11":{"start":{"line":145,"column":33},"end":{"line":145,"column":55}},"12":{"start":{"line":168,"column":33},"end":{"line":168,"column":61}}},"fnMap":{"0":{"name":"DashboardLayout","decl":{"start":{"line":38,"column":16},"end":{"line":38,"column":32}},"loc":{"start":{"line":44,"column":3},"end":{"line":188,"column":null}},"line":44},"1":{"name":"(anonymous_1)","decl":{"start":{"line":54,"column":35},"end":{"line":54,"column":50}},"loc":{"start":{"line":54,"column":50},"end":{"line":54,"column":77}},"line":54},"2":{"name":"(anonymous_2)","decl":{"start":{"line":69,"column":18},"end":{"line":69,"column":33}},"loc":{"start":{"line":69,"column":33},"end":{"line":69,"column":62}},"line":69},"3":{"name":"(anonymous_3)","decl":{"start":{"line":77,"column":36},"end":{"line":77,"column":41}},"loc":{"start":{"line":78,"column":18},"end":{"line":128,"column":null}},"line":78},"4":{"name":"(anonymous_4)","decl":{"start":{"line":83,"column":35},"end":{"line":83,"column":40}},"loc":{"start":{"line":83,"column":49},"end":{"line":124,"column":null}},"line":83},"5":{"name":"(anonymous_5)","decl":{"start":{"line":90,"column":28},"end":{"line":90,"column":null}},"loc":{"start":{"line":91,"column":30},"end":{"line":91,"column":80}},"line":91},"6":{"name":"(anonymous_6)","decl":{"start":{"line":145,"column":18},"end":{"line":145,"column":33}},"loc":{"start":{"line":145,"column":33},"end":{"line":145,"column":55}},"line":145},"7":{"name":"(anonymous_7)","decl":{"start":{"line":168,"column":18},"end":{"line":168,"column":33}},"loc":{"start":{"line":168,"column":33},"end":{"line":168,"column":61}},"line":168}},"branchMap":{"0":{"loc":{"start":{"line":52,"column":7},"end":{"line":56,"column":null}},"type":"cond-expr","locations":[{"start":{"line":53,"column":8},"end":{"line":56,"column":null}},{"start":{"line":56,"column":10},"end":{"line":56,"column":null}}],"line":52},"1":{"loc":{"start":{"line":57,"column":7},"end":{"line":134,"column":null}},"type":"cond-expr","locations":[{"start":{"line":58,"column":8},"end":{"line":134,"column":null}},{"start":{"line":134,"column":10},"end":{"line":134,"column":null}}],"line":57},"2":{"loc":{"start":{"line":91,"column":56},"end":{"line":91,"column":80}},"type":"cond-expr","locations":[{"start":{"line":91,"column":67},"end":{"line":91,"column":72}},{"start":{"line":91,"column":72},"end":{"line":91,"column":80}}],"line":91},"3":{"loc":{"start":{"line":107,"column":38},"end":{"line":107,"column":null}},"type":"cond-expr","locations":[{"start":{"line":107,"column":49},"end":{"line":107,"column":64}},{"start":{"line":107,"column":64},"end":{"line":107,"column":null}}],"line":107},"4":{"loc":{"start":{"line":114,"column":36},"end":{"line":114,"column":null}},"type":"cond-expr","locations":[{"start":{"line":114,"column":47},"end":{"line":114,"column":52}},{"start":{"line":114,"column":52},"end":{"line":114,"column":null}}],"line":114}},"s":{"0":1,"1":29,"2":29,"3":29,"4":29,"5":0,"6":0,"7":0,"8":0,"9":0,"10":0,"11":0,"12":0},"f":{"0":29,"1":0,"2":0,"3":0,"4":0,"5":0,"6":0,"7":0},"b":{"0":[0,29],"1":[0,29],"2":[0,0],"3":[0,0],"4":[0,0]},"meta":{"lastBranch":5,"lastFunction":8,"lastStatement":13,"seen":{"s:6:57:35:Infinity":0,"f:38:16:38:32":0,"s:45:30:45:71":1,"s:46:24:46:59":2,"s:47:33:48:27":3,"s:50:2:188:Infinity":4,"b:53:8:56:Infinity:56:10:56:Infinity":0,"f:54:35:54:50":1,"s:54:50:54:77":5,"b:58:8:134:Infinity:134:10:134:Infinity":1,"f:69:18:69:33":2,"s:69:33:69:62":6,"f:77:36:77:41":3,"s:78:18:128:Infinity":7,"f:83:35:83:40":4,"s:84:41:84:Infinity":8,"s:86:24:124:Infinity":9,"f:90:28:90:Infinity":5,"s:91:30:91:80":10,"b:91:67:91:72:91:72:91:80":2,"b:107:49:107:64:107:64:107:Infinity":3,"b:114:47:114:52:114:52:114:Infinity":4,"f:145:18:145:33":6,"s:145:33:145:55":11,"f:168:18:168:33":7,"s:168:33:168:61":12}}}
,"C:\\Users\\hp\\Desktop\\Work\\Assignment\\aidSprint-app\\admin-aidSprint-app\\src\\components\\dashboard\\shared\\dashboard-sidebar.tsx": {"path":"C:\\Users\\hp\\Desktop\\Work\\Assignment\\aidSprint-app\\admin-aidSprint-app\\src\\components\\dashboard\\shared\\dashboard-sidebar.tsx","statementMap":{"0":{"start":{"line":16,"column":51},"end":{"line":25,"column":null}},"1":{"start":{"line":28,"column":2},"end":{"line":36,"column":null}},"2":{"start":{"line":49,"column":2},"end":{"line":130,"column":null}},"3":{"start":{"line":73,"column":23},"end":{"line":73,"column":null}},"4":{"start":{"line":75,"column":12},"end":{"line":75,"column":null}},"5":{"start":{"line":77,"column":10},"end":{"line":94,"column":null}},"6":{"start":{"line":78,"column":12},"end":{"line":94,"column":null}},"7":{"start":{"line":84,"column":18},"end":{"line":89,"column":29}},"8":{"start":{"line":98,"column":10},"end":{"line":110,"column":null}}},"fnMap":{"0":{"name":"AidSprintLogo","decl":{"start":{"line":27,"column":9},"end":{"line":27,"column":25}},"loc":{"start":{"line":27,"column":25},"end":{"line":36,"column":null}},"line":27},"1":{"name":"DashboardSidebar","decl":{"start":{"line":42,"column":16},"end":{"line":42,"column":33}},"loc":{"start":{"line":48,"column":3},"end":{"line":130,"column":null}},"line":48},"2":{"name":"(anonymous_2)","decl":{"start":{"line":72,"column":25},"end":{"line":72,"column":30}},"loc":{"start":{"line":72,"column":39},"end":{"line":110,"column":null}},"line":72},"3":{"name":"(anonymous_3)","decl":{"start":{"line":83,"column":16},"end":{"line":83,"column":28}},"loc":{"start":{"line":84,"column":18},"end":{"line":89,"column":29}},"line":84}},"branchMap":{"0":{"loc":{"start":{"line":53,"column":8},"end":{"line":55,"column":null}},"type":"cond-expr","locations":[{"start":{"line":54,"column":12},"end":{"line":54,"column":null}},{"start":{"line":55,"column":12},"end":{"line":55,"column":null}}],"line":53},"1":{"loc":{"start":{"line":60,"column":9},"end":{"line":69,"column":null}},"type":"cond-expr","locations":[{"start":{"line":61,"column":10},"end":{"line":69,"column":null}},{"start":{"line":69,"column":12},"end":{"line":69,"column":null}}],"line":60},"2":{"loc":{"start":{"line":77,"column":10},"end":{"line":94,"column":null}},"type":"if","locations":[{"start":{"line":77,"column":10},"end":{"line":94,"column":null}},{"start":{},"end":{}}],"line":77},"3":{"loc":{"start":{"line":82,"column":25},"end":{"line":82,"column":null}},"type":"cond-expr","locations":[{"start":{"line":82,"column":34},"end":{"line":82,"column":44}},{"start":{"line":82,"column":44},"end":{"line":82,"column":null}}],"line":82},"4":{"loc":{"start":{"line":86,"column":20},"end":{"line":88,"column":null}},"type":"cond-expr","locations":[{"start":{"line":87,"column":24},"end":{"line":87,"column":null}},{"start":{"line":88,"column":24},"end":{"line":88,"column":null}}],"line":86}},"s":{"0":1,"1":29,"2":29,"3":232,"4":232,"5":232,"6":87,"7":87,"8":145},"f":{"0":29,"1":29,"2":232,"3":87},"b":{"0":[0,29],"1":[0,29],"2":[87,145],"3":[0,87],"4":[29,58]},"meta":{"lastBranch":5,"lastFunction":4,"lastStatement":9,"seen":{"s:16:51:25:Infinity":0,"f:27:9:27:25":0,"s:28:2:36:Infinity":1,"f:42:16:42:33":1,"s:49:2:130:Infinity":2,"b:54:12:54:Infinity:55:12:55:Infinity":0,"b:61:10:69:Infinity:69:12:69:Infinity":1,"f:72:25:72:30":2,"s:73:23:73:Infinity":3,"s:75:12:75:Infinity":4,"b:77:10:94:Infinity:undefined:undefined:undefined:undefined":2,"s:77:10:94:Infinity":5,"s:78:12:94:Infinity":6,"b:82:34:82:44:82:44:82:Infinity":3,"f:83:16:83:28":3,"s:84:18:89:29":7,"b:87:24:87:Infinity:88:24:88:Infinity":4,"s:98:10:110:Infinity":8}}}
,"C:\\Users\\hp\\Desktop\\Work\\Assignment\\aidSprint-app\\admin-aidSprint-app\\src\\components\\dashboard\\user-details\\update-account-action-item.tsx": {"path":"C:\\Users\\hp\\Desktop\\Work\\Assignment\\aidSprint-app\\admin-aidSprint-app\\src\\components\\dashboard\\user-details\\update-account-action-item.tsx","statementMap":{"0":{"start":{"line":12,"column":27},"end":{"line":12,"column":null}},"1":{"start":{"line":14,"column":2},"end":{"line":26,"column":null}},"2":{"start":{"line":17,"column":21},"end":{"line":17,"column":37}}},"fnMap":{"0":{"name":"UpdateAccountActionItem","decl":{"start":{"line":3,"column":16},"end":{"line":3,"column":40}},"loc":{"start":{"line":11,"column":3},"end":{"line":26,"column":null}},"line":11},"1":{"name":"(anonymous_1)","decl":{"start":{"line":17,"column":6},"end":{"line":17,"column":21}},"loc":{"start":{"line":17,"column":21},"end":{"line":17,"column":37}},"line":17}},"branchMap":{"0":{"loc":{"start":{"line":22,"column":8},"end":{"line":22,"column":null}},"type":"cond-expr","locations":[{"start":{"line":22,"column":27},"end":{"line":22,"column":46}},{"start":{"line":22,"column":46},"end":{"line":22,"column":null}}],"line":22},"1":{"loc":{"start":{"line":25,"column":7},"end":{"line":25,"column":null}},"type":"cond-expr","locations":[{"start":{"line":25,"column":14},"end":{"line":25,"column":30}},{"start":{"line":25,"column":30},"end":{"line":25,"column":null}}],"line":25}},"s":{"0":14,"1":14,"2":2},"f":{"0":14,"1":2},"b":{"0":[7,7],"1":[2,12]},"meta":{"lastBranch":2,"lastFunction":2,"lastStatement":3,"seen":{"f:3:16:3:40":0,"s:12:27:12:Infinity":0,"s:14:2:26:Infinity":1,"f:17:6:17:21":1,"s:17:21:17:37":2,"b:22:27:22:46:22:46:22:Infinity":0,"b:25:14:25:30:25:30:25:Infinity":1}}}
,"C:\\Users\\hp\\Desktop\\Work\\Assignment\\aidSprint-app\\admin-aidSprint-app\\src\\components\\dashboard\\user-details\\update-account-modal.tsx": {"path":"C:\\Users\\hp\\Desktop\\Work\\Assignment\\aidSprint-app\\admin-aidSprint-app\\src\\components\\dashboard\\user-details\\update-account-modal.tsx","statementMap":{"0":{"start":{"line":11,"column":46},"end":{"line":13,"column":null}},"1":{"start":{"line":29,"column":2},"end":{"line":58,"column":null}},"2":{"start":{"line":40,"column":12},"end":{"line":49,"column":null}}},"fnMap":{"0":{"name":"UpdateAccountModal","decl":{"start":{"line":16,"column":16},"end":{"line":16,"column":35}},"loc":{"start":{"line":28,"column":3},"end":{"line":58,"column":null}},"line":28},"1":{"name":"(anonymous_1)","decl":{"start":{"line":39,"column":26},"end":{"line":39,"column":31}},"loc":{"start":{"line":40,"column":12},"end":{"line":49,"column":null}},"line":40}},"branchMap":{"0":{"loc":{"start":{"line":46,"column":15},"end":{"line":48,"column":null}},"type":"cond-expr","locations":[{"start":{"line":47,"column":16},"end":{"line":48,"column":null}},{"start":{"line":48,"column":18},"end":{"line":48,"column":null}}],"line":46},"1":{"loc":{"start":{"line":52,"column":9},"end":{"line":56,"column":null}},"type":"cond-expr","locations":[{"start":{"line":53,"column":10},"end":{"line":56,"column":null}},{"start":{"line":56,"column":12},"end":{"line":56,"column":null}}],"line":52}},"s":{"0":1,"1":26,"2":52},"f":{"0":26,"1":52},"b":{"0":[26,26],"1":[0,26]},"meta":{"lastBranch":2,"lastFunction":2,"lastStatement":3,"seen":{"s:11:46:13:Infinity":0,"f:16:16:16:35":0,"s:29:2:58:Infinity":1,"f:39:26:39:31":1,"s:40:12:49:Infinity":2,"b:47:16:48:Infinity:48:18:48:Infinity":0,"b:53:10:56:Infinity:56:12:56:Infinity":1}}}
,"C:\\Users\\hp\\Desktop\\Work\\Assignment\\aidSprint-app\\admin-aidSprint-app\\src\\components\\dashboard\\user-details\\user-details-page.tsx": {"path":"C:\\Users\\hp\\Desktop\\Work\\Assignment\\aidSprint-app\\admin-aidSprint-app\\src\\components\\dashboard\\user-details\\user-details-page.tsx","statementMap":{"0":{"start":{"line":43,"column":2},"end":{"line":48,"column":null}},"1":{"start":{"line":54,"column":2},"end":{"line":61,"column":null}},"2":{"start":{"line":66,"column":2},"end":{"line":140,"column":null}},"3":{"start":{"line":119,"column":12},"end":{"line":138,"column":null}},"4":{"start":{"line":151,"column":8},"end":{"line":151,"column":49}},"5":{"start":{"line":153,"column":2},"end":{"line":161,"column":null}},"6":{"start":{"line":172,"column":2},"end":{"line":298,"column":null}},"7":{"start":{"line":209,"column":14},"end":{"line":234,"column":null}},"8":{"start":{"line":227,"column":35},"end":{"line":227,"column":67}},"9":{"start":{"line":241,"column":10},"end":{"line":267,"column":null}},"10":{"start":{"line":256,"column":31},"end":{"line":256,"column":63}},"11":{"start":{"line":279,"column":10},"end":{"line":290,"column":null}},"12":{"start":{"line":310,"column":18},"end":{"line":310,"column":45}},"13":{"start":{"line":311,"column":25},"end":{"line":311,"column":null}},"14":{"start":{"line":312,"column":8},"end":{"line":314,"column":null}},"15":{"start":{"line":312,"column":22},"end":{"line":313,"column":64}},"16":{"start":{"line":316,"column":20},"end":{"line":317,"column":53}},"17":{"start":{"line":318,"column":30},"end":{"line":318,"column":71}},"18":{"start":{"line":319,"column":21},"end":{"line":320,"column":null}},"19":{"start":{"line":322,"column":22},"end":{"line":322,"column":69}},"20":{"start":{"line":323,"column":22},"end":{"line":324,"column":null}},"21":{"start":{"line":326,"column":8},"end":{"line":326,"column":86}},"22":{"start":{"line":326,"column":62},"end":{"line":326,"column":86}},"23":{"start":{"line":327,"column":8},"end":{"line":327,"column":85}},"24":{"start":{"line":327,"column":65},"end":{"line":327,"column":85}},"25":{"start":{"line":328,"column":8},"end":{"line":328,"column":74}},"26":{"start":{"line":328,"column":56},"end":{"line":328,"column":74}},"27":{"start":{"line":329,"column":8},"end":{"line":329,"column":76}},"28":{"start":{"line":329,"column":57},"end":{"line":329,"column":76}},"29":{"start":{"line":330,"column":8},"end":{"line":330,"column":66}},"30":{"start":{"line":330,"column":52},"end":{"line":330,"column":66}},"31":{"start":{"line":331,"column":8},"end":{"line":331,"column":68}},"32":{"start":{"line":331,"column":53},"end":{"line":331,"column":68}},"33":{"start":{"line":332,"column":8},"end":{"line":332,"column":90}},"34":{"start":{"line":332,"column":64},"end":{"line":332,"column":90}},"35":{"start":{"line":333,"column":8},"end":{"line":333,"column":86}},"36":{"start":{"line":333,"column":62},"end":{"line":333,"column":86}},"37":{"start":{"line":335,"column":2},"end":{"line":340,"column":null}},"38":{"start":{"line":336,"column":4},"end":{"line":336,"column":null}},"39":{"start":{"line":337,"column":4},"end":{"line":337,"column":null}},"40":{"start":{"line":338,"column":4},"end":{"line":338,"column":null}},"41":{"start":{"line":339,"column":4},"end":{"line":339,"column":null}},"42":{"start":{"line":342,"column":8},"end":{"line":353,"column":38}},"43":{"start":{"line":343,"column":4},"end":{"line":344,"column":null}},"44":{"start":{"line":344,"column":6},"end":{"line":344,"column":null}},"45":{"start":{"line":347,"column":4},"end":{"line":352,"column":null}},"46":{"start":{"line":349,"column":54},"end":{"line":350,"column":74}},"47":{"start":{"line":355,"column":8},"end":{"line":360,"column":null}},"48":{"start":{"line":357,"column":6},"end":{"line":359,"column":null}},"49":{"start":{"line":358,"column":21},"end":{"line":358,"column":null}},"50":{"start":{"line":363,"column":29},"end":{"line":396,"column":null}},"51":{"start":{"line":364,"column":4},"end":{"line":365,"column":null}},"52":{"start":{"line":365,"column":6},"end":{"line":365,"column":null}},"53":{"start":{"line":368,"column":10},"end":{"line":368,"column":57}},"54":{"start":{"line":370,"column":4},"end":{"line":370,"column":null}},"55":{"start":{"line":371,"column":4},"end":{"line":371,"column":null}},"56":{"start":{"line":373,"column":4},"end":{"line":396,"column":null}},"57":{"start":{"line":374,"column":6},"end":{"line":376,"column":null}},"58":{"start":{"line":375,"column":8},"end":{"line":375,"column":null}},"59":{"start":{"line":378,"column":6},"end":{"line":378,"column":null}},"60":{"start":{"line":380,"column":6},"end":{"line":383,"column":null}},"61":{"start":{"line":384,"column":6},"end":{"line":384,"column":null}},"62":{"start":{"line":386,"column":6},"end":{"line":388,"column":null}},"63":{"start":{"line":390,"column":6},"end":{"line":394,"column":null}},"64":{"start":{"line":396,"column":6},"end":{"line":396,"column":null}},"65":{"start":{"line":400,"column":8},"end":{"line":412,"column":null}},"66":{"start":{"line":401,"column":20},"end":{"line":402,"column":null}},"67":{"start":{"line":402,"column":16},"end":{"line":402,"column":null}},"68":{"start":{"line":405,"column":4},"end":{"line":409,"column":null}},"69":{"start":{"line":406,"column":6},"end":{"line":408,"column":null}},"70":{"start":{"line":409,"column":6},"end":{"line":409,"column":null}},"71":{"start":{"line":412,"column":4},"end":{"line":412,"column":null}},"72":{"start":{"line":415,"column":8},"end":{"line":423,"column":null}},"73":{"start":{"line":416,"column":4},"end":{"line":420,"column":null}},"74":{"start":{"line":417,"column":6},"end":{"line":419,"column":null}},"75":{"start":{"line":420,"column":6},"end":{"line":420,"column":null}},"76":{"start":{"line":423,"column":4},"end":{"line":423,"column":null}},"77":{"start":{"line":426,"column":8},"end":{"line":439,"column":null}},"78":{"start":{"line":427,"column":4},"end":{"line":431,"column":null}},"79":{"start":{"line":428,"column":6},"end":{"line":430,"column":null}},"80":{"start":{"line":431,"column":6},"end":{"line":431,"column":null}},"81":{"start":{"line":434,"column":4},"end":{"line":434,"column":null}},"82":{"start":{"line":435,"column":4},"end":{"line":439,"column":null}},"83":{"start":{"line":442,"column":2},"end":{"line":536,"column":null}},"84":{"start":{"line":476,"column":16},"end":{"line":476,"column":58}},"85":{"start":{"line":498,"column":33},"end":{"line":498,"column":61}},"86":{"start":{"line":528,"column":39},"end":{"line":528,"column":67}}},"fnMap":{"0":{"name":"LoadingState","decl":{"start":{"line":42,"column":9},"end":{"line":42,"column":24}},"loc":{"start":{"line":42,"column":24},"end":{"line":48,"column":null}},"line":42},"1":{"name":"UserStatusPill","decl":{"start":{"line":53,"column":9},"end":{"line":53,"column":24}},"loc":{"start":{"line":53,"column":77},"end":{"line":61,"column":null}},"line":53},"2":{"name":"PersonalDetailsPanel","decl":{"start":{"line":65,"column":9},"end":{"line":65,"column":30}},"loc":{"start":{"line":65,"column":69},"end":{"line":140,"column":null}},"line":65},"3":{"name":"(anonymous_3)","decl":{"start":{"line":118,"column":26},"end":{"line":118,"column":31}},"loc":{"start":{"line":119,"column":12},"end":{"line":138,"column":null}},"line":119},"4":{"name":"RequestHistoryStatusPill","decl":{"start":{"line":146,"column":9},"end":{"line":146,"column":34}},"loc":{"start":{"line":150,"column":3},"end":{"line":161,"column":null}},"line":150},"5":{"name":"RequestHistoryPanel","decl":{"start":{"line":165,"column":9},"end":{"line":165,"column":29}},"loc":{"start":{"line":171,"column":3},"end":{"line":298,"column":null}},"line":171},"6":{"name":"(anonymous_6)","decl":{"start":{"line":208,"column":22},"end":{"line":208,"column":27}},"loc":{"start":{"line":209,"column":14},"end":{"line":234,"column":null}},"line":209},"7":{"name":"(anonymous_7)","decl":{"start":{"line":227,"column":20},"end":{"line":227,"column":35}},"loc":{"start":{"line":227,"column":35},"end":{"line":227,"column":67}},"line":227},"8":{"name":"(anonymous_8)","decl":{"start":{"line":240,"column":18},"end":{"line":240,"column":23}},"loc":{"start":{"line":241,"column":10},"end":{"line":267,"column":null}},"line":241},"9":{"name":"(anonymous_9)","decl":{"start":{"line":256,"column":16},"end":{"line":256,"column":31}},"loc":{"start":{"line":256,"column":31},"end":{"line":256,"column":63}},"line":256},"10":{"name":"(anonymous_10)","decl":{"start":{"line":278,"column":28},"end":{"line":278,"column":33}},"loc":{"start":{"line":279,"column":10},"end":{"line":290,"column":null}},"line":279},"11":{"name":"UserDetailsPage","decl":{"start":{"line":304,"column":24},"end":{"line":304,"column":40}},"loc":{"start":{"line":309,"column":25},"end":{"line":536,"column":null}},"line":309},"12":{"name":"(anonymous_12)","decl":{"start":{"line":312,"column":22},"end":{"line":312,"column":null}},"loc":{"start":{"line":312,"column":22},"end":{"line":313,"column":64}},"line":312},"13":{"name":"(anonymous_13)","decl":{"start":{"line":326,"column":28},"end":{"line":326,"column":52}},"loc":{"start":{"line":326,"column":62},"end":{"line":326,"column":86}},"line":326},"14":{"name":"(anonymous_14)","decl":{"start":{"line":327,"column":31},"end":{"line":327,"column":55}},"loc":{"start":{"line":327,"column":65},"end":{"line":327,"column":85}},"line":327},"15":{"name":"(anonymous_15)","decl":{"start":{"line":328,"column":22},"end":{"line":328,"column":46}},"loc":{"start":{"line":328,"column":56},"end":{"line":328,"column":74}},"line":328},"16":{"name":"(anonymous_16)","decl":{"start":{"line":329,"column":23},"end":{"line":329,"column":47}},"loc":{"start":{"line":329,"column":57},"end":{"line":329,"column":76}},"line":329},"17":{"name":"(anonymous_17)","decl":{"start":{"line":330,"column":18},"end":{"line":330,"column":42}},"loc":{"start":{"line":330,"column":52},"end":{"line":330,"column":66}},"line":330},"18":{"name":"(anonymous_18)","decl":{"start":{"line":331,"column":19},"end":{"line":331,"column":43}},"loc":{"start":{"line":331,"column":53},"end":{"line":331,"column":68}},"line":331},"19":{"name":"(anonymous_19)","decl":{"start":{"line":332,"column":30},"end":{"line":332,"column":54}},"loc":{"start":{"line":332,"column":64},"end":{"line":332,"column":90}},"line":332},"20":{"name":"(anonymous_20)","decl":{"start":{"line":333,"column":28},"end":{"line":333,"column":52}},"loc":{"start":{"line":333,"column":62},"end":{"line":333,"column":86}},"line":333},"21":{"name":"(anonymous_21)","decl":{"start":{"line":335,"column":2},"end":{"line":335,"column":18}},"loc":{"start":{"line":335,"column":18},"end":{"line":340,"column":6}},"line":335},"22":{"name":"(anonymous_22)","decl":{"start":{"line":342,"column":42},"end":{"line":342,"column":56}},"loc":{"start":{"line":342,"column":56},"end":{"line":353,"column":6}},"line":342},"23":{"name":"(anonymous_23)","decl":{"start":{"line":349,"column":49},"end":{"line":349,"column":54}},"loc":{"start":{"line":349,"column":54},"end":{"line":350,"column":74}},"line":349},"24":{"name":"(anonymous_24)","decl":{"start":{"line":355,"column":26},"end":{"line":355,"column":null}},"loc":{"start":{"line":357,"column":6},"end":{"line":359,"column":null}},"line":357},"25":{"name":"(anonymous_25)","decl":{"start":{"line":357,"column":54},"end":{"line":357,"column":null}},"loc":{"start":{"line":358,"column":21},"end":{"line":358,"column":null}},"line":358},"26":{"name":"(anonymous_26)","decl":{"start":{"line":363,"column":29},"end":{"line":363,"column":36}},"loc":{"start":{"line":363,"column":68},"end":{"line":396,"column":null}},"line":363},"27":{"name":"(anonymous_27)","decl":{"start":{"line":374,"column":16},"end":{"line":374,"column":25}},"loc":{"start":{"line":374,"column":37},"end":{"line":376,"column":null}},"line":374},"28":{"name":"(anonymous_28)","decl":{"start":{"line":400,"column":8},"end":{"line":400,"column":36}},"loc":{"start":{"line":400,"column":58},"end":{"line":412,"column":null}},"line":400},"29":{"name":"(anonymous_29)","decl":{"start":{"line":401,"column":68},"end":{"line":401,"column":null}},"loc":{"start":{"line":402,"column":16},"end":{"line":402,"column":null}},"line":402},"30":{"name":"(anonymous_30)","decl":{"start":{"line":415,"column":8},"end":{"line":415,"column":38}},"loc":{"start":{"line":415,"column":38},"end":{"line":423,"column":null}},"line":415},"31":{"name":"(anonymous_31)","decl":{"start":{"line":426,"column":8},"end":{"line":426,"column":37}},"loc":{"start":{"line":426,"column":69},"end":{"line":439,"column":null}},"line":426},"32":{"name":"(anonymous_32)","decl":{"start":{"line":475,"column":14},"end":{"line":475,"column":30}},"loc":{"start":{"line":476,"column":16},"end":{"line":476,"column":58}},"line":476},"33":{"name":"(anonymous_33)","decl":{"start":{"line":498,"column":18},"end":{"line":498,"column":33}},"loc":{"start":{"line":498,"column":33},"end":{"line":498,"column":61}},"line":498},"34":{"name":"(anonymous_34)","decl":{"start":{"line":528,"column":14},"end":{"line":528,"column":29}},"loc":{"start":{"line":528,"column":39},"end":{"line":528,"column":67}},"line":528}},"branchMap":{"0":{"loc":{"start":{"line":132,"column":17},"end":{"line":136,"column":null}},"type":"cond-expr","locations":[{"start":{"line":133,"column":18},"end":{"line":136,"column":null}},{"start":{"line":136,"column":20},"end":{"line":136,"column":null}}],"line":132},"1":{"loc":{"start":{"line":284,"column":14},"end":{"line":286,"column":null}},"type":"cond-expr","locations":[{"start":{"line":285,"column":18},"end":{"line":285,"column":null}},{"start":{"line":286,"column":18},"end":{"line":286,"column":null}}],"line":284},"2":{"loc":{"start":{"line":306,"column":2},"end":{"line":306,"column":null}},"type":"default-arg","locations":[{"start":{"line":306,"column":14},"end":{"line":306,"column":null}}],"line":306},"3":{"loc":{"start":{"line":307,"column":2},"end":{"line":307,"column":null}},"type":"default-arg","locations":[{"start":{"line":307,"column":17},"end":{"line":307,"column":null}}],"line":307},"4":{"loc":{"start":{"line":311,"column":25},"end":{"line":311,"column":null}},"type":"binary-expr","locations":[{"start":{"line":311,"column":25},"end":{"line":311,"column":42}},{"start":{"line":311,"column":42},"end":{"line":311,"column":null}}],"line":311},"5":{"loc":{"start":{"line":343,"column":4},"end":{"line":344,"column":null}},"type":"if","locations":[{"start":{"line":343,"column":4},"end":{"line":344,"column":null}},{"start":{},"end":{}}],"line":343},"6":{"loc":{"start":{"line":357,"column":6},"end":{"line":359,"column":null}},"type":"binary-expr","locations":[{"start":{"line":357,"column":6},"end":{"line":358,"column":null}},{"start":{"line":359,"column":11},"end":{"line":359,"column":null}}],"line":357},"7":{"loc":{"start":{"line":364,"column":4},"end":{"line":365,"column":null}},"type":"if","locations":[{"start":{"line":364,"column":4},"end":{"line":365,"column":null}},{"start":{},"end":{}}],"line":364},"8":{"loc":{"start":{"line":391,"column":8},"end":{"line":393,"column":null}},"type":"cond-expr","locations":[{"start":{"line":392,"column":12},"end":{"line":392,"column":null}},{"start":{"line":393,"column":12},"end":{"line":393,"column":null}}],"line":391},"9":{"loc":{"start":{"line":405,"column":4},"
[...]
ll}},"loc":{"start":{"line":63,"column":24},"end":{"line":64,"column":48}},"line":63},"5":{"name":"(anonymous_5)","decl":{"start":{"line":68,"column":8},"end":{"line":68,"column":28}},"loc":{"start":{"line":68,"column":73},"end":{"line":76,"column":null}},"line":68},"6":{"name":"(anonymous_6)","decl":{"start":{"line":94,"column":31},"end":{"line":94,"column":36}},"loc":{"start":{"line":95,"column":14},"end":{"line":124,"column":null}},"line":95},"7":{"name":"(anonymous_7)","decl":{"start":{"line":137,"column":20},"end":{"line":137,"column":31}},"loc":{"start":{"line":137,"column":41},"end":{"line":137,"column":75}},"line":137},"8":{"name":"(anonymous_8)","decl":{"start":{"line":174,"column":37},"end":{"line":174,"column":42}},"loc":{"start":{"line":175,"column":24},"end":{"line":208,"column":null}},"line":175},"9":{"name":"(anonymous_9)","decl":{"start":{"line":214,"column":33},"end":{"line":214,"column":38}},"loc":{"start":{"line":215,"column":20},"end":{"line":258,"column":null}},"line":215},"10":{"name":"(anonymous_10)","decl":{"start":{"line":271,"column":34},"end":{"line":271,"column":39}},"loc":{"start":{"line":272,"column":16},"end":{"line":283,"column":null}},"line":272}},"branchMap":{"0":{"loc":{"start":{"line":52,"column":2},"end":{"line":52,"column":null}},"type":"default-arg","locations":[{"start":{"line":52,"column":17},"end":{"line":52,"column":null}}],"line":52},"1":{"loc":{"start":{"line":53,"column":2},"end":{"line":53,"column":null}},"type":"default-arg","locations":[{"start":{"line":53,"column":14},"end":{"line":53,"column":null}}],"line":53},"2":{"loc":{"start":{"line":54,"column":2},"end":{"line":54,"column":null}},"type":"default-arg","locations":[{"start":{"line":54,"column":17},"end":{"line":54,"column":null}}],"line":54},"3":{"loc":{"start":{"line":69,"column":4},"end":{"line":71,"column":null}},"type":"if","locations":[{"start":{"line":69,"column":4},"end":{"line":71,"column":null}},{"start":{},"end":{}}],"line":69},"4":{"loc":{"start":{"line":81,"column":7},"end":{"line":88,"column":null}},"type":"cond-expr","locations":[{"start":{"line":82,"column":8},"end":{"line":88,"column":null}},{"start":{"line":88,"column":10},"end":{"line":88,"column":null}}],"line":81},"5":{"loc":{"start":{"line":89,"column":7},"end":{"line":294,"column":null}},"type":"cond-expr","locations":[{"start":{"line":90,"column":8},"end":{"line":92,"column":null}},{"start":{"line":92,"column":8},"end":{"line":294,"column":null}}],"line":89},"6":{"loc":{"start":{"line":152,"column":13},"end":{"line":158,"column":null}},"type":"cond-expr","locations":[{"start":{"line":153,"column":14},"end":{"line":158,"column":null}},{"start":{"line":158,"column":16},"end":{"line":158,"column":null}}],"line":152},"7":{"loc":{"start":{"line":159,"column":13},"end":{"line":262,"column":null}},"type":"cond-expr","locations":[{"start":{"line":160,"column":14},"end":{"line":261,"column":null}},{"start":{"line":262,"column":16},"end":{"line":262,"column":null}}],"line":159},"8":{"loc":{"start":{"line":277,"column":20},"end":{"line":279,"column":null}},"type":"cond-expr","locations":[{"start":{"line":278,"column":24},"end":{"line":278,"column":null}},{"start":{"line":279,"column":24},"end":{"line":279,"column":null}}],"line":277}},"s":{"0":16,"1":0,"2":0,"3":1,"4":1,"5":1,"6":1,"7":1,"8":1,"9":1,"10":1,"11":0,"12":1,"13":3,"14":0,"15":8,"16":8,"17":6},"f":{"0":16,"1":0,"2":0,"3":1,"4":1,"5":1,"6":3,"7":0,"8":8,"9":8,"10":6},"b":{"0":[1],"1":[1],"2":[1],"3":[1,0],"4":[0,1],"5":[0,1],"6":[0,1],"7":[1,0],"8":[1,5]},"meta":{"lastBranch":9,"lastFunction":11,"lastStatement":18,"seen":{"f:21:9:21:20":0,"s:22:2:29:Infinity":0,"f:33:9:33:27":1,"s:34:2:47:Infinity":1,"f:37:35:37:40":2,"s:38:10:41:Infinity":2,"f:51:24:51:30":3,"b:52:17:52:Infinity":0,"b:53:14:53:Infinity":1,"b:54:17:54:Infinity":2,"s:60:22:60:52":3,"s:61:8:61:32":4,"s:63:8:65:Infinity":5,"f:63:24:63:Infinity":4,"s:63:24:64:48":6,"s:68:8:76:Infinity":7,"f:68:8:68:28":5,"b:69:4:71:Infinity:undefined:undefined:undefined:undefined":3,"s:69:4:71:Infinity":8,"s:70:6:70:Infinity":9,"s:71:6:71:Infinity":10,"s:74:4:76:Infinity":11,"s:79:2:294:Infinity":12,"b:82:8:88:Infinity:88:10:88:Infinity":4,"b:90:8:92:Infinity:92:8:294:Infinity":5,"f:94:31:94:36":6,"s:95:14:124:Infinity":13,"f:137:20:137:31":7,"s:137:41:137:75":14,"b:153:14:158:Infinity:158:16:158:Infinity":6,"b:160:14:261:Infinity:262:16:262:Infinity":7,"f:174:37:174:42":8,"s:175:24:208:Infinity":15,"f:214:33:214:38":9,"s:215:20:258:Infinity":16,"f:271:34:271:39":10,"s:272:16:283:Infinity":17,"b:278:24:278:Infinity:279:24:279:Infinity":8}}}
,"C:\\Users\\hp\\Desktop\\Work\\Assignment\\aidSprint-app\\admin-aidSprint-app\\src\\components\\dashboard\\users\\users.utils.ts": {"path":"C:\\Users\\hp\\Desktop\\Work\\Assignment\\aidSprint-app\\admin-aidSprint-app\\src\\components\\dashboard\\users\\users.utils.ts","statementMap":{"0":{"start":{"line":4,"column":26},"end":{"line":4,"column":52}},"1":{"start":{"line":6,"column":2},"end":{"line":7,"column":null}},"2":{"start":{"line":7,"column":4},"end":{"line":7,"column":null}},"3":{"start":{"line":10,"column":2},"end":{"line":22,"column":null}},"4":{"start":{"line":11,"column":4},"end":{"line":21,"column":32}},"5":{"start":{"line":26,"column":2},"end":{"line":28,"column":null}}},"fnMap":{"0":{"name":"filterUsers","decl":{"start":{"line":3,"column":16},"end":{"line":3,"column":28}},"loc":{"start":{"line":3,"column":64},"end":{"line":22,"column":null}},"line":3},"1":{"name":"(anonymous_1)","decl":{"start":{"line":10,"column":15},"end":{"line":10,"column":23}},"loc":{"start":{"line":11,"column":4},"end":{"line":21,"column":32}},"line":11},"2":{"name":"getStatusPillClasses","decl":{"start":{"line":25,"column":16},"end":{"line":25,"column":37}},"loc":{"start":{"line":25,"column":57},"end":{"line":28,"column":null}},"line":25}},"branchMap":{"0":{"loc":{"start":{"line":6,"column":2},"end":{"line":7,"column":null}},"type":"if","locations":[{"start":{"line":6,"column":2},"end":{"line":7,"column":null}},{"start":{},"end":{}}],"line":6},"1":{"loc":{"start":{"line":26,"column":9},"end":{"line":28,"column":null}},"type":"cond-expr","locations":[{"start":{"line":27,"column":6},"end":{"line":27,"column":null}},{"start":{"line":28,"column":6},"end":{"line":28,"column":null}}],"line":26}},"s":{"0":1,"1":1,"2":1,"3":0,"4":0,"5":42},"f":{"0":1,"1":0,"2":42},"b":{"0":[1,0],"1":[35,7]},"meta":{"lastBranch":2,"lastFunction":3,"lastStatement":6,"seen":{"f:3:16:3:28":0,"s:4:26:4:52":0,"b:6:2:7:Infinity:undefined:undefined:undefined:undefined":0,"s:6:2:7:Infinity":1,"s:7:4:7:Infinity":2,"s:10:2:22:Infinity":3,"f:10:15:10:23":1,"s:11:4:21:32":4,"f:25:16:25:37":2,"s:26:2:28:Infinity":5,"b:27:6:27:Infinity:28:6:28:Infinity":1}}}
,"C:\\Users\\hp\\Desktop\\Work\\Assignment\\aidSprint-app\\admin-aidSprint-app\\src\\components\\ui\\dialog.tsx": {"path":"C:\\Users\\hp\\Desktop\\Work\\Assignment\\aidSprint-app\\admin-aidSprint-app\\src\\components\\ui\\dialog.tsx","statementMap":{"0":{"start":{"line":7,"column":15},"end":{"line":7,"column":null}},"1":{"start":{"line":9,"column":22},"end":{"line":9,"column":null}},"2":{"start":{"line":11,"column":21},"end":{"line":11,"column":null}},"3":{"start":{"line":13,"column":20},"end":{"line":13,"column":null}},"4":{"start":{"line":15,"column":22},"end":{"line":27,"column":null}},"5":{"start":{"line":19,"column":2},"end":{"line":27,"column":null}},"6":{"start":{"line":28,"column":0},"end":{"line":28,"column":null}},"7":{"start":{"line":30,"column":22},"end":{"line":51,"column":null}},"8":{"start":{"line":34,"column":2},"end":{"line":51,"column":null}},"9":{"start":{"line":52,"column":0},"end":{"line":52,"column":null}},"10":{"start":{"line":54,"column":6},"end":{"line":64,"column":null}},"11":{"start":{"line":58,"column":2},"end":{"line":64,"column":null}},"12":{"start":{"line":66,"column":0},"end":{"line":66,"column":null}},"13":{"start":{"line":68,"column":6},"end":{"line":78,"column":null}},"14":{"start":{"line":72,"column":2},"end":{"line":78,"column":null}},"15":{"start":{"line":80,"column":0},"end":{"line":80,"column":null}},"16":{"start":{"line":82,"column":20},"end":{"line":94,"column":null}},"17":{"start":{"line":86,"column":2},"end":{"line":94,"column":null}},"18":{"start":{"line":95,"column":0},"end":{"line":95,"column":null}},"19":{"start":{"line":97,"column":26},"end":{"line":106,"column":null}},"20":{"start":{"line":101,"column":2},"end":{"line":106,"column":null}},"21":{"start":{"line":107,"column":0},"end":{"line":107,"column":null}}},"fnMap":{"0":{"name":"(anonymous_0)","decl":{"start":{"line":15,"column":28},"end":{"line":15,"column":null}},"loc":{"start":{"line":19,"column":2},"end":{"line":27,"column":null}},"line":19},"1":{"name":"(anonymous_1)","decl":{"start":{"line":30,"column":28},"end":{"line":30,"column":null}},"loc":{"start":{"line":34,"column":2},"end":{"line":51,"column":null}},"line":34},"2":{"name":"(anonymous_2)","decl":{"start":{"line":54,"column":6},"end":{"line":54,"column":22}},"loc":{"start":{"line":58,"column":2},"end":{"line":64,"column":null}},"line":58},"3":{"name":"(anonymous_3)","decl":{"start":{"line":68,"column":6},"end":{"line":68,"column":22}},"loc":{"start":{"line":72,"column":2},"end":{"line":78,"column":null}},"line":72},"4":{"name":"(anonymous_4)","decl":{"start":{"line":82,"column":26},"end":{"line":82,"column":null}},"loc":{"start":{"line":86,"column":2},"end":{"line":94,"column":null}},"line":86},"5":{"name":"(anonymous_5)","decl":{"start":{"line":97,"column":32},"end":{"line":97,"column":null}},"loc":{"start":{"line":101,"column":2},"end":{"line":106,"column":null}},"line":101}},"branchMap":{},"s":{"0":1,"1":1,"2":1,"3":1,"4":1,"5":20,"6":1,"7":1,"8":80,"9":1,"10":1,"11":7,"12":1,"13":1,"14":0,"15":1,"16":1,"17":13,"18":1,"19":1,"20":9,"21":1},"f":{"0":20,"1":80,"2":7,"3":0,"4":13,"5":9},"b":{},"meta":{"lastBranch":0,"lastFunction":6,"lastStatement":22,"seen":{"s:7:15:7:Infinity":0,"s:9:22:9:Infinity":1,"s:11:21:11:Infinity":2,"s:13:20:13:Infinity":3,"s:15:22:27:Infinity":4,"f:15:28:15:Infinity":0,"s:19:2:27:Infinity":5,"s:28:0:28:Infinity":6,"s:30:22:51:Infinity":7,"f:30:28:30:Infinity":1,"s:34:2:51:Infinity":8,"s:52:0:52:Infinity":9,"s:54:6:64:Infinity":10,"f:54:6:54:22":2,"s:58:2:64:Infinity":11,"s:66:0:66:Infinity":12,"s:68:6:78:Infinity":13,"f:68:6:68:22":3,"s:72:2:78:Infinity":14,"s:80:0:80:Infinity":15,"s:82:20:94:Infinity":16,"f:82:26:82:Infinity":4,"s:86:2:94:Infinity":17,"s:95:0:95:Infinity":18,"s:97:26:106:Infinity":19,"f:97:32:97:Infinity":5,"s:101:2:106:Infinity":20,"s:107:0:107:Infinity":21}}}
,"C:\\Users\\hp\\Desktop\\Work\\Assignment\\aidSprint-app\\admin-aidSprint-app\\src\\components\\ui\\dropdown-menu.tsx": {"path":"C:\\Users\\hp\\Desktop\\Work\\Assignment\\aidSprint-app\\admin-aidSprint-app\\src\\components\\ui\\dropdown-menu.tsx","statementMap":{"0":{"start":{"line":7,"column":21},"end":{"line":7,"column":null}},"1":{"start":{"line":9,"column":28},"end":{"line":9,"column":null}},"2":{"start":{"line":11,"column":26},"end":{"line":11,"column":null}},"3":{"start":{"line":13,"column":27},"end":{"line":13,"column":null}},"4":{"start":{"line":15,"column":24},"end":{"line":15,"column":null}},"5":{"start":{"line":17,"column":31},"end":{"line":17,"column":null}},"6":{"start":{"line":19,"column":31},"end":{"line":37,"column":null}},"7":{"start":{"line":25,"column":2},"end":{"line":37,"column":null}},"8":{"start":{"line":38,"column":0},"end":{"line":39,"column":null}},"9":{"start":{"line":41,"column":31},"end":{"line":53,"column":null}},"10":{"start":{"line":45,"column":2},"end":{"line":53,"column":null}},"11":{"start":{"line":54,"column":0},"end":{"line":55,"column":null}},"12":{"start":{"line":57,"column":28},"end":{"line":72,"column":null}},"13":{"start":{"line":61,"column":2},"end":{"line":72,"column":null}},"14":{"start":{"line":73,"column":0},"end":{"line":73,"column":null}},"15":{"start":{"line":75,"column":25},"end":{"line":90,"column":null}},"16":{"start":{"line":81,"column":2},"end":{"line":90,"column":null}},"17":{"start":{"line":91,"column":0},"end":{"line":91,"column":null}},"18":{"start":{"line":93,"column":33},"end":{"line":113,"column":null}},"19":{"start":{"line":97,"column":2},"end":{"line":113,"column":null}},"20":{"start":{"line":114,"column":0},"end":{"line":115,"column":null}},"21":{"start":{"line":117,"column":30},"end":{"line":136,"column":null}},"22":{"start":{"line":121,"column":2},"end":{"line":136,"column":null}},"23":{"start":{"line":137,"column":0},"end":{"line":137,"column":null}},"24":{"start":{"line":139,"column":26},"end":{"line":154,"column":null}},"25":{"start":{"line":145,"column":2},"end":{"line":154,"column":null}},"26":{"start":{"line":155,"column":0},"end":{"line":155,"column":null}},"27":{"start":{"line":157,"column":30},"end":{"line":166,"column":null}},"28":{"start":{"line":161,"column":2},"end":{"line":166,"column":null}},"29":{"start":{"line":167,"column":0},"end":{"line":167,"column":null}},"30":{"start":{"line":169,"column":6},"end":{"line":177,"column":null}},"31":{"start":{"line":173,"column":2},"end":{"line":177,"column":null}},"32":{"start":{"line":180,"column":0},"end":{"line":180,"column":null}}},"fnMap":{"0":{"name":"(anonymous_0)","decl":{"start":{"line":19,"column":37},"end":{"line":19,"column":null}},"loc":{"start":{"line":25,"column":2},"end":{"line":37,"column":null}},"line":25},"1":{"name":"(anonymous_1)","decl":{"start":{"line":41,"column":37},"end":{"line":41,"column":null}},"loc":{"start":{"line":45,"column":2},"end":{"line":53,"column":null}},"line":45},"2":{"name":"(anonymous_2)","decl":{"start":{"line":57,"column":34},"end":{"line":57,"column":null}},"loc":{"start":{"line":61,"column":2},"end":{"line":72,"column":null}},"line":61},"3":{"name":"(anonymous_3)","decl":{"start":{"line":75,"column":31},"end":{"line":75,"column":null}},"loc":{"start":{"line":81,"column":2},"end":{"line":90,"column":null}},"line":81},"4":{"name":"(anonymous_4)","decl":{"start":{"line":93,"column":39},"end":{"line":93,"column":null}},"loc":{"start":{"line":97,"column":2},"end":{"line":113,"column":null}},"line":97},"5":{"name":"(anonymous_5)","decl":{"start":{"line":117,"column":36},"end":{"line":117,"column":null}},"loc":{"start":{"line":121,"column":2},"end":{"line":136,"column":null}},"line":121},"6":{"name":"(anonymous_6)","decl":{"start":{"line":139,"column":32},"end":{"line":139,"column":null}},"loc":{"start":{"line":145,"column":2},"end":{"line":154,"column":null}},"line":145},"7":{"name":"(anonymous_7)","decl":{"start":{"line":157,"column":36},"end":{"line":157,"column":null}},"loc":{"start":{"line":161,"column":2},"end":{"line":166,"column":null}},"line":161},"8":{"name":"(anonymous_8)","decl":{"start":{"line":169,"column":6},"end":{"line":169,"column":30}},"loc":{"start":{"line":172,"column":45},"end":{"line":177,"column":null}},"line":172}},"branchMap":{"0":{"loc":{"start":{"line":29,"column":6},"end":{"line":29,"column":null}},"type":"binary-expr","locations":[{"start":{"line":29,"column":6},"end":{"line":29,"column":15}},{"start":{"line":29,"column":15},"end":{"line":29,"column":null}}],"line":29},"1":{"loc":{"start":{"line":60,"column":16},"end":{"line":60,"column":32}},"type":"default-arg","locations":[{"start":{"line":60,"column":29},"end":{"line":60,"column":32}}],"line":60},"2":{"loc":{"start":{"line":85,"column":6},"end":{"line":85,"column":null}},"type":"binary-expr","locations":[{"start":{"line":85,"column":6},"end":{"line":85,"column":15}},{"start":{"line":85,"column":15},"end":{"line":85,"column":null}}],"line":85},"3":{"loc":{"start":{"line":149,"column":6},"end":{"line":149,"column":null}},"type":"binary-expr","locations":[{"start":{"line":149,"column":6},"end":{"line":149,"column":15}},{"start":{"line":149,"column":15},"end":{"line":149,"column":null}}],"line":149}},"s":{"0":1,"1":1,"2":1,"3":1,"4":1,"5":1,"6":1,"7":0,"8":1,"9":1,"10":0,"11":1,"12":1,"13":20,"14":1,"15":1,"16":9,"17":1,"18":1,"19":0,"20":1,"21":1,"22":0,"23":1,"24":1,"25":0,"26":1,"27":1,"28":2,"29":1,"30":1,"31":0,"32":1},"f":{"0":0,"1":0,"2":20,"3":9,"4":0,"5":0,"6":0,"7":2,"8":0},"b":{"0":[0,0],"1":[20],"2":[9,0],"3":[0,0]},"meta":{"lastBranch":4,"lastFunction":9,"lastStatement":33,"seen":{"s:7:21:7:Infinity":0,"s:9:28:9:Infinity":1,"s:11:26:11:Infinity":2,"s:13:27:13:Infinity":3,"s:15:24:15:Infinity":4,"s:17:31:17:Infinity":5,"s:19:31:37:Infinity":6,"f:19:37:19:Infinity":0,"s:25:2:37:Infinity":7,"b:29:6:29:15:29:15:29:Infinity":0,"s:38:0:39:Infinity":8,"s:41:31:53:Infinity":9,"f:41:37:41:Infinity":1,"s:45:2:53:Infinity":10,"s:54:0:55:Infinity":11,"s:57:28:72:Infinity":12,"f:57:34:57:Infinity":2,"s:61:2:72:Infinity":13,"b:60:29:60:32":1,"s:73:0:73:Infinity":14,"s:75:25:90:Infinity":15,"f:75:31:75:Infinity":3,"s:81:2:90:Infinity":16,"b:85:6:85:15:85:15:85:Infinity":2,"s:91:0:91:Infinity":17,"s:93:33:113:Infinity":18,"f:93:39:93:Infinity":4,"s:97:2:113:Infinity":19,"s:114:0:115:Infinity":20,"s:117:30:136:Infinity":21,"f:117:36:117:Infinity":5,"s:121:2:136:Infinity":22,"s:137:0:137:Infinity":23,"s:139:26:154:Infinity":24,"f:139:32:139:Infinity":6,"s:145:2:154:Infinity":25,"b:149:6:149:15:149:15:149:Infinity":3,"s:155:0:155:Infinity":26,"s:157:30:166:Infinity":27,"f:157:36:157:Infinity":7,"s:161:2:166:Infinity":28,"s:167:0:167:Infinity":29,"s:169:6:177:Infinity":30,"f:169:6:169:30":8,"s:173:2:177:Infinity":31,"s:180:0:180:Infinity":32}}}
,"C:\\Users\\hp\\Desktop\\Work\\Assignment\\aidSprint-app\\admin-aidSprint-app\\src\\components\\ui\\tabs.tsx": {"path":"C:\\Users\\hp\\Desktop\\Work\\Assignment\\aidSprint-app\\admin-aidSprint-app\\src\\components\\ui\\tabs.tsx","statementMap":{"0":{"start":{"line":6,"column":13},"end":{"line":6,"column":null}},"1":{"start":{"line":8,"column":17},"end":{"line":20,"column":null}},"2":{"start":{"line":12,"column":2},"end":{"line":20,"column":null}},"3":{"start":{"line":21,"column":0},"end":{"line":21,"column":null}},"4":{"start":{"line":23,"column":20},"end":{"line":35,"column":null}},"5":{"start":{"line":27,"column":2},"end":{"line":35,"column":null}},"6":{"start":{"line":36,"column":0},"end":{"line":36,"column":null}},"7":{"start":{"line":38,"column":20},"end":{"line":50,"column":null}},"8":{"start":{"line":42,"column":2},"end":{"line":50,"column":null}},"9":{"start":{"line":51,"column":0},"end":{"line":51,"column":null}}},"fnMap":{"0":{"name":"(anonymous_0)","decl":{"start":{"line":8,"column":23},"end":{"line":8,"column":null}},"loc":{"start":{"line":12,"column":2},"end":{"line":20,"column":null}},"line":12},"1":{"name":"(anonymous_1)","decl":{"start":{"line":23,"column":26},"end":{"line":23,"column":null}},"loc":{"start":{"line":27,"column":2},"end":{"line":35,"column":null}},"line":27},"2":{"name":"(anonymous_2)","decl":{"start":{"line":38,"column":26},"end":{"line":38,"column":null}},"loc":{"start":{"line":42,"column":2},"end":{"line":50,"column":null}},"line":42}},"branchMap":{},"s":{"0":1,"1":1,"2":26,"3":1,"4":1,"5":52,"6":1,"7":1,"8":52,"9":1},"f":{"0":26,"1":52,"2":52},"b":{},"meta":{"lastBranch":0,"lastFunction":3,"lastStatement":10,"seen":{"s:6:13:6:Infinity":0,"s:8:17:20:Infinity":1,"f:8:23:8:Infinity":0,"s:12:2:20:Infinity":2,"s:21:0:21:Infinity":3,"s:23:20:35:Infinity":4,"f:23:26:23:Infinity":1,"s:27:2:35:Infinity":5,"s:36:0:36:Infinity":6,"s:38:20:50:Infinity":7,"f:38:26:38:Infinity":2,"s:42:2:50:Infinity":8,"s:51:0:51:Infinity":9}}}
,"C:\\Users\\hp\\Desktop\\Work\\Assignment\\aidSprint-app\\admin-aidSprint-app\\src\\lib\\utils.ts": {"path":"C:\\Users\\hp\\Desktop\\Work\\Assignment\\aidSprint-app\\admin-aidSprint-app\\src\\lib\\utils.ts","statementMap":{"0":{"start":{"line":5,"column":2},"end":{"line":5,"column":null}}},"fnMap":{"0":{"name":"cn","decl":{"start":{"line":4,"column":16},"end":{"line":4,"column":19}},"loc":{"start":{"line":4,"column":44},"end":{"line":5,"column":null}},"line":4}},"branchMap":{},"s":{"0":343},"f":{"0":343},"b":{},"meta":{"lastBranch":0,"lastFunction":1,"lastStatement":1,"seen":{"f:4:16:4:19":0,"s:5:2:5:Infinity":0}}}
}
